Parsed config settings:
LightTagSystematic = 0
BTagSystematic = 0
PUFile = PileUp_2012_69300_truth_finebin.root
JetSmearingSystematic = 0
custom_file_suffix = 
pdfWeightNumber = 0
JESsystematic = 0
Using set-up for nTuple version 9
Using set-up for center of mass energy = 8
Loading configuration...
Using config-file 'BristolAnalysis/Tools/python/master_2012_cfg.py
Using Dataset info file:  'BristolAnalysis/Tools/python/DataSetInfo_8TeV.py
Using pileup-file 'BristolAnalysis/Tools/data/PileUp_2012_69300_truth_finebin.root
Using L7 jet energy corrections: BristolAnalysis/Tools/data/bJetReso.root, BristolAnalysis/Tools/data/lightJetReso.root
Maximal number of events to be processed: all available.
Scaling to luminosity 19584pb-1
Time to read configuration: 0.13s
130819 19:42:48 001 Xrd: GoToAnotherServer: Going to: dc2-grid-pool-a4-03.brunel.ac.uk:1095
130819 19:42:50 001 Xrd: GoToAnotherServer: Going to: dc2-grid-pool-00.brunel.ac.uk:1095
130819 19:42:53 001 Xrd: GoToAnotherServer: Going to: dc2-grid-pool-00.brunel.ac.uk:1095
130819 19:42:55 001 Xrd: GoToAnotherServer: Going to: dc2-grid-pool-a4-03.brunel.ac.uk:1095
130819 19:42:56 001 Xrd: GoToAnotherServer: Going to: dc2-grid-05.brunel.ac.uk:1095
130819 19:42:56 001 Xrd: GoToAnotherServer: Going to: dc2-grid-pool-00.brunel.ac.uk:1095
130819 19:42:57 001 Xrd: GoToAnotherServer: Going to: dc2-grid-03.brunel.ac.uk:1095
130819 19:42:59 001 Xrd: GoToAnotherServer: Going to: dc2-grid-pool-00.brunel.ac.uk:1095
130819 19:43:02 001 Xrd: GoToAnotherServer: Going to: dc2-grid-04.brunel.ac.uk:1095
130819 19:43:02 001 Xrd: GoToAnotherServer: Going to: dc2-grid-pool-00.brunel.ac.uk:1095
130819 19:43:03 001 Xrd: GoToAnotherServer: Going to: dc2-grid-pool-a4-05.brunel.ac.uk:1095
130819 19:43:06 001 Xrd: GoToAnotherServer: Going to: dc2-grid-03.brunel.ac.uk:1095
130819 19:43:11 001 Xrd: GoToAnotherServer: Going to: dc2-grid-04.brunel.ac.uk:1095
130819 19:43:11 001 Xrd: GoToAnotherServer: Going to: dc2-grid-04.brunel.ac.uk:1095
130819 19:43:12 001 Xrd: GoToAnotherServer: Going to: dc2-grid-05.brunel.ac.uk:1095
130819 19:43:13 001 Xrd: GoToAnotherServer: Going to: dc2-grid-pool-a4-01.brunel.ac.uk:1095
130819 19:43:19 001 Xrd: GoToAnotherServer: Going to: dc2-grid-pool-00.brunel.ac.uk:1095
130819 19:43:19 001 Xrd: GoToAnotherServer: Going to: dc2-grid-04.brunel.ac.uk:1095
130819 19:43:20 001 Xrd: GoToAnotherServer: Going to: dc2-grid-pool-00.brunel.ac.uk:1095
130819 19:43:21 001 Xrd: GoToAnotherServer: Going to: dc2-grid-05.brunel.ac.uk:1095
130819 19:43:26 001 Xrd: GoToAnotherServer: Going to: dc2-grid-pool-00.brunel.ac.uk:1095
130819 19:43:34 001 Xrd: GoToAnotherServer: Going to: dc2-grid-pool-a4-04.brunel.ac.uk:1095
130819 19:43:36 001 Xrd: GoToAnotherServer: Going to: dc2-grid-04.brunel.ac.uk:1095
130819 19:43:37 001 Xrd: GoToAnotherServer: Going to: dc2-grid-pool-a4-03.brunel.ac.uk:1095
130819 19:43:38 001 Xrd: GoToAnotherServer: Going to: dc2-grid-pool-a4-06.brunel.ac.uk:1095
130819 19:43:39 001 Xrd: GoToAnotherServer: Going to: dc2-grid-pool-a4-03.brunel.ac.uk:1095
130819 19:43:40 001 Xrd: GoToAnotherServer: Going to: dc2-grid-03.brunel.ac.uk:1095
130819 19:43:44 001 Xrd: GoToAnotherServer: Going to: dc2-grid-pool-a1-07.brunel.ac.uk:1095
130819 19:43:46 001 Xrd: GoToAnotherServer: Going to: dc2-grid-02.brunel.ac.uk:1095
130819 19:43:48 001 Xrd: GoToAnotherServer: Going to: dc2-grid-04.brunel.ac.uk:1095
130819 19:43:51 001 Xrd: GoToAnotherServer: Going to: dc2-grid-05.brunel.ac.uk:1095
130819 19:43:52 001 Xrd: GoToAnotherServer: Going to: dc2-grid-pool-00.brunel.ac.uk:1095
130819 19:43:54 001 Xrd: GoToAnotherServer: Going to: dc2-grid-pool-00.brunel.ac.uk:1095
130819 19:43:55 001 Xrd: GoToAnotherServer: Going to: dc2-grid-04.brunel.ac.uk:1095
130819 19:43:56 001 Xrd: GoToAnotherServer: Going to: dc2-grid-04.brunel.ac.uk:1095
130819 19:44:00 001 Xrd: GoToAnotherServer: Going to: dc2-grid-pool-00.brunel.ac.uk:1095
130819 19:44:01 001 Xrd: GoToAnotherServer: Going to: dc2-grid-pool-a1-06.brunel.ac.uk:1095
130819 19:44:02 001 Xrd: GoToAnotherServer: Going to: dc2-grid-pool-a4-01.brunel.ac.uk:1095
130819 19:44:03 001 Xrd: GoToAnotherServer: Going to: dc2-grid-05.brunel.ac.uk:1095
130819 19:44:08 001 Xrd: GoToAnotherServer: Going to: dc2-grid-04.brunel.ac.uk:1095
130819 19:44:09 001 Xrd: GoToAnotherServer: Going to: dc2-grid-04.brunel.ac.uk:1095
130819 19:44:11 001 Xrd: GoToAnotherServer: Going to: dc2-grid-pool-a4-07.brunel.ac.uk:1095
130819 19:44:12 001 Xrd: GoToAnotherServer: Going to: dc2-grid-pool-a4-03.brunel.ac.uk:1095
130819 19:44:14 001 Xrd: GoToAnotherServer: Going to: dc2-grid-pool-00.brunel.ac.uk:1095
130819 19:44:15 001 Xrd: GoToAnotherServer: Going to: dc2-grid-pool-a4-02.brunel.ac.uk:1095
130819 19:44:18 001 Xrd: GoToAnotherServer: Going to: dc2-grid-04.brunel.ac.uk:1095
130819 19:44:18 001 Xrd: GoToAnotherServer: Going to: dc2-grid-pool-a4-05.brunel.ac.uk:1095
130819 19:44:20 001 Xrd: GoToAnotherServer: Going to: dc2-grid-pool-a1-07.brunel.ac.uk:1095
130819 19:44:21 001 Xrd: GoToAnotherServer: Going to: dc2-grid-04.brunel.ac.uk:1095
130819 19:44:24 001 Xrd: GoToAnotherServer: Going to: dc2-grid-pool-a4-06.brunel.ac.uk:1095
130819 19:44:24 001 Xrd: GoToAnotherServer: Going to: dc2-grid-pool-00.brunel.ac.uk:1095
Time to prepare analysis: 0.79s
starting analysis
Number of histograms added by eventcountAnalyser: 12
Number of histograms added by ttbardileptonAnalyser: 2118
Number of histograms added by ttbarphotonAnalyser: 2118
Total number of histograms: 4248
detected samples:
QCD_Pt_80_170_BCtoE
130819 19:44:25 001 Xrd: GoToAnotherServer: Going to: dc2-grid-pool-a4-03.brunel.ac.uk:1095
Analysing event no 1, sample: QCD_Pt_80_170_BCtoE
File: root://dc2-grid-64.brunel.ac.uk//dpm/brunel.ac.uk/home/cms/store/user/phy6phs/QCD_Pt_80_170_BCtoE_TuneZ2star_8TeV_pythia6_Summer12_DR53X-PU_S10_START53_V7A-v1_AODSIM_nTuple_v10_diLeptonPlus2Jets_final/QCD_Pt_80_170_BCtoE_nTuple_53X_mc_10_1_4of.root
130819 19:44:28 001 Xrd: GoToAnotherServer: Going to: dc2-grid-pool-00.brunel.ac.uk:1095
130819 19:44:30 001 Xrd: GoToAnotherServer: Going to: dc2-grid-pool-00.brunel.ac.uk:1095
130819 19:44:31 001 Xrd: GoToAnotherServer: Going to: dc2-grid-pool-a4-03.brunel.ac.uk:1095
130819 19:44:34 001 Xrd: GoToAnotherServer: Going to: dc2-grid-05.brunel.ac.uk:1095
130819 19:44:38 001 Xrd: GoToAnotherServer: Going to: dc2-grid-pool-00.brunel.ac.uk:1095
130819 19:44:39 001 Xrd: GoToAnotherServer: Going to: dc2-grid-03.brunel.ac.uk:1095
130819 19:44:42 001 Xrd: GoToAnotherServer: Going to: dc2-grid-pool-00.brunel.ac.uk:1095
130819 19:44:47 001 Xrd: GoToAnotherServer: Going to: dc2-grid-04.brunel.ac.uk:1095
130819 19:44:49 001 Xrd: GoToAnotherServer: Going to: dc2-grid-pool-00.brunel.ac.uk:1095
130819 19:44:51 001 Xrd: GoToAnotherServer: Going to: dc2-grid-pool-a4-05.brunel.ac.uk:1095
130819 19:44:53 001 Xrd: GoToAnotherServer: Going to: dc2-grid-03.brunel.ac.uk:1095
130819 19:44:55 001 Xrd: GoToAnotherServer: Going to: dc2-grid-04.brunel.ac.uk:1095
130819 19:44:59 001 Xrd: GoToAnotherServer: Going to: dc2-grid-04.brunel.ac.uk:1095
130819 19:45:04 001 Xrd: GoToAnotherServer: Going to: dc2-grid-05.brunel.ac.uk:1095
130819 19:45:11 001 Xrd: GoToAnotherServer: Going to: dc2-grid-pool-a4-01.brunel.ac.uk:1095
130819 19:45:17 001 Xrd: GoToAnotherServer: Going to: dc2-grid-pool-00.brunel.ac.uk:1095
130819 19:45:23 001 Xrd: GoToAnotherServer: Going to: dc2-grid-04.brunel.ac.uk:1095
130819 19:45:26 001 Xrd: GoToAnotherServer: Going to: dc2-grid-pool-00.brunel.ac.uk:1095
130819 19:45:29 001 Xrd: GoToAnotherServer: Going to: dc2-grid-05.brunel.ac.uk:1095
130819 19:45:31 001 Xrd: GoToAnotherServer: Going to: dc2-grid-pool-00.brunel.ac.uk:1095
130819 19:45:33 001 Xrd: GoToAnotherServer: Going to: dc2-grid-pool-a4-04.brunel.ac.uk:1095
130819 19:45:34 001 Xrd: GoToAnotherServer: Going to: dc2-grid-04.brunel.ac.uk:1095
130819 19:45:37 001 Xrd: GoToAnotherServer: Going to: dc2-grid-pool-a4-03.brunel.ac.uk:1095
130819 19:45:39 001 Xrd: GoToAnotherServer: Going to: dc2-grid-pool-a4-06.brunel.ac.uk:1095
130819 19:45:41 001 Xrd: GoToAnotherServer: Going to: dc2-grid-pool-a4-03.brunel.ac.uk:1095
130819 19:45:45 001 Xrd: GoToAnotherServer: Going to: dc2-grid-03.brunel.ac.uk:1095
130819 19:45:47 001 Xrd: GoToAnotherServer: Going to: dc2-grid-pool-a1-07.brunel.ac.uk:1095
130819 19:45:50 001 Xrd: GoToAnotherServer: Going to: dc2-grid-02.brunel.ac.uk:1095
130819 19:45:53 001 Xrd: GoToAnotherServer: Going to: dc2-grid-04.brunel.ac.uk:1095
130819 19:45:56 001 Xrd: GoToAnotherServer: Going to: dc2-grid-05.brunel.ac.uk:1095
130819 19:45:57 001 Xrd: GoToAnotherServer: Going to: dc2-grid-pool-00.brunel.ac.uk:1095
130819 19:45:59 001 Xrd: GoToAnotherServer: Going to: dc2-grid-pool-00.brunel.ac.uk:1095
130819 19:46:01 001 Xrd: GoToAnotherServer: Going to: dc2-grid-04.brunel.ac.uk:1095
130819 19:46:02 001 Xrd: GoToAnotherServer: Going to: dc2-grid-04.brunel.ac.uk:1095
130819 19:46:04 001 Xrd: GoToAnotherServer: Going to: dc2-grid-pool-00.brunel.ac.uk:1095
130819 19:46:06 001 Xrd: GoToAnotherServer: Going to: dc2-grid-pool-a1-06.brunel.ac.uk:1095
130819 19:46:09 001 Xrd: GoToAnotherServer: Going to: dc2-grid-pool-a4-01.brunel.ac.uk:1095
130819 19:46:11 001 Xrd: GoToAnotherServer: Going to: dc2-grid-05.brunel.ac.uk:1095
130819 19:46:14 001 Xrd: GoToAnotherServer: Going to: dc2-grid-04.brunel.ac.uk:1095
130819 19:46:15 001 Xrd: GoToAnotherServer: Going to: dc2-grid-04.brunel.ac.uk:1095
130819 19:46:18 001 Xrd: GoToAnotherServer: Going to: dc2-grid-pool-a4-07.brunel.ac.uk:1095
130819 19:46:21 001 Xrd: GoToAnotherServer: Going to: dc2-grid-pool-a4-03.brunel.ac.uk:1095
130819 19:46:23 001 Xrd: GoToAnotherServer: Going to: dc2-grid-pool-00.brunel.ac.uk:1095
130819 19:46:26 001 Xrd: GoToAnotherServer: Going to: dc2-grid-pool-a4-02.brunel.ac.uk:1095
130819 19:46:32 001 Xrd: GoToAnotherServer: Going to: dc2-grid-04.brunel.ac.uk:1095
130819 19:46:33 001 Xrd: GoToAnotherServer: Going to: dc2-grid-pool-a4-05.brunel.ac.uk:1095
130819 19:46:34 001 Xrd: GoToAnotherServer: Going to: dc2-grid-pool-a1-07.brunel.ac.uk:1095
130819 19:46:37 001 Xrd: GoToAnotherServer: Going to: dc2-grid-04.brunel.ac.uk:1095
130819 19:46:39 001 Xrd: GoToAnotherServer: Going to: dc2-grid-pool-a4-06.brunel.ac.uk:1095
130819 19:46:40 001 Xrd: GoToAnotherServer: Going to: dc2-grid-pool-00.brunel.ac.uk:1095
Number of events processed per minute: 92729.8
Real time 0:02:16, CP time 10.770
Finishing up analysis and writing histograms do disk (wait for "Analysis finished")
total number of processed events: 16645
number of events without electrons: 0
number of events with too high pileup: 0
Real time 0:00:01, CP time 1.240
==========================================================
	 	 Analysis finished
==========================================================
