Parsed config settings:
LightTagSystematic = 0
BTagSystematic = 0
PUFile = PileUp_2012_69300_truth_finebin.root
JetSmearingSystematic = 0
custom_file_suffix = 
pdfWeightNumber = 0
JESsystematic = 0
Using set-up for nTuple version 9
Using set-up for center of mass energy = 8
Loading configuration...
Using config-file 'BristolAnalysis/Tools/python/master_2012_cfg.py
Using Dataset info file:  'BristolAnalysis/Tools/python/DataSetInfo_8TeV.py
Using pileup-file 'BristolAnalysis/Tools/data/PileUp_2012_69300_truth_finebin.root
Using L7 jet energy corrections: BristolAnalysis/Tools/data/bJetReso.root, BristolAnalysis/Tools/data/lightJetReso.root
Maximal number of events to be processed: all available.
Scaling to luminosity 19584pb-1
Time to read configuration: 0.14s
130819 19:42:48 001 Xrd: GoToAnotherServer: Going to: dc2-grid-pool-a4-05.brunel.ac.uk:1095
130819 19:42:50 001 Xrd: GoToAnotherServer: Going to: dc2-grid-pool-a4-02.brunel.ac.uk:1095
130819 19:42:52 001 Xrd: GoToAnotherServer: Going to: dc2-grid-04.brunel.ac.uk:1095
130819 19:42:53 001 Xrd: GoToAnotherServer: Going to: dc2-grid-pool-a4-02.brunel.ac.uk:1095
130819 19:42:55 001 Xrd: GoToAnotherServer: Going to: dc2-grid-pool-a4-01.brunel.ac.uk:1095
130819 19:42:56 001 Xrd: GoToAnotherServer: Going to: dc2-grid-03.brunel.ac.uk:1095
130819 19:42:57 001 Xrd: GoToAnotherServer: Going to: dc2-grid-05.brunel.ac.uk:1095
130819 19:42:59 001 Xrd: GoToAnotherServer: Going to: dc2-grid-pool-a4-07.brunel.ac.uk:1095
130819 19:43:00 001 Xrd: GoToAnotherServer: Going to: dc2-grid-pool-a4-06.brunel.ac.uk:1095
130819 19:43:03 001 Xrd: GoToAnotherServer: Going to: dc2-grid-pool-a4-02.brunel.ac.uk:1095
130819 19:43:03 001 Xrd: GoToAnotherServer: Going to: dc2-grid-04.brunel.ac.uk:1095
130819 19:43:05 001 Xrd: GoToAnotherServer: Going to: dc2-grid-04.brunel.ac.uk:1095
130819 19:43:10 001 Xrd: GoToAnotherServer: Going to: dc2-grid-pool-a4-06.brunel.ac.uk:1095
130819 19:43:12 001 Xrd: GoToAnotherServer: Going to: dc2-grid-pool-a4-02.brunel.ac.uk:1095
130819 19:43:13 001 Xrd: GoToAnotherServer: Going to: dc2-grid-03.brunel.ac.uk:1095
130819 19:43:13 001 Xrd: GoToAnotherServer: Going to: dc2-grid-04.brunel.ac.uk:1095
130819 19:43:18 001 Xrd: GoToAnotherServer: Going to: dc2-grid-pool-a1-06.brunel.ac.uk:1095
130819 19:43:19 001 Xrd: GoToAnotherServer: Going to: dc2-grid-04.brunel.ac.uk:1095
130819 19:43:20 001 Xrd: GoToAnotherServer: Going to: dc2-grid-pool-a4-05.brunel.ac.uk:1095
130819 19:43:20 001 Xrd: GoToAnotherServer: Going to: dc2-grid-04.brunel.ac.uk:1095
130819 19:43:22 001 Xrd: GoToAnotherServer: Going to: dc2-grid-pool-a4-06.brunel.ac.uk:1095
130819 19:43:31 001 Xrd: GoToAnotherServer: Going to: dc2-grid-pool-a4-01.brunel.ac.uk:1095
130819 19:43:32 001 Xrd: GoToAnotherServer: Going to: dc2-grid-pool-a4-06.brunel.ac.uk:1095
130819 19:43:33 001 Xrd: GoToAnotherServer: Going to: dc2-grid-pool-a4-04.brunel.ac.uk:1095
130819 19:43:34 001 Xrd: GoToAnotherServer: Going to: dc2-grid-pool-a4-07.brunel.ac.uk:1095
130819 19:43:35 001 Xrd: GoToAnotherServer: Going to: dc2-grid-pool-a1-06.brunel.ac.uk:1095
130819 19:43:37 001 Xrd: GoToAnotherServer: Going to: dc2-grid-pool-a4-07.brunel.ac.uk:1095
130819 19:43:38 001 Xrd: GoToAnotherServer: Going to: dc2-grid-04.brunel.ac.uk:1095
130819 19:43:38 001 Xrd: GoToAnotherServer: Going to: dc2-grid-pool-a4-07.brunel.ac.uk:1095
130819 19:43:39 001 Xrd: GoToAnotherServer: Going to: dc2-grid-pool-a4-04.brunel.ac.uk:1095
130819 19:43:39 001 Xrd: GoToAnotherServer: Going to: dc2-grid-04.brunel.ac.uk:1095
130819 19:43:44 001 Xrd: GoToAnotherServer: Going to: dc2-grid-04.brunel.ac.uk:1095
130819 19:43:44 001 Xrd: GoToAnotherServer: Going to: dc2-grid-pool-a4-05.brunel.ac.uk:1095
130819 19:43:47 001 Xrd: GoToAnotherServer: Going to: dc2-grid-04.brunel.ac.uk:1095
130819 19:43:51 001 Xrd: GoToAnotherServer: Going to: dc2-grid-pool-a4-01.brunel.ac.uk:1095
130819 19:43:52 001 Xrd: GoToAnotherServer: Going to: dc2-grid-04.brunel.ac.uk:1095
130819 19:43:55 001 Xrd: GoToAnotherServer: Going to: dc2-grid-pool-a4-05.brunel.ac.uk:1095
130819 19:43:55 001 Xrd: GoToAnotherServer: Going to: dc2-grid-pool-a4-07.brunel.ac.uk:1095
130819 19:43:56 001 Xrd: GoToAnotherServer: Going to: dc2-grid-03.brunel.ac.uk:1095
130819 19:44:01 001 Xrd: GoToAnotherServer: Going to: dc2-grid-pool-a4-02.brunel.ac.uk:1095
130819 19:44:02 001 Xrd: GoToAnotherServer: Going to: dc2-grid-04.brunel.ac.uk:1095
130819 19:44:03 001 Xrd: GoToAnotherServer: Going to: dc2-grid-pool-a4-06.brunel.ac.uk:1095
130819 19:44:06 001 Xrd: GoToAnotherServer: Going to: dc2-grid-pool-a4-02.brunel.ac.uk:1095
130819 19:44:08 001 Xrd: GoToAnotherServer: Going to: dc2-grid-pool-a4-05.brunel.ac.uk:1095
130819 19:44:09 001 Xrd: GoToAnotherServer: Going to: dc2-grid-04.brunel.ac.uk:1095
130819 19:44:12 001 Xrd: GoToAnotherServer: Going to: dc2-grid-pool-a4-05.brunel.ac.uk:1095
130819 19:44:12 001 Xrd: GoToAnotherServer: Going to: dc2-grid-04.brunel.ac.uk:1095
130819 19:44:14 001 Xrd: GoToAnotherServer: Going to: dc2-grid-pool-a4-06.brunel.ac.uk:1095
130819 19:44:15 001 Xrd: GoToAnotherServer: Going to: dc2-grid-pool-a4-07.brunel.ac.uk:1095
130819 19:44:18 001 Xrd: GoToAnotherServer: Going to: dc2-grid-04.brunel.ac.uk:1095
130819 19:44:18 001 Xrd: GoToAnotherServer: Going to: dc2-grid-pool-a4-04.brunel.ac.uk:1095
130819 19:44:19 001 Xrd: GoToAnotherServer: Going to: dc2-grid-03.brunel.ac.uk:1095
130819 19:44:21 001 Xrd: GoToAnotherServer: Going to: dc2-grid-pool-a1-06.brunel.ac.uk:1095
130819 19:44:22 001 Xrd: GoToAnotherServer: Going to: dc2-grid-04.brunel.ac.uk:1095
130819 19:44:24 001 Xrd: GoToAnotherServer: Going to: dc2-grid-04.brunel.ac.uk:1095
130819 19:44:25 001 Xrd: GoToAnotherServer: Going to: dc2-grid-03.brunel.ac.uk:1095
130819 19:44:26 001 Xrd: GoToAnotherServer: Going to: dc2-grid-pool-a4-07.brunel.ac.uk:1095
130819 19:44:28 001 Xrd: GoToAnotherServer: Going to: dc2-grid-04.brunel.ac.uk:1095
130819 19:44:30 001 Xrd: GoToAnotherServer: Going to: dc2-grid-pool-a4-06.brunel.ac.uk:1095
130819 19:44:30 001 Xrd: GoToAnotherServer: Going to: dc2-grid-pool-a4-05.brunel.ac.uk:1095
130819 19:44:31 001 Xrd: GoToAnotherServer: Going to: dc2-grid-pool-a4-04.brunel.ac.uk:1095
130819 19:44:32 001 Xrd: GoToAnotherServer: Going to: dc2-grid-pool-a4-02.brunel.ac.uk:1095
130819 19:44:34 001 Xrd: GoToAnotherServer: Going to: dc2-grid-pool-a4-05.brunel.ac.uk:1095
130819 19:44:36 001 Xrd: GoToAnotherServer: Going to: dc2-grid-02.brunel.ac.uk:1095
130819 19:44:38 001 Xrd: GoToAnotherServer: Going to: dc2-grid-04.brunel.ac.uk:1095
130819 19:44:39 001 Xrd: GoToAnotherServer: Going to: dc2-grid-04.brunel.ac.uk:1095
130819 19:44:41 001 Xrd: GoToAnotherServer: Going to: dc2-grid-pool-a4-02.brunel.ac.uk:1095
130819 19:44:42 001 Xrd: GoToAnotherServer: Going to: dc2-grid-03.brunel.ac.uk:1095
130819 19:44:45 001 Xrd: GoToAnotherServer: Going to: dc2-grid-04.brunel.ac.uk:1095
130819 19:44:45 001 Xrd: GoToAnotherServer: Going to: dc2-grid-pool-a4-01.brunel.ac.uk:1095
130819 19:44:46 001 Xrd: GoToAnotherServer: Going to: dc2-grid-pool-a4-06.brunel.ac.uk:1095
130819 19:44:46 001 Xrd: GoToAnotherServer: Going to: dc2-grid-04.brunel.ac.uk:1095
130819 19:44:48 001 Xrd: GoToAnotherServer: Going to: dc2-grid-pool-a4-07.brunel.ac.uk:1095
130819 19:44:49 001 Xrd: GoToAnotherServer: Going to: dc2-grid-04.brunel.ac.uk:1095
130819 19:44:51 001 Xrd: GoToAnotherServer: Going to: dc2-grid-pool-a4-01.brunel.ac.uk:1095
130819 19:44:52 001 Xrd: GoToAnotherServer: Going to: dc2-grid-pool-a4-04.brunel.ac.uk:1095
130819 19:44:53 001 Xrd: GoToAnotherServer: Going to: dc2-grid-pool-a4-05.brunel.ac.uk:1095
130819 19:44:54 001 Xrd: GoToAnotherServer: Going to: dc2-grid-04.brunel.ac.uk:1095
130819 19:44:55 001 Xrd: GoToAnotherServer: Going to: dc2-grid-02.brunel.ac.uk:1095
130819 19:44:58 001 Xrd: GoToAnotherServer: Going to: dc2-grid-04.brunel.ac.uk:1095
130819 19:45:02 001 Xrd: GoToAnotherServer: Going to: dc2-grid-pool-a4-05.brunel.ac.uk:1095
130819 19:45:12 001 Xrd: GoToAnotherServer: Going to: dc2-grid-pool-a1-06.brunel.ac.uk:1095
130819 19:45:17 001 Xrd: GoToAnotherServer: Going to: dc2-grid-05.brunel.ac.uk:1095
130819 19:45:22 001 Xrd: GoToAnotherServer: Going to: dc2-grid-04.brunel.ac.uk:1095
130819 19:45:26 001 Xrd: GoToAnotherServer: Going to: dc2-grid-pool-a4-05.brunel.ac.uk:1095
130819 19:45:31 001 Xrd: GoToAnotherServer: Going to: dc2-grid-pool-a4-06.brunel.ac.uk:1095
130819 19:45:31 001 Xrd: GoToAnotherServer: Going to: dc2-grid-04.brunel.ac.uk:1095
130819 19:45:33 001 Xrd: GoToAnotherServer: Going to: dc2-grid-04.brunel.ac.uk:1095
130819 19:45:34 001 Xrd: GoToAnotherServer: Going to: dc2-grid-04.brunel.ac.uk:1095
130819 19:45:35 001 Xrd: GoToAnotherServer: Going to: dc2-grid-04.brunel.ac.uk:1095
130819 19:45:38 001 Xrd: GoToAnotherServer: Going to: dc2-grid-pool-a4-06.brunel.ac.uk:1095
130819 19:45:41 001 Xrd: GoToAnotherServer: Going to: dc2-grid-04.brunel.ac.uk:1095
130819 19:45:41 001 Xrd: GoToAnotherServer: Going to: dc2-grid-pool-a4-02.brunel.ac.uk:1095
130819 19:45:42 001 Xrd: GoToAnotherServer: Going to: dc2-grid-pool-a4-02.brunel.ac.uk:1095
130819 19:45:45 001 Xrd: GoToAnotherServer: Going to: dc2-grid-02.brunel.ac.uk:1095
130819 19:45:45 001 Xrd: GoToAnotherServer: Going to: dc2-grid-pool-a4-05.brunel.ac.uk:1095
130819 19:45:46 001 Xrd: GoToAnotherServer: Going to: dc2-grid-pool-a4-05.brunel.ac.uk:1095
130819 19:45:47 001 Xrd: GoToAnotherServer: Going to: dc2-grid-pool-a4-06.brunel.ac.uk:1095
130819 19:45:48 001 Xrd: GoToAnotherServer: Going to: dc2-grid-02.brunel.ac.uk:1095
130819 19:45:50 001 Xrd: GoToAnotherServer: Going to: dc2-grid-pool-a4-05.brunel.ac.uk:1095
130819 19:45:51 001 Xrd: GoToAnotherServer: Going to: dc2-grid-pool-a4-07.brunel.ac.uk:1095
130819 19:45:53 001 Xrd: GoToAnotherServer: Going to: dc2-grid-02.brunel.ac.uk:1095
130819 19:45:54 001 Xrd: GoToAnotherServer: Going to: dc2-grid-04.brunel.ac.uk:1095
130819 19:45:56 001 Xrd: GoToAnotherServer: Going to: dc2-grid-03.brunel.ac.uk:1095
130819 19:45:57 001 Xrd: GoToAnotherServer: Going to: dc2-grid-04.brunel.ac.uk:1095
130819 19:45:57 001 Xrd: GoToAnotherServer: Going to: dc2-grid-04.brunel.ac.uk:1095
130819 19:45:58 001 Xrd: GoToAnotherServer: Going to: dc2-grid-04.brunel.ac.uk:1095
130819 19:45:59 001 Xrd: GoToAnotherServer: Going to: dc2-grid-pool-a4-06.brunel.ac.uk:1095
130819 19:46:01 001 Xrd: GoToAnotherServer: Going to: dc2-grid-pool-a4-06.brunel.ac.uk:1095
130819 19:46:02 001 Xrd: GoToAnotherServer: Going to: dc2-grid-02.brunel.ac.uk:1095
130819 19:46:05 001 Xrd: GoToAnotherServer: Going to: dc2-grid-pool-a4-07.brunel.ac.uk:1095
130819 19:46:05 001 Xrd: GoToAnotherServer: Going to: dc2-grid-04.brunel.ac.uk:1095
130819 19:46:06 001 Xrd: GoToAnotherServer: Going to: dc2-grid-pool-a4-02.brunel.ac.uk:1095
130819 19:46:09 001 Xrd: GoToAnotherServer: Going to: dc2-grid-04.brunel.ac.uk:1095
130819 19:46:09 001 Xrd: GoToAnotherServer: Going to: dc2-grid-pool-a4-07.brunel.ac.uk:1095
130819 19:46:10 001 Xrd: GoToAnotherServer: Going to: dc2-grid-pool-a4-06.brunel.ac.uk:1095
130819 19:46:11 001 Xrd: GoToAnotherServer: Going to: dc2-grid-pool-a4-06.brunel.ac.uk:1095
130819 19:46:11 001 Xrd: GoToAnotherServer: Going to: dc2-grid-pool-a4-04.brunel.ac.uk:1095
130819 19:46:14 001 Xrd: GoToAnotherServer: Going to: dc2-grid-04.brunel.ac.uk:1095
130819 19:46:15 001 Xrd: GoToAnotherServer: Going to: dc2-grid-pool-a4-02.brunel.ac.uk:1095
130819 19:46:15 001 Xrd: GoToAnotherServer: Going to: dc2-grid-pool-a4-07.brunel.ac.uk:1095
130819 19:46:18 001 Xrd: GoToAnotherServer: Going to: dc2-grid-pool-a4-06.brunel.ac.uk:1095
130819 19:46:18 001 Xrd: GoToAnotherServer: Going to: dc2-grid-pool-a4-07.brunel.ac.uk:1095
130819 19:46:19 001 Xrd: GoToAnotherServer: Going to: dc2-grid-04.brunel.ac.uk:1095
130819 19:46:22 001 Xrd: GoToAnotherServer: Going to: dc2-grid-04.brunel.ac.uk:1095
130819 19:46:22 001 Xrd: GoToAnotherServer: Going to: dc2-grid-04.brunel.ac.uk:1095
130819 19:46:23 001 Xrd: GoToAnotherServer: Going to: dc2-grid-04.brunel.ac.uk:1095
130819 19:46:23 001 Xrd: GoToAnotherServer: Going to: dc2-grid-pool-a4-06.brunel.ac.uk:1095
130819 19:46:26 001 Xrd: GoToAnotherServer: Going to: dc2-grid-02.brunel.ac.uk:1095
130819 19:46:28 001 Xrd: GoToAnotherServer: Going to: dc2-grid-pool-a4-05.brunel.ac.uk:1095
130819 19:46:31 001 Xrd: GoToAnotherServer: Going to: dc2-grid-pool-a4-02.brunel.ac.uk:1095
130819 19:46:32 001 Xrd: GoToAnotherServer: Going to: dc2-grid-03.brunel.ac.uk:1095
130819 19:46:33 001 Xrd: GoToAnotherServer: Going to: dc2-grid-02.brunel.ac.uk:1095
130819 19:46:34 001 Xrd: GoToAnotherServer: Going to: dc2-grid-pool-a4-02.brunel.ac.uk:1095
130819 19:46:37 001 Xrd: GoToAnotherServer: Going to: dc2-grid-02.brunel.ac.uk:1095
130819 19:46:39 001 Xrd: GoToAnotherServer: Going to: dc2-grid-pool-a4-06.brunel.ac.uk:1095
130819 19:46:40 001 Xrd: GoToAnotherServer: Going to: dc2-grid-pool-a4-07.brunel.ac.uk:1095
130819 19:46:40 001 Xrd: GoToAnotherServer: Going to: dc2-grid-03.brunel.ac.uk:1095
130819 19:46:42 001 Xrd: GoToAnotherServer: Going to: dc2-grid-pool-a1-06.brunel.ac.uk:1095
130819 19:46:43 001 Xrd: GoToAnotherServer: Going to: dc2-grid-pool-a4-02.brunel.ac.uk:1095
130819 19:46:45 001 Xrd: GoToAnotherServer: Going to: dc2-grid-03.brunel.ac.uk:1095
130819 19:46:48 001 Xrd: GoToAnotherServer: Going to: dc2-grid-pool-a4-05.brunel.ac.uk:1095
130819 19:46:50 001 Xrd: GoToAnotherServer: Going to: dc2-grid-pool-a4-06.brunel.ac.uk:1095
130819 19:46:53 001 Xrd: GoToAnotherServer: Going to: dc2-grid-04.brunel.ac.uk:1095
130819 19:46:55 001 Xrd: GoToAnotherServer: Going to: dc2-grid-04.brunel.ac.uk:1095
130819 19:46:57 001 Xrd: GoToAnotherServer: Going to: dc2-grid-04.brunel.ac.uk:1095
130819 19:46:57 001 Xrd: GoToAnotherServer: Going to: dc2-grid-04.brunel.ac.uk:1095
130819 19:46:59 001 Xrd: GoToAnotherServer: Going to: dc2-grid-04.brunel.ac.uk:1095
130819 19:46:59 001 Xrd: GoToAnotherServer: Going to: dc2-grid-05.brunel.ac.uk:1095
130819 19:47:00 001 Xrd: GoToAnotherServer: Going to: dc2-grid-04.brunel.ac.uk:1095
130819 19:47:01 001 Xrd: GoToAnotherServer: Going to: dc2-grid-pool-a4-02.brunel.ac.uk:1095
130819 19:47:04 001 Xrd: GoToAnotherServer: Going to: dc2-grid-pool-a4-05.brunel.ac.uk:1095
130819 19:47:05 001 Xrd: GoToAnotherServer: Going to: dc2-grid-pool-a4-02.brunel.ac.uk:1095
130819 19:47:05 001 Xrd: GoToAnotherServer: Going to: dc2-grid-pool-a4-04.brunel.ac.uk:1095
130819 19:47:06 001 Xrd: GoToAnotherServer: Going to: dc2-grid-04.brunel.ac.uk:1095
130819 19:47:08 001 Xrd: GoToAnotherServer: Going to: dc2-grid-pool-a4-02.brunel.ac.uk:1095
130819 19:47:13 001 Xrd: GoToAnotherServer: Going to: dc2-grid-pool-a1-06.brunel.ac.uk:1095
130819 19:47:18 001 Xrd: GoToAnotherServer: Going to: dc2-grid-pool-a4-06.brunel.ac.uk:1095
130819 19:47:27 001 Xrd: GoToAnotherServer: Going to: dc2-grid-pool-a4-04.brunel.ac.uk:1095
130819 19:47:29 001 Xrd: GoToAnotherServer: Going to: dc2-grid-pool-a4-06.brunel.ac.uk:1095
130819 19:47:30 001 Xrd: GoToAnotherServer: Going to: dc2-grid-04.brunel.ac.uk:1095
130819 19:47:30 001 Xrd: GoToAnotherServer: Going to: dc2-grid-pool-a4-06.brunel.ac.uk:1095
130819 19:47:31 001 Xrd: GoToAnotherServer: Going to: dc2-grid-04.brunel.ac.uk:1095
130819 19:47:32 001 Xrd: GoToAnotherServer: Going to: dc2-grid-pool-a4-07.brunel.ac.uk:1095
130819 19:47:36 001 Xrd: GoToAnotherServer: Going to: dc2-grid-pool-a4-02.brunel.ac.uk:1095
130819 19:47:40 001 Xrd: GoToAnotherServer: Going to: dc2-grid-pool-a4-06.brunel.ac.uk:1095
130819 19:47:50 001 Xrd: GoToAnotherServer: Going to: dc2-grid-pool-a4-06.brunel.ac.uk:1095
130819 19:47:51 001 Xrd: GoToAnotherServer: Going to: dc2-grid-pool-a4-02.brunel.ac.uk:1095
130819 19:47:52 001 Xrd: GoToAnotherServer: Going to: dc2-grid-04.brunel.ac.uk:1095
130819 19:47:54 001 Xrd: GoToAnotherServer: Going to: dc2-grid-pool-a4-02.brunel.ac.uk:1095
130819 19:47:55 001 Xrd: GoToAnotherServer: Going to: dc2-grid-04.brunel.ac.uk:1095
130819 19:47:57 001 Xrd: GoToAnotherServer: Going to: dc2-grid-pool-a1-06.brunel.ac.uk:1095
130819 19:47:58 001 Xrd: GoToAnotherServer: Going to: dc2-grid-pool-a4-01.brunel.ac.uk:1095
130819 19:47:59 001 Xrd: GoToAnotherServer: Going to: dc2-grid-pool-a4-04.brunel.ac.uk:1095
130819 19:48:00 001 Xrd: GoToAnotherServer: Going to: dc2-grid-03.brunel.ac.uk:1095
130819 19:48:03 001 Xrd: GoToAnotherServer: Going to: dc2-grid-pool-a4-02.brunel.ac.uk:1095
130819 19:48:04 001 Xrd: GoToAnotherServer: Going to: dc2-grid-pool-a4-05.brunel.ac.uk:1095
130819 19:48:07 001 Xrd: GoToAnotherServer: Going to: dc2-grid-pool-a4-06.brunel.ac.uk:1095
130819 19:48:09 001 Xrd: GoToAnotherServer: Going to: dc2-grid-04.brunel.ac.uk:1095
130819 19:48:09 001 Xrd: GoToAnotherServer: Going to: dc2-grid-pool-a4-04.brunel.ac.uk:1095
130819 19:48:11 001 Xrd: GoToAnotherServer: Going to: dc2-grid-pool-a4-05.brunel.ac.uk:1095
130819 19:48:13 001 Xrd: GoToAnotherServer: Going to: dc2-grid-pool-a4-05.brunel.ac.uk:1095
130819 19:48:14 001 Xrd: GoToAnotherServer: Going to: dc2-grid-pool-a4-06.brunel.ac.uk:1095
130819 19:48:14 001 Xrd: GoToAnotherServer: Going to: dc2-grid-pool-a4-05.brunel.ac.uk:1095
130819 19:48:15 001 Xrd: GoToAnotherServer: Going to: dc2-grid-pool-a4-06.brunel.ac.uk:1095
130819 19:48:17 001 Xrd: GoToAnotherServer: Going to: dc2-grid-pool-a4-05.brunel.ac.uk:1095
130819 19:48:19 001 Xrd: GoToAnotherServer: Going to: dc2-grid-pool-a4-06.brunel.ac.uk:1095
130819 19:48:20 001 Xrd: GoToAnotherServer: Going to: dc2-grid-pool-a4-06.brunel.ac.uk:1095
130819 19:48:20 001 Xrd: GoToAnotherServer: Going to: dc2-grid-pool-a4-07.brunel.ac.uk:1095
130819 19:48:21 001 Xrd: GoToAnotherServer: Going to: dc2-grid-pool-a4-06.brunel.ac.uk:1095
130819 19:48:23 001 Xrd: GoToAnotherServer: Going to: dc2-grid-04.brunel.ac.uk:1095
130819 19:48:26 001 Xrd: GoToAnotherServer: Going to: dc2-grid-pool-a4-06.brunel.ac.uk:1095
130819 19:48:26 001 Xrd: GoToAnotherServer: Going to: dc2-grid-pool-a4-05.brunel.ac.uk:1095
130819 19:48:27 001 Xrd: GoToAnotherServer: Going to: dc2-grid-pool-a4-06.brunel.ac.uk:1095
130819 19:48:29 001 Xrd: GoToAnotherServer: Going to: dc2-grid-02.brunel.ac.uk:1095
130819 19:48:31 001 Xrd: GoToAnotherServer: Going to: dc2-grid-pool-a4-02.brunel.ac.uk:1095
130819 19:48:32 001 Xrd: GoToAnotherServer: Going to: dc2-grid-pool-a4-07.brunel.ac.uk:1095
130819 19:48:33 001 Xrd: GoToAnotherServer: Going to: dc2-grid-pool-a4-04.brunel.ac.uk:1095
130819 19:48:33 001 Xrd: GoToAnotherServer: Going to: dc2-grid-pool-a4-07.brunel.ac.uk:1095
130819 19:48:35 001 Xrd: GoToAnotherServer: Going to: dc2-grid-04.brunel.ac.uk:1095
130819 19:48:36 001 Xrd: GoToAnotherServer: Going to: dc2-grid-pool-a4-05.brunel.ac.uk:1095
130819 19:48:37 001 Xrd: GoToAnotherServer: Going to: dc2-grid-02.brunel.ac.uk:1095
130819 19:48:37 001 Xrd: GoToAnotherServer: Going to: dc2-grid-04.brunel.ac.uk:1095
130819 19:48:38 001 Xrd: GoToAnotherServer: Going to: dc2-grid-04.brunel.ac.uk:1095
130819 19:48:39 001 Xrd: GoToAnotherServer: Going to: dc2-grid-pool-a1-06.brunel.ac.uk:1095
130819 19:48:44 001 Xrd: GoToAnotherServer: Going to: dc2-grid-04.brunel.ac.uk:1095
130819 19:48:45 001 Xrd: GoToAnotherServer: Going to: dc2-grid-pool-a4-05.brunel.ac.uk:1095
130819 19:48:49 001 Xrd: GoToAnotherServer: Going to: dc2-grid-pool-a4-06.brunel.ac.uk:1095
130819 19:48:51 001 Xrd: GoToAnotherServer: Going to: dc2-grid-pool-a4-05.brunel.ac.uk:1095
130819 19:49:00 001 Xrd: GoToAnotherServer: Going to: dc2-grid-pool-a4-04.brunel.ac.uk:1095
130819 19:49:06 001 Xrd: GoToAnotherServer: Going to: dc2-grid-pool-a4-06.brunel.ac.uk:1095
130819 19:49:06 001 Xrd: GoToAnotherServer: Going to: dc2-grid-pool-a4-02.brunel.ac.uk:1095
130819 19:49:08 001 Xrd: GoToAnotherServer: Going to: dc2-grid-pool-a4-02.brunel.ac.uk:1095
130819 19:49:09 001 Xrd: GoToAnotherServer: Going to: dc2-grid-pool-a4-01.brunel.ac.uk:1095
130819 19:49:10 001 Xrd: GoToAnotherServer: Going to: dc2-grid-pool-a1-06.brunel.ac.uk:1095
130819 19:49:12 001 Xrd: GoToAnotherServer: Going to: dc2-grid-pool-a4-02.brunel.ac.uk:1095
130819 19:49:14 001 Xrd: GoToAnotherServer: Going to: dc2-grid-pool-a4-06.brunel.ac.uk:1095
130819 19:49:19 001 Xrd: GoToAnotherServer: Going to: dc2-grid-pool-a4-04.brunel.ac.uk:1095
130819 19:49:24 001 Xrd: GoToAnotherServer: Going to: dc2-grid-pool-a4-04.brunel.ac.uk:1095
130819 19:49:32 001 Xrd: GoToAnotherServer: Going to: dc2-grid-pool-a4-01.brunel.ac.uk:1095
130819 19:49:37 001 Xrd: GoToAnotherServer: Going to: dc2-grid-pool-a4-07.brunel.ac.uk:1095
130819 19:49:39 001 Xrd: GoToAnotherServer: Going to: dc2-grid-pool-a4-05.brunel.ac.uk:1095
130819 19:49:43 001 Xrd: GoToAnotherServer: Going to: dc2-grid-04.brunel.ac.uk:1095
130819 19:49:45 001 Xrd: GoToAnotherServer: Going to: dc2-grid-04.brunel.ac.uk:1095
130819 19:49:50 001 Xrd: GoToAnotherServer: Going to: dc2-grid-pool-a4-06.brunel.ac.uk:1095
130819 19:49:51 001 Xrd: GoToAnotherServer: Going to: dc2-grid-pool-a4-02.brunel.ac.uk:1095
130819 19:49:53 001 Xrd: GoToAnotherServer: Going to: dc2-grid-pool-a4-06.brunel.ac.uk:1095
130819 19:49:54 001 Xrd: GoToAnotherServer: Going to: dc2-grid-pool-a4-07.brunel.ac.uk:1095
130819 19:49:56 001 Xrd: GoToAnotherServer: Going to: dc2-grid-04.brunel.ac.uk:1095
130819 19:49:57 001 Xrd: GoToAnotherServer: Going to: dc2-grid-04.brunel.ac.uk:1095
130819 19:49:57 001 Xrd: GoToAnotherServer: Going to: dc2-grid-04.brunel.ac.uk:1095
130819 19:49:58 001 Xrd: GoToAnotherServer: Going to: dc2-grid-pool-a4-04.brunel.ac.uk:1095
130819 19:49:59 001 Xrd: GoToAnotherServer: Going to: dc2-grid-04.brunel.ac.uk:1095
130819 19:50:04 001 Xrd: GoToAnotherServer: Going to: dc2-grid-pool-a4-06.brunel.ac.uk:1095
130819 19:50:05 001 Xrd: GoToAnotherServer: Going to: dc2-grid-pool-a4-04.brunel.ac.uk:1095
130819 19:50:14 001 Xrd: GoToAnotherServer: Going to: dc2-grid-04.brunel.ac.uk:1095
130819 19:50:17 001 Xrd: GoToAnotherServer: Going to: dc2-grid-pool-a4-07.brunel.ac.uk:1095
130819 19:50:22 001 Xrd: GoToAnotherServer: Going to: dc2-grid-03.brunel.ac.uk:1095
130819 19:50:22 001 Xrd: GoToAnotherServer: Going to: dc2-grid-pool-a4-04.brunel.ac.uk:1095
130819 19:50:23 001 Xrd: GoToAnotherServer: Going to: dc2-grid-pool-a4-06.brunel.ac.uk:1095
130819 19:50:24 001 Xrd: GoToAnotherServer: Going to: dc2-grid-pool-a4-05.brunel.ac.uk:1095
130819 19:50:30 001 Xrd: GoToAnotherServer: Going to: dc2-grid-04.brunel.ac.uk:1095
130819 19:50:34 001 Xrd: GoToAnotherServer: Going to: dc2-grid-pool-a4-05.brunel.ac.uk:1095
130819 19:50:35 001 Xrd: GoToAnotherServer: Going to: dc2-grid-04.brunel.ac.uk:1095
130819 19:50:35 001 Xrd: GoToAnotherServer: Going to: dc2-grid-pool-a4-06.brunel.ac.uk:1095
130819 19:50:36 001 Xrd: GoToAnotherServer: Going to: dc2-grid-pool-a4-05.brunel.ac.uk:1095
130819 19:50:38 001 Xrd: GoToAnotherServer: Going to: dc2-grid-pool-a4-05.brunel.ac.uk:1095
130819 19:50:39 001 Xrd: GoToAnotherServer: Going to: dc2-grid-pool-a4-07.brunel.ac.uk:1095
130819 19:50:40 001 Xrd: GoToAnotherServer: Going to: dc2-grid-pool-a4-02.brunel.ac.uk:1095
130819 19:50:41 001 Xrd: GoToAnotherServer: Going to: dc2-grid-pool-a4-07.brunel.ac.uk:1095
130819 19:50:42 001 Xrd: GoToAnotherServer: Going to: dc2-grid-pool-a4-04.brunel.ac.uk:1095
130819 19:50:43 001 Xrd: GoToAnotherServer: Going to: dc2-grid-pool-a4-02.brunel.ac.uk:1095
130819 19:50:45 001 Xrd: GoToAnotherServer: Going to: dc2-grid-04.brunel.ac.uk:1095
130819 19:50:46 001 Xrd: GoToAnotherServer: Going to: dc2-grid-03.brunel.ac.uk:1095
130819 19:50:46 001 Xrd: GoToAnotherServer: Going to: dc2-grid-05.brunel.ac.uk:1095
130819 19:50:47 001 Xrd: GoToAnotherServer: Going to: dc2-grid-04.brunel.ac.uk:1095
130819 19:50:48 001 Xrd: GoToAnotherServer: Going to: dc2-grid-pool-a4-04.brunel.ac.uk:1095
130819 19:50:51 001 Xrd: GoToAnotherServer: Going to: dc2-grid-pool-a4-07.brunel.ac.uk:1095
130819 19:50:51 001 Xrd: GoToAnotherServer: Going to: dc2-grid-04.brunel.ac.uk:1095
130819 19:50:52 001 Xrd: GoToAnotherServer: Going to: dc2-grid-04.brunel.ac.uk:1095
130819 19:50:52 001 Xrd: GoToAnotherServer: Going to: dc2-grid-05.brunel.ac.uk:1095
130819 19:50:53 001 Xrd: GoToAnotherServer: Going to: dc2-grid-04.brunel.ac.uk:1095
130819 19:50:56 001 Xrd: GoToAnotherServer: Going to: dc2-grid-04.brunel.ac.uk:1095
130819 19:50:57 001 Xrd: GoToAnotherServer: Going to: dc2-grid-04.brunel.ac.uk:1095
130819 19:50:58 001 Xrd: GoToAnotherServer: Going to: dc2-grid-pool-a4-06.brunel.ac.uk:1095
130819 19:51:00 001 Xrd: GoToAnotherServer: Going to: dc2-grid-pool-a1-06.brunel.ac.uk:1095
130819 19:51:02 001 Xrd: GoToAnotherServer: Going to: dc2-grid-pool-a4-05.brunel.ac.uk:1095
130819 19:51:04 001 Xrd: GoToAnotherServer: Going to: dc2-grid-03.brunel.ac.uk:1095
130819 19:51:04 001 Xrd: GoToAnotherServer: Going to: dc2-grid-04.brunel.ac.uk:1095
130819 19:51:05 001 Xrd: GoToAnotherServer: Going to: dc2-grid-04.brunel.ac.uk:1095
130819 19:51:05 001 Xrd: GoToAnotherServer: Going to: dc2-grid-02.brunel.ac.uk:1095
130819 19:51:07 001 Xrd: GoToAnotherServer: Going to: dc2-grid-pool-a4-04.brunel.ac.uk:1095
130819 19:51:08 001 Xrd: GoToAnotherServer: Going to: dc2-grid-pool-a4-07.brunel.ac.uk:1095
130819 19:51:09 001 Xrd: GoToAnotherServer: Going to: dc2-grid-pool-a4-01.brunel.ac.uk:1095
130819 19:51:10 001 Xrd: GoToAnotherServer: Going to: dc2-grid-pool-a1-06.brunel.ac.uk:1095
130819 19:51:11 001 Xrd: GoToAnotherServer: Going to: dc2-grid-pool-a4-06.brunel.ac.uk:1095
130819 19:51:11 001 Xrd: GoToAnotherServer: Going to: dc2-grid-pool-a4-07.brunel.ac.uk:1095
130819 19:51:12 001 Xrd: GoToAnotherServer: Going to: dc2-grid-pool-a4-02.brunel.ac.uk:1095
130819 19:51:13 001 Xrd: GoToAnotherServer: Going to: dc2-grid-03.brunel.ac.uk:1095
130819 19:51:14 001 Xrd: GoToAnotherServer: Going to: dc2-grid-04.brunel.ac.uk:1095
130819 19:51:16 001 Xrd: GoToAnotherServer: Going to: dc2-grid-02.brunel.ac.uk:1095
130819 19:51:17 001 Xrd: GoToAnotherServer: Going to: dc2-grid-pool-a4-07.brunel.ac.uk:1095
130819 19:51:18 001 Xrd: GoToAnotherServer: Going to: dc2-grid-pool-a1-06.brunel.ac.uk:1095
130819 19:51:18 001 Xrd: GoToAnotherServer: Going to: dc2-grid-pool-a1-06.brunel.ac.uk:1095
130819 19:51:21 001 Xrd: GoToAnotherServer: Going to: dc2-grid-04.brunel.ac.uk:1095
130819 19:51:23 001 Xrd: GoToAnotherServer: Going to: dc2-grid-pool-a4-06.brunel.ac.uk:1095
130819 19:51:24 001 Xrd: GoToAnotherServer: Going to: dc2-grid-pool-a4-06.brunel.ac.uk:1095
130819 19:51:25 001 Xrd: GoToAnotherServer: Going to: dc2-grid-pool-a4-05.brunel.ac.uk:1095
130819 19:51:25 001 Xrd: GoToAnotherServer: Going to: dc2-grid-04.brunel.ac.uk:1095
130819 19:51:26 001 Xrd: GoToAnotherServer: Going to: dc2-grid-pool-a4-04.brunel.ac.uk:1095
130819 19:51:27 001 Xrd: GoToAnotherServer: Going to: dc2-grid-03.brunel.ac.uk:1095
130819 19:51:29 001 Xrd: GoToAnotherServer: Going to: dc2-grid-04.brunel.ac.uk:1095
130819 19:51:32 001 Xrd: GoToAnotherServer: Going to: dc2-grid-pool-a1-06.brunel.ac.uk:1095
130819 19:51:32 001 Xrd: GoToAnotherServer: Going to: dc2-grid-pool-a4-02.brunel.ac.uk:1095
130819 19:51:36 001 Xrd: GoToAnotherServer: Going to: dc2-grid-04.brunel.ac.uk:1095
130819 19:51:45 001 Xrd: GoToAnotherServer: Going to: dc2-grid-pool-a4-04.brunel.ac.uk:1095
130819 19:51:50 001 Xrd: GoToAnotherServer: Going to: dc2-grid-03.brunel.ac.uk:1095
130819 19:51:55 001 Xrd: GoToAnotherServer: Going to: dc2-grid-pool-a4-04.brunel.ac.uk:1095
130819 19:52:04 001 Xrd: GoToAnotherServer: Going to: dc2-grid-pool-a4-02.brunel.ac.uk:1095
130819 19:52:05 001 Xrd: GoToAnotherServer: Going to: dc2-grid-04.brunel.ac.uk:1095
130819 19:52:07 001 Xrd: GoToAnotherServer: Going to: dc2-grid-pool-a4-07.brunel.ac.uk:1095
130819 19:52:08 001 Xrd: GoToAnotherServer: Going to: dc2-grid-pool-a4-07.brunel.ac.uk:1095
130819 19:52:09 001 Xrd: GoToAnotherServer: Going to: dc2-grid-pool-a4-02.brunel.ac.uk:1095
130819 19:52:10 001 Xrd: GoToAnotherServer: Going to: dc2-grid-pool-a4-05.brunel.ac.uk:1095
130819 19:52:12 001 Xrd: GoToAnotherServer: Going to: dc2-grid-pool-a4-05.brunel.ac.uk:1095
130819 19:52:17 001 Xrd: GoToAnotherServer: Going to: dc2-grid-pool-a4-07.brunel.ac.uk:1095
130819 19:52:17 001 Xrd: GoToAnotherServer: Going to: dc2-grid-pool-a4-01.brunel.ac.uk:1095
130819 19:52:18 001 Xrd: GoToAnotherServer: Going to: dc2-grid-pool-a4-04.brunel.ac.uk:1095
130819 19:52:19 001 Xrd: GoToAnotherServer: Going to: dc2-grid-pool-a4-01.brunel.ac.uk:1095
130819 19:52:22 001 Xrd: GoToAnotherServer: Going to: dc2-grid-04.brunel.ac.uk:1095
130819 19:52:23 001 Xrd: GoToAnotherServer: Going to: dc2-grid-02.brunel.ac.uk:1095
130819 19:52:24 001 Xrd: GoToAnotherServer: Going to: dc2-grid-04.brunel.ac.uk:1095
130819 19:52:24 001 Xrd: GoToAnotherServer: Going to: dc2-grid-02.brunel.ac.uk:1095
130819 19:52:25 001 Xrd: GoToAnotherServer: Going to: dc2-grid-pool-a4-04.brunel.ac.uk:1095
130819 19:52:28 001 Xrd: GoToAnotherServer: Going to: dc2-grid-04.brunel.ac.uk:1095
130819 19:52:30 001 Xrd: GoToAnotherServer: Going to: dc2-grid-pool-a4-01.brunel.ac.uk:1095
130819 19:52:33 001 Xrd: GoToAnotherServer: Going to: dc2-grid-pool-a4-01.brunel.ac.uk:1095
130819 19:52:33 001 Xrd: GoToAnotherServer: Going to: dc2-grid-pool-a1-06.brunel.ac.uk:1095
130819 19:52:35 001 Xrd: GoToAnotherServer: Going to: dc2-grid-04.brunel.ac.uk:1095
130819 19:52:35 001 Xrd: GoToAnotherServer: Going to: dc2-grid-pool-a4-06.brunel.ac.uk:1095
130819 19:52:36 001 Xrd: GoToAnotherServer: Going to: dc2-grid-pool-a4-01.brunel.ac.uk:1095
130819 19:52:38 001 Xrd: GoToAnotherServer: Going to: dc2-grid-pool-a4-02.brunel.ac.uk:1095
130819 19:52:40 001 Xrd: GoToAnotherServer: Going to: dc2-grid-pool-a4-06.brunel.ac.uk:1095
130819 19:52:40 001 Xrd: GoToAnotherServer: Going to: dc2-grid-pool-a4-05.brunel.ac.uk:1095
130819 19:52:41 001 Xrd: GoToAnotherServer: Going to: dc2-grid-04.brunel.ac.uk:1095
130819 19:52:42 001 Xrd: GoToAnotherServer: Going to: dc2-grid-02.brunel.ac.uk:1095
130819 19:52:45 001 Xrd: GoToAnotherServer: Going to: dc2-grid-pool-a4-01.brunel.ac.uk:1095
130819 19:52:47 001 Xrd: GoToAnotherServer: Going to: dc2-grid-pool-a4-04.brunel.ac.uk:1095
130819 19:52:50 001 Xrd: GoToAnotherServer: Going to: dc2-grid-pool-a4-07.brunel.ac.uk:1095
130819 19:52:50 001 Xrd: GoToAnotherServer: Going to: dc2-grid-pool-a4-05.brunel.ac.uk:1095
130819 19:52:51 001 Xrd: GoToAnotherServer: Going to: dc2-grid-pool-a1-06.brunel.ac.uk:1095
130819 19:52:54 001 Xrd: GoToAnotherServer: Going to: dc2-grid-03.brunel.ac.uk:1095
130819 19:52:56 001 Xrd: GoToAnotherServer: Going to: dc2-grid-pool-a4-06.brunel.ac.uk:1095
130819 19:52:57 001 Xrd: GoToAnotherServer: Going to: dc2-grid-pool-a4-06.brunel.ac.uk:1095
130819 19:53:00 001 Xrd: GoToAnotherServer: Going to: dc2-grid-pool-a4-07.brunel.ac.uk:1095
130819 19:53:01 001 Xrd: GoToAnotherServer: Going to: dc2-grid-pool-a4-06.brunel.ac.uk:1095
130819 19:53:02 001 Xrd: GoToAnotherServer: Going to: dc2-grid-pool-a4-02.brunel.ac.uk:1095
130819 19:53:03 001 Xrd: GoToAnotherServer: Going to: dc2-grid-pool-a1-06.brunel.ac.uk:1095
130819 19:53:04 001 Xrd: GoToAnotherServer: Going to: dc2-grid-pool-a4-06.brunel.ac.uk:1095
130819 19:53:05 001 Xrd: GoToAnotherServer: Going to: dc2-grid-02.brunel.ac.uk:1095
130819 19:53:06 001 Xrd: GoToAnotherServer: Going to: dc2-grid-02.brunel.ac.uk:1095
130819 19:53:11 001 Xrd: GoToAnotherServer: Going to: dc2-grid-04.brunel.ac.uk:1095
130819 19:53:12 001 Xrd: GoToAnotherServer: Going to: dc2-grid-pool-a4-02.brunel.ac.uk:1095
130819 19:53:13 001 Xrd: GoToAnotherServer: Going to: dc2-grid-04.brunel.ac.uk:1095
130819 19:53:14 001 Xrd: GoToAnotherServer: Going to: dc2-grid-pool-a4-02.brunel.ac.uk:1095
130819 19:53:16 001 Xrd: GoToAnotherServer: Going to: dc2-grid-04.brunel.ac.uk:1095
130819 19:53:18 001 Xrd: GoToAnotherServer: Going to: dc2-grid-03.brunel.ac.uk:1095
130819 19:53:19 001 Xrd: GoToAnotherServer: Going to: dc2-grid-02.brunel.ac.uk:1095
130819 19:53:21 001 Xrd: GoToAnotherServer: Going to: dc2-grid-pool-a4-04.brunel.ac.uk:1095
130819 19:53:23 001 Xrd: GoToAnotherServer: Going to: dc2-grid-pool-a4-04.brunel.ac.uk:1095
130819 19:53:24 001 Xrd: GoToAnotherServer: Going to: dc2-grid-pool-a1-06.brunel.ac.uk:1095
130819 19:53:25 001 Xrd: GoToAnotherServer: Going to: dc2-grid-02.brunel.ac.uk:1095
130819 19:53:25 001 Xrd: GoToAnotherServer: Going to: dc2-grid-pool-00.brunel.ac.uk:1095
130819 19:53:34 001 Xrd: GoToAnotherServer: Going to: dc2-grid-pool-a4-06.brunel.ac.uk:1095
130819 19:53:38 001 Xrd: GoToAnotherServer: Going to: dc2-grid-pool-a4-04.brunel.ac.uk:1095
130819 19:53:43 001 Xrd: GoToAnotherServer: Going to: dc2-grid-04.brunel.ac.uk:1095
130819 19:53:44 001 Xrd: GoToAnotherServer: Going to: dc2-grid-pool-a4-05.brunel.ac.uk:1095
130819 19:53:44 001 Xrd: GoToAnotherServer: Going to: dc2-grid-03.brunel.ac.uk:1095
130819 19:53:46 001 Xrd: GoToAnotherServer: Going to: dc2-grid-pool-a4-06.brunel.ac.uk:1095
130819 19:53:47 001 Xrd: GoToAnotherServer: Going to: dc2-grid-pool-a4-07.brunel.ac.uk:1095
130819 19:53:47 001 Xrd: GoToAnotherServer: Going to: dc2-grid-pool-a4-07.brunel.ac.uk:1095
130819 19:53:49 001 Xrd: GoToAnotherServer: Going to: dc2-grid-pool-a4-04.brunel.ac.uk:1095
130819 19:53:50 001 Xrd: GoToAnotherServer: Going to: dc2-grid-pool-a4-04.brunel.ac.uk:1095
130819 19:53:52 001 Xrd: GoToAnotherServer: Going to: dc2-grid-03.brunel.ac.uk:1095
130819 19:53:53 001 Xrd: GoToAnotherServer: Going to: dc2-grid-04.brunel.ac.uk:1095
130819 19:53:54 001 Xrd: GoToAnotherServer: Going to: dc2-grid-pool-a4-05.brunel.ac.uk:1095
130819 19:53:55 001 Xrd: GoToAnotherServer: Going to: dc2-grid-04.brunel.ac.uk:1095
130819 19:53:57 001 Xrd: GoToAnotherServer: Going to: dc2-grid-pool-a4-04.brunel.ac.uk:1095
130819 19:53:58 001 Xrd: GoToAnotherServer: Going to: dc2-grid-pool-a4-02.brunel.ac.uk:1095
130819 19:54:01 001 Xrd: GoToAnotherServer: Going to: dc2-grid-04.brunel.ac.uk:1095
130819 19:54:03 001 Xrd: GoToAnotherServer: Going to: dc2-grid-04.brunel.ac.uk:1095
130819 19:54:05 001 Xrd: GoToAnotherServer: Going to: dc2-grid-04.brunel.ac.uk:1095
130819 19:54:06 001 Xrd: GoToAnotherServer: Going to: dc2-grid-pool-a4-02.brunel.ac.uk:1095
130819 19:54:07 001 Xrd: GoToAnotherServer: Going to: dc2-grid-04.brunel.ac.uk:1095
130819 19:54:10 001 Xrd: GoToAnotherServer: Going to: dc2-grid-pool-a4-06.brunel.ac.uk:1095
130819 19:54:10 001 Xrd: GoToAnotherServer: Going to: dc2-grid-04.brunel.ac.uk:1095
130819 19:54:11 001 Xrd: GoToAnotherServer: Going to: dc2-grid-04.brunel.ac.uk:1095
130819 19:54:12 001 Xrd: GoToAnotherServer: Going to: dc2-grid-03.brunel.ac.uk:1095
130819 19:54:12 001 Xrd: GoToAnotherServer: Going to: dc2-grid-pool-a4-07.brunel.ac.uk:1095
130819 19:54:13 001 Xrd: GoToAnotherServer: Going to: dc2-grid-pool-a4-04.brunel.ac.uk:1095
130819 19:54:15 001 Xrd: GoToAnotherServer: Going to: dc2-grid-pool-a4-05.brunel.ac.uk:1095
130819 19:54:16 001 Xrd: GoToAnotherServer: Going to: dc2-grid-04.brunel.ac.uk:1095
130819 19:54:17 001 Xrd: GoToAnotherServer: Going to: dc2-grid-pool-a4-05.brunel.ac.uk:1095
130819 19:54:17 001 Xrd: GoToAnotherServer: Going to: dc2-grid-pool-a4-07.brunel.ac.uk:1095
130819 19:54:18 001 Xrd: GoToAnotherServer: Going to: dc2-grid-pool-a4-07.brunel.ac.uk:1095
130819 19:54:19 001 Xrd: GoToAnotherServer: Going to: dc2-grid-pool-a4-07.brunel.ac.uk:1095
130819 19:54:22 001 Xrd: GoToAnotherServer: Going to: dc2-grid-04.brunel.ac.uk:1095
130819 19:54:22 001 Xrd: GoToAnotherServer: Going to: dc2-grid-pool-a4-07.brunel.ac.uk:1095
130819 19:54:23 001 Xrd: GoToAnotherServer: Going to: dc2-grid-02.brunel.ac.uk:1095
130819 19:54:24 001 Xrd: GoToAnotherServer: Going to: dc2-grid-pool-a4-05.brunel.ac.uk:1095
130819 19:54:26 001 Xrd: GoToAnotherServer: Going to: dc2-grid-pool-a1-07.brunel.ac.uk:1095
130819 19:54:27 001 Xrd: GoToAnotherServer: Going to: dc2-grid-04.brunel.ac.uk:1095
130819 19:54:27 001 Xrd: GoToAnotherServer: Going to: dc2-grid-pool-a4-04.brunel.ac.uk:1095
130819 19:54:30 001 Xrd: GoToAnotherServer: Going to: dc2-grid-04.brunel.ac.uk:1095
130819 19:54:33 001 Xrd: GoToAnotherServer: Going to: dc2-grid-pool-a4-07.brunel.ac.uk:1095
130819 19:54:35 001 Xrd: GoToAnotherServer: Going to: dc2-grid-04.brunel.ac.uk:1095
130819 19:54:37 001 Xrd: GoToAnotherServer: Going to: dc2-grid-pool-a4-07.brunel.ac.uk:1095
130819 19:54:38 001 Xrd: GoToAnotherServer: Going to: dc2-grid-pool-a4-06.brunel.ac.uk:1095
130819 19:54:39 001 Xrd: GoToAnotherServer: Going to: dc2-grid-04.brunel.ac.uk:1095
130819 19:54:43 001 Xrd: GoToAnotherServer: Going to: dc2-grid-04.brunel.ac.uk:1095
130819 19:54:44 001 Xrd: GoToAnotherServer: Going to: dc2-grid-pool-a4-07.brunel.ac.uk:1095
130819 19:54:45 001 Xrd: GoToAnotherServer: Going to: dc2-grid-02.brunel.ac.uk:1095
130819 19:54:45 001 Xrd: GoToAnotherServer: Going to: dc2-grid-pool-a4-06.brunel.ac.uk:1095
130819 19:54:47 001 Xrd: GoToAnotherServer: Going to: dc2-grid-02.brunel.ac.uk:1095
130819 19:54:49 001 Xrd: GoToAnotherServer: Going to: dc2-grid-pool-a4-02.brunel.ac.uk:1095
130819 19:54:50 001 Xrd: GoToAnotherServer: Going to: dc2-grid-pool-a4-02.brunel.ac.uk:1095
130819 19:54:53 001 Xrd: GoToAnotherServer: Going to: dc2-grid-pool-a4-02.brunel.ac.uk:1095
130819 19:54:54 001 Xrd: GoToAnotherServer: Going to: dc2-grid-pool-a4-01.brunel.ac.uk:1095
130819 19:54:55 001 Xrd: GoToAnotherServer: Going to: dc2-grid-pool-a4-05.brunel.ac.uk:1095
130819 19:54:55 001 Xrd: GoToAnotherServer: Going to: dc2-grid-pool-a1-07.brunel.ac.uk:1095
130819 19:54:57 001 Xrd: GoToAnotherServer: Going to: dc2-grid-05.brunel.ac.uk:1095
130819 19:55:00 001 Xrd: GoToAnotherServer: Going to: dc2-grid-05.brunel.ac.uk:1095
130819 19:55:01 001 Xrd: GoToAnotherServer: Going to: dc2-grid-04.brunel.ac.uk:1095
130819 19:55:01 001 Xrd: GoToAnotherServer: Going to: dc2-grid-pool-a4-06.brunel.ac.uk:1095
130819 19:55:04 001 Xrd: GoToAnotherServer: Going to: dc2-grid-pool-a4-06.brunel.ac.uk:1095
130819 19:55:04 001 Xrd: GoToAnotherServer: Going to: dc2-grid-pool-a4-06.brunel.ac.uk:1095
130819 19:55:07 001 Xrd: GoToAnotherServer: Going to: dc2-grid-03.brunel.ac.uk:1095
130819 19:55:08 001 Xrd: GoToAnotherServer: Going to: dc2-grid-04.brunel.ac.uk:1095
130819 19:55:08 001 Xrd: GoToAnotherServer: Going to: dc2-grid-pool-a4-06.brunel.ac.uk:1095
130819 19:55:09 001 Xrd: GoToAnotherServer: Going to: dc2-grid-pool-a4-02.brunel.ac.uk:1095
130819 19:55:10 001 Xrd: GoToAnotherServer: Going to: dc2-grid-pool-a4-07.brunel.ac.uk:1095
130819 19:55:13 001 Xrd: GoToAnotherServer: Going to: dc2-grid-pool-a4-06.brunel.ac.uk:1095
130819 19:55:14 001 Xrd: GoToAnotherServer: Going to: dc2-grid-pool-a4-06.brunel.ac.uk:1095
130819 19:55:17 001 Xrd: GoToAnotherServer: Going to: dc2-grid-02.brunel.ac.uk:1095
130819 19:55:17 001 Xrd: GoToAnotherServer: Going to: dc2-grid-pool-a4-01.brunel.ac.uk:1095
130819 19:55:18 001 Xrd: GoToAnotherServer: Going to: dc2-grid-04.brunel.ac.uk:1095
130819 19:55:21 001 Xrd: GoToAnotherServer: Going to: dc2-grid-pool-a4-05.brunel.ac.uk:1095
130819 19:55:21 001 Xrd: GoToAnotherServer: Going to: dc2-grid-04.brunel.ac.uk:1095
130819 19:55:22 001 Xrd: GoToAnotherServer: Going to: dc2-grid-04.brunel.ac.uk:1095
130819 19:55:24 001 Xrd: GoToAnotherServer: Going to: dc2-grid-pool-a4-02.brunel.ac.uk:1095
130819 19:55:25 001 Xrd: GoToAnotherServer: Going to: dc2-grid-pool-a1-07.brunel.ac.uk:1095
130819 19:55:28 001 Xrd: GoToAnotherServer: Going to: dc2-grid-pool-a4-01.brunel.ac.uk:1095
130819 19:55:28 001 Xrd: GoToAnotherServer: Going to: dc2-grid-pool-a4-04.brunel.ac.uk:1095
130819 19:55:29 001 Xrd: GoToAnotherServer: Going to: dc2-grid-pool-a4-06.brunel.ac.uk:1095
130819 19:55:30 001 Xrd: GoToAnotherServer: Going to: dc2-grid-03.brunel.ac.uk:1095
130819 19:55:31 001 Xrd: GoToAnotherServer: Going to: dc2-grid-pool-00.brunel.ac.uk:1095
130819 19:55:34 001 Xrd: GoToAnotherServer: Going to: dc2-grid-04.brunel.ac.uk:1095
130819 19:55:35 001 Xrd: GoToAnotherServer: Going to: dc2-grid-04.brunel.ac.uk:1095
130819 19:55:35 001 Xrd: GoToAnotherServer: Going to: dc2-grid-04.brunel.ac.uk:1095
130819 19:55:36 001 Xrd: GoToAnotherServer: Going to: dc2-grid-03.brunel.ac.uk:1095
130819 19:55:38 001 Xrd: GoToAnotherServer: Going to: dc2-grid-05.brunel.ac.uk:1095
130819 19:55:39 001 Xrd: GoToAnotherServer: Going to: dc2-grid-pool-a1-07.brunel.ac.uk:1095
130819 19:55:40 001 Xrd: GoToAnotherServer: Going to: dc2-grid-04.brunel.ac.uk:1095
130819 19:55:41 001 Xrd: GoToAnotherServer: Going to: dc2-grid-03.brunel.ac.uk:1095
130819 19:55:44 001 Xrd: GoToAnotherServer: Going to: dc2-grid-pool-a4-05.brunel.ac.uk:1095
130819 19:55:44 001 Xrd: GoToAnotherServer: Going to: dc2-grid-pool-a4-07.brunel.ac.uk:1095
130819 19:55:47 001 Xrd: GoToAnotherServer: Going to: dc2-grid-pool-a4-04.brunel.ac.uk:1095
130819 19:55:49 001 Xrd: GoToAnotherServer: Going to: dc2-grid-02.brunel.ac.uk:1095
130819 19:55:50 001 Xrd: GoToAnotherServer: Going to: dc2-grid-pool-a4-05.brunel.ac.uk:1095
130819 19:55:50 001 Xrd: GoToAnotherServer: Going to: dc2-grid-pool-a4-01.brunel.ac.uk:1095
130819 19:55:52 001 Xrd: GoToAnotherServer: Going to: dc2-grid-04.brunel.ac.uk:1095
130819 19:55:55 001 Xrd: GoToAnotherServer: Going to: dc2-grid-04.brunel.ac.uk:1095
130819 19:55:55 001 Xrd: GoToAnotherServer: Going to: dc2-grid-pool-a4-05.brunel.ac.uk:1095
130819 19:55:56 001 Xrd: GoToAnotherServer: Going to: dc2-grid-pool-a4-06.brunel.ac.uk:1095
130819 19:55:57 001 Xrd: GoToAnotherServer: Going to: dc2-grid-pool-a4-04.brunel.ac.uk:1095
130819 19:55:57 001 Xrd: GoToAnotherServer: Going to: dc2-grid-04.brunel.ac.uk:1095
130819 19:56:00 001 Xrd: GoToAnotherServer: Going to: dc2-grid-02.brunel.ac.uk:1095
130819 19:56:05 001 Xrd: GoToAnotherServer: Going to: dc2-grid-pool-a4-01.brunel.ac.uk:1095
130819 19:56:07 001 Xrd: GoToAnotherServer: Going to: dc2-grid-02.brunel.ac.uk:1095
130819 19:56:08 001 Xrd: GoToAnotherServer: Going to: dc2-grid-pool-a4-04.brunel.ac.uk:1095
130819 19:56:10 001 Xrd: GoToAnotherServer: Going to: dc2-grid-04.brunel.ac.uk:1095
130819 19:56:10 001 Xrd: GoToAnotherServer: Going to: dc2-grid-04.brunel.ac.uk:1095
130819 19:56:14 001 Xrd: GoToAnotherServer: Going to: dc2-grid-pool-a4-04.brunel.ac.uk:1095
130819 19:56:15 001 Xrd: GoToAnotherServer: Going to: dc2-grid-02.brunel.ac.uk:1095
130819 19:56:16 001 Xrd: GoToAnotherServer: Going to: dc2-grid-pool-a4-01.brunel.ac.uk:1095
130819 19:56:18 001 Xrd: GoToAnotherServer: Going to: dc2-grid-pool-a4-06.brunel.ac.uk:1095
130819 19:56:19 001 Xrd: GoToAnotherServer: Going to: dc2-grid-pool-a4-04.brunel.ac.uk:1095
130819 19:56:20 001 Xrd: GoToAnotherServer: Going to: dc2-grid-pool-00.brunel.ac.uk:1095
130819 19:56:22 001 Xrd: GoToAnotherServer: Going to: dc2-grid-pool-a4-05.brunel.ac.uk:1095
130819 19:56:26 001 Xrd: GoToAnotherServer: Going to: dc2-grid-02.brunel.ac.uk:1095
130819 19:56:28 001 Xrd: GoToAnotherServer: Going to: dc2-grid-pool-a4-01.brunel.ac.uk:1095
130819 19:56:28 001 Xrd: GoToAnotherServer: Going to: dc2-grid-04.brunel.ac.uk:1095
130819 19:56:33 001 Xrd: GoToAnotherServer: Going to: dc2-grid-04.brunel.ac.uk:1095
130819 19:56:36 001 Xrd: GoToAnotherServer: Going to: dc2-grid-04.brunel.ac.uk:1095
130819 19:56:40 001 Xrd: GoToAnotherServer: Going to: dc2-grid-pool-a4-05.brunel.ac.uk:1095
130819 19:56:42 001 Xrd: GoToAnotherServer: Going to: dc2-grid-04.brunel.ac.uk:1095
130819 19:56:45 001 Xrd: GoToAnotherServer: Going to: dc2-grid-pool-a1-06.brunel.ac.uk:1095
130819 19:56:47 001 Xrd: GoToAnotherServer: Going to: dc2-grid-04.brunel.ac.uk:1095
130819 19:56:52 001 Xrd: GoToAnotherServer: Going to: dc2-grid-03.brunel.ac.uk:1095
130819 19:56:53 001 Xrd: GoToAnotherServer: Going to: dc2-grid-04.brunel.ac.uk:1095
130819 19:56:55 001 Xrd: GoToAnotherServer: Going to: dc2-grid-pool-a4-07.brunel.ac.uk:1095
130819 19:56:56 001 Xrd: GoToAnotherServer: Going to: dc2-grid-02.brunel.ac.uk:1095
130819 19:56:57 001 Xrd: GoToAnotherServer: Going to: dc2-grid-04.brunel.ac.uk:1095
130819 19:56:57 001 Xrd: GoToAnotherServer: Going to: dc2-grid-pool-a4-07.brunel.ac.uk:1095
130819 19:56:58 001 Xrd: GoToAnotherServer: Going to: dc2-grid-pool-a4-04.brunel.ac.uk:1095
130819 19:57:01 001 Xrd: GoToAnotherServer: Going to: dc2-grid-pool-a4-06.brunel.ac.uk:1095
130819 19:57:01 001 Xrd: GoToAnotherServer: Going to: dc2-grid-04.brunel.ac.uk:1095
130819 19:57:02 001 Xrd: GoToAnotherServer: Going to: dc2-grid-pool-a1-06.brunel.ac.uk:1095
130819 19:57:04 001 Xrd: GoToAnotherServer: Going to: dc2-grid-pool-a4-05.brunel.ac.uk:1095
130819 19:57:07 001 Xrd: GoToAnotherServer: Going to: dc2-grid-pool-a4-07.brunel.ac.uk:1095
130819 19:57:09 001 Xrd: GoToAnotherServer: Going to: dc2-grid-pool-a4-07.brunel.ac.uk:1095
130819 19:57:11 001 Xrd: GoToAnotherServer: Going to: dc2-grid-pool-a4-02.brunel.ac.uk:1095
130819 19:57:14 001 Xrd: GoToAnotherServer: Going to: dc2-grid-04.brunel.ac.uk:1095
130819 19:57:14 001 Xrd: GoToAnotherServer: Going to: dc2-grid-04.brunel.ac.uk:1095
130819 19:57:23 001 Xrd: GoToAnotherServer: Going to: dc2-grid-pool-a1-06.brunel.ac.uk:1095
130819 19:57:24 001 Xrd: GoToAnotherServer: Going to: dc2-grid-pool-a4-01.brunel.ac.uk:1095
130819 19:57:26 001 Xrd: GoToAnotherServer: Going to: dc2-grid-pool-a4-05.brunel.ac.uk:1095
130819 19:57:26 001 Xrd: GoToAnotherServer: Going to: dc2-grid-pool-a4-07.brunel.ac.uk:1095
130819 19:57:27 001 Xrd: GoToAnotherServer: Going to: dc2-grid-pool-a4-04.brunel.ac.uk:1095
130819 19:57:28 001 Xrd: GoToAnotherServer: Going to: dc2-grid-04.brunel.ac.uk:1095
130819 19:57:29 001 Xrd: GoToAnotherServer: Going to: dc2-grid-03.brunel.ac.uk:1095
130819 19:57:30 001 Xrd: GoToAnotherServer: Going to: dc2-grid-pool-a4-07.brunel.ac.uk:1095
130819 19:57:31 001 Xrd: GoToAnotherServer: Going to: dc2-grid-04.brunel.ac.uk:1095
130819 19:57:33 001 Xrd: GoToAnotherServer: Going to: dc2-grid-pool-a4-04.brunel.ac.uk:1095
130819 19:57:35 001 Xrd: GoToAnotherServer: Going to: dc2-grid-pool-a4-02.brunel.ac.uk:1095
130819 19:57:36 001 Xrd: GoToAnotherServer: Going to: dc2-grid-04.brunel.ac.uk:1095
130819 19:57:37 001 Xrd: GoToAnotherServer: Going to: dc2-grid-pool-a4-05.brunel.ac.uk:1095
130819 19:57:37 001 Xrd: GoToAnotherServer: Going to: dc2-grid-03.brunel.ac.uk:1095
130819 19:57:40 001 Xrd: GoToAnotherServer: Going to: dc2-grid-04.brunel.ac.uk:1095
130819 19:57:41 001 Xrd: GoToAnotherServer: Going to: dc2-grid-pool-a4-02.brunel.ac.uk:1095
130819 19:57:44 001 Xrd: GoToAnotherServer: Going to: dc2-grid-04.brunel.ac.uk:1095
130819 19:57:45 001 Xrd: GoToAnotherServer: Going to: dc2-grid-04.brunel.ac.uk:1095
130819 19:57:46 001 Xrd: GoToAnotherServer: Going to: dc2-grid-pool-a4-04.brunel.ac.uk:1095
130819 19:57:48 001 Xrd: GoToAnotherServer: Going to: dc2-grid-pool-a4-04.brunel.ac.uk:1095
130819 19:57:49 001 Xrd: GoToAnotherServer: Going to: dc2-grid-pool-a4-04.brunel.ac.uk:1095
130819 19:57:49 001 Xrd: GoToAnotherServer: Going to: dc2-grid-03.brunel.ac.uk:1095
130819 19:57:54 001 Xrd: GoToAnotherServer: Going to: dc2-grid-pool-a4-05.brunel.ac.uk:1095
130819 19:57:55 001 Xrd: GoToAnotherServer: Going to: dc2-grid-pool-a4-06.brunel.ac.uk:1095
130819 19:57:55 001 Xrd: GoToAnotherServer: Going to: dc2-grid-02.brunel.ac.uk:1095
130819 19:58:00 001 Xrd: GoToAnotherServer: Going to: dc2-grid-02.brunel.ac.uk:1095
130819 19:58:02 001 Xrd: GoToAnotherServer: Going to: dc2-grid-pool-a4-02.brunel.ac.uk:1095
130819 19:58:02 001 Xrd: GoToAnotherServer: Going to: dc2-grid-04.brunel.ac.uk:1095
130819 19:58:03 001 Xrd: GoToAnotherServer: Going to: dc2-grid-pool-a4-05.brunel.ac.uk:1095
130819 19:58:04 001 Xrd: GoToAnotherServer: Going to: dc2-grid-pool-a4-04.brunel.ac.uk:1095
130819 19:58:06 001 Xrd: GoToAnotherServer: Going to: dc2-grid-pool-a4-04.brunel.ac.uk:1095
130819 19:58:07 001 Xrd: GoToAnotherServer: Going to: dc2-grid-pool-a4-05.brunel.ac.uk:1095
130819 19:58:08 001 Xrd: GoToAnotherServer: Going to: dc2-grid-02.brunel.ac.uk:1095
130819 19:58:10 001 Xrd: GoToAnotherServer: Going to: dc2-grid-04.brunel.ac.uk:1095
130819 19:58:11 001 Xrd: GoToAnotherServer: Going to: dc2-grid-pool-a4-01.brunel.ac.uk:1095
130819 19:58:14 001 Xrd: GoToAnotherServer: Going to: dc2-grid-pool-a4-06.brunel.ac.uk:1095
130819 19:58:16 001 Xrd: GoToAnotherServer: Going to: dc2-grid-04.brunel.ac.uk:1095
130819 19:58:16 001 Xrd: GoToAnotherServer: Going to: dc2-grid-pool-a4-06.brunel.ac.uk:1095
130819 19:58:17 001 Xrd: GoToAnotherServer: Going to: dc2-grid-pool-a1-06.brunel.ac.uk:1095
130819 19:58:18 001 Xrd: GoToAnotherServer: Going to: dc2-grid-pool-a4-02.brunel.ac.uk:1095
130819 19:58:20 001 Xrd: GoToAnotherServer: Going to: dc2-grid-pool-a4-05.brunel.ac.uk:1095
130819 19:58:22 001 Xrd: GoToAnotherServer: Going to: dc2-grid-pool-a4-04.brunel.ac.uk:1095
130819 19:58:23 001 Xrd: GoToAnotherServer: Going to: dc2-grid-04.brunel.ac.uk:1095
130819 19:58:24 001 Xrd: GoToAnotherServer: Going to: dc2-grid-05.brunel.ac.uk:1095
130819 19:58:25 001 Xrd: GoToAnotherServer: Going to: dc2-grid-pool-a4-02.brunel.ac.uk:1095
130819 19:58:27 001 Xrd: GoToAnotherServer: Going to: dc2-grid-pool-a4-04.brunel.ac.uk:1095
130819 19:58:28 001 Xrd: GoToAnotherServer: Going to: dc2-grid-04.brunel.ac.uk:1095
130819 19:58:29 001 Xrd: GoToAnotherServer: Going to: dc2-grid-04.brunel.ac.uk:1095
130819 19:58:30 001 Xrd: GoToAnotherServer: Going to: dc2-grid-pool-a4-04.brunel.ac.uk:1095
130819 19:58:31 001 Xrd: GoToAnotherServer: Going to: dc2-grid-pool-a4-07.brunel.ac.uk:1095
130819 19:58:34 001 Xrd: GoToAnotherServer: Going to: dc2-grid-pool-a4-05.brunel.ac.uk:1095
130819 19:58:35 001 Xrd: GoToAnotherServer: Going to: dc2-grid-04.brunel.ac.uk:1095
130819 19:58:37 001 Xrd: GoToAnotherServer: Going to: dc2-grid-pool-a4-07.brunel.ac.uk:1095
130819 19:58:38 001 Xrd: GoToAnotherServer: Going to: dc2-grid-05.brunel.ac.uk:1095
130819 19:58:39 001 Xrd: GoToAnotherServer: Going to: dc2-grid-pool-a4-06.brunel.ac.uk:1095
130819 19:58:39 001 Xrd: GoToAnotherServer: Going to: dc2-grid-pool-a4-07.brunel.ac.uk:1095
130819 19:58:42 001 Xrd: GoToAnotherServer: Going to: dc2-grid-pool-a1-06.brunel.ac.uk:1095
130819 19:58:44 001 Xrd: GoToAnotherServer: Going to: dc2-grid-pool-a4-06.brunel.ac.uk:1095
130819 19:58:45 001 Xrd: GoToAnotherServer: Going to: dc2-grid-pool-a4-04.brunel.ac.uk:1095
130819 19:58:45 001 Xrd: GoToAnotherServer: Going to: dc2-grid-pool-a4-06.brunel.ac.uk:1095
130819 19:58:46 001 Xrd: GoToAnotherServer: Going to: dc2-grid-pool-a1-06.brunel.ac.uk:1095
130819 19:58:48 001 Xrd: GoToAnotherServer: Going to: dc2-grid-pool-a4-06.brunel.ac.uk:1095
130819 19:58:51 001 Xrd: GoToAnotherServer: Going to: dc2-grid-03.brunel.ac.uk:1095
130819 19:58:52 001 Xrd: GoToAnotherServer: Going to: dc2-grid-pool-a4-02.brunel.ac.uk:1095
130819 19:58:53 001 Xrd: GoToAnotherServer: Going to: dc2-grid-pool-a4-07.brunel.ac.uk:1095
130819 19:58:55 001 Xrd: GoToAnotherServer: Going to: dc2-grid-pool-a4-07.brunel.ac.uk:1095
130819 19:58:56 001 Xrd: GoToAnotherServer: Going to: dc2-grid-02.brunel.ac.uk:1095
130819 19:58:58 001 Xrd: GoToAnotherServer: Going to: dc2-grid-04.brunel.ac.uk:1095
130819 19:59:01 001 Xrd: GoToAnotherServer: Going to: dc2-grid-05.brunel.ac.uk:1095
130819 19:59:02 001 Xrd: GoToAnotherServer: Going to: dc2-grid-04.brunel.ac.uk:1095
130819 19:59:02 001 Xrd: GoToAnotherServer: Going to: dc2-grid-04.brunel.ac.uk:1095
130819 19:59:04 001 Xrd: GoToAnotherServer: Going to: dc2-grid-04.brunel.ac.uk:1095
130819 19:59:06 001 Xrd: GoToAnotherServer: Going to: dc2-grid-pool-a4-07.brunel.ac.uk:1095
130819 19:59:07 001 Xrd: GoToAnotherServer: Going to: dc2-grid-05.brunel.ac.uk:1095
130819 19:59:08 001 Xrd: GoToAnotherServer: Going to: dc2-grid-pool-00.brunel.ac.uk:1095
130819 19:59:09 001 Xrd: GoToAnotherServer: Going to: dc2-grid-04.brunel.ac.uk:1095
130819 19:59:10 001 Xrd: GoToAnotherServer: Going to: dc2-grid-03.brunel.ac.uk:1095
130819 19:59:13 001 Xrd: GoToAnotherServer: Going to: dc2-grid-pool-a4-06.brunel.ac.uk:1095
130819 19:59:15 001 Xrd: GoToAnotherServer: Going to: dc2-grid-pool-a4-05.brunel.ac.uk:1095
130819 19:59:17 001 Xrd: GoToAnotherServer: Going to: dc2-grid-05.brunel.ac.uk:1095
130819 19:59:17 001 Xrd: GoToAnotherServer: Going to: dc2-grid-04.brunel.ac.uk:1095
130819 19:59:18 001 Xrd: GoToAnotherServer: Going to: dc2-grid-pool-a4-05.brunel.ac.uk:1095
130819 19:59:20 001 Xrd: GoToAnotherServer: Going to: dc2-grid-pool-a4-02.brunel.ac.uk:1095
130819 19:59:21 001 Xrd: GoToAnotherServer: Going to: dc2-grid-pool-a1-06.brunel.ac.uk:1095
130819 19:59:24 001 Xrd: GoToAnotherServer: Going to: dc2-grid-04.brunel.ac.uk:1095
130819 19:59:25 001 Xrd: GoToAnotherServer: Going to: dc2-grid-04.brunel.ac.uk:1095
130819 19:59:26 001 Xrd: GoToAnotherServer: Going to: dc2-grid-04.brunel.ac.uk:1095
130819 19:59:27 001 Xrd: GoToAnotherServer: Going to: dc2-grid-pool-a4-04.brunel.ac.uk:1095
130819 19:59:28 001 Xrd: GoToAnotherServer: Going to: dc2-grid-03.brunel.ac.uk:1095
130819 19:59:29 001 Xrd: GoToAnotherServer: Going to: dc2-grid-pool-a4-05.brunel.ac.uk:1095
130819 19:59:30 001 Xrd: GoToAnotherServer: Going to: dc2-grid-04.brunel.ac.uk:1095
130819 19:59:33 001 Xrd: GoToAnotherServer: Going to: dc2-grid-pool-a4-01.brunel.ac.uk:1095
130819 19:59:33 001 Xrd: GoToAnotherServer: Going to: dc2-grid-pool-a4-07.brunel.ac.uk:1095
130819 19:59:36 001 Xrd: GoToAnotherServer: Going to: dc2-grid-pool-a4-04.brunel.ac.uk:1095
130819 19:59:38 001 Xrd: GoToAnotherServer: Going to: dc2-grid-pool-a1-06.brunel.ac.uk:1095
130819 19:59:40 001 Xrd: GoToAnotherServer: Going to: dc2-grid-pool-a4-06.brunel.ac.uk:1095
130819 19:59:41 001 Xrd: GoToAnotherServer: Going to: dc2-grid-pool-a4-04.brunel.ac.uk:1095
130819 19:59:46 001 Xrd: GoToAnotherServer: Going to: dc2-grid-pool-a4-07.brunel.ac.uk:1095
130819 19:59:48 001 Xrd: GoToAnotherServer: Going to: dc2-grid-pool-a4-02.brunel.ac.uk:1095
130819 19:59:52 001 Xrd: GoToAnotherServer: Going to: dc2-grid-pool-a4-02.brunel.ac.uk:1095
130819 19:59:53 001 Xrd: GoToAnotherServer: Going to: dc2-grid-05.brunel.ac.uk:1095
130819 19:59:54 001 Xrd: GoToAnotherServer: Going to: dc2-grid-pool-a4-02.brunel.ac.uk:1095
130819 19:59:57 001 Xrd: GoToAnotherServer: Going to: dc2-grid-pool-a4-06.brunel.ac.uk:1095
130819 19:59:58 001 Xrd: GoToAnotherServer: Going to: dc2-grid-04.brunel.ac.uk:1095
130819 19:59:59 001 Xrd: GoToAnotherServer: Going to: dc2-grid-pool-a4-04.brunel.ac.uk:1095
130819 20:00:02 001 Xrd: GoToAnotherServer: Going to: dc2-grid-pool-a4-02.brunel.ac.uk:1095
130819 20:00:02 001 Xrd: GoToAnotherServer: Going to: dc2-grid-pool-00.brunel.ac.uk:1095
130819 20:00:07 001 Xrd: GoToAnotherServer: Going to: dc2-grid-pool-a4-02.brunel.ac.uk:1095
130819 20:00:07 001 Xrd: GoToAnotherServer: Going to: dc2-grid-04.brunel.ac.uk:1095
130819 20:00:10 001 Xrd: GoToAnotherServer: Going to: dc2-grid-04.brunel.ac.uk:1095
130819 20:00:12 001 Xrd: GoToAnotherServer: Going to: dc2-grid-pool-a4-06.brunel.ac.uk:1095
130819 20:00:14 001 Xrd: GoToAnotherServer: Going to: dc2-grid-pool-a4-06.brunel.ac.uk:1095
130819 20:00:17 001 Xrd: GoToAnotherServer: Going to: dc2-grid-04.brunel.ac.uk:1095
130819 20:00:19 001 Xrd: GoToAnotherServer: Going to: dc2-grid-pool-a4-07.brunel.ac.uk:1095
130819 20:00:22 001 Xrd: GoToAnotherServer: Going to: dc2-grid-pool-a4-04.brunel.ac.uk:1095
130819 20:00:23 001 Xrd: GoToAnotherServer: Going to: dc2-grid-03.brunel.ac.uk:1095
130819 20:00:25 001 Xrd: GoToAnotherServer: Going to: dc2-grid-04.brunel.ac.uk:1095
130819 20:00:28 001 Xrd: GoToAnotherServer: Going to: dc2-grid-pool-a4-06.brunel.ac.uk:1095
130819 20:00:29 001 Xrd: GoToAnotherServer: Going to: dc2-grid-04.brunel.ac.uk:1095
130819 20:00:30 001 Xrd: GoToAnotherServer: Going to: dc2-grid-04.brunel.ac.uk:1095
130819 20:00:33 001 Xrd: GoToAnotherServer: Going to: dc2-grid-pool-a4-01.brunel.ac.uk:1095
130819 20:00:38 001 Xrd: GoToAnotherServer: Going to: dc2-grid-pool-00.brunel.ac.uk:1095
130819 20:00:39 001 Xrd: GoToAnotherServer: Going to: dc2-grid-pool-a4-02.brunel.ac.uk:1095
130819 20:00:41 001 Xrd: GoToAnotherServer: Going to: dc2-grid-04.brunel.ac.uk:1095
130819 20:00:42 32114 Xrd: XrdClientMessage::ReadRaw: Failed to read header (8 bytes).
130819 20:00:44 001 Xrd: GoToAnotherServer: Going to: dc2-grid-pool-a4-06.brunel.ac.uk:1095
130819 20:00:45 001 Xrd: GoToAnotherServer: Going to: dc2-grid-pool-a4-04.brunel.ac.uk:1095
130819 20:00:47 001 Xrd: GoToAnotherServer: Going to: dc2-grid-pool-a4-02.brunel.ac.uk:1095
130819 20:00:48 001 Xrd: GoToAnotherServer: Going to: dc2-grid-04.brunel.ac.uk:1095
130819 20:00:50 001 Xrd: GoToAnotherServer: Going to: dc2-grid-02.brunel.ac.uk:1095
130819 20:00:53 001 Xrd: GoToAnotherServer: Going to: dc2-grid-03.brunel.ac.uk:1095
130819 20:00:54 001 Xrd: GoToAnotherServer: Going to: dc2-grid-03.brunel.ac.uk:1095
130819 20:00:54 001 Xrd: GoToAnotherServer: Going to: dc2-grid-pool-a4-05.brunel.ac.uk:1095
130819 20:00:57 001 Xrd: GoToAnotherServer: Going to: dc2-grid-pool-a4-07.brunel.ac.uk:1095
130819 20:01:01 001 Xrd: GoToAnotherServer: Going to: dc2-grid-pool-a4-04.brunel.ac.uk:1095
130819 20:01:05 001 Xrd: GoToAnotherServer: Going to: dc2-grid-02.brunel.ac.uk:1095
130819 20:01:10 001 Xrd: GoToAnotherServer: Going to: dc2-grid-04.brunel.ac.uk:1095
130819 20:01:11 001 Xrd: GoToAnotherServer: Going to: dc2-grid-pool-a4-02.brunel.ac.uk:1095
130819 20:01:16 001 Xrd: GoToAnotherServer: Going to: dc2-grid-pool-a4-07.brunel.ac.uk:1095
130819 20:01:17 001 Xrd: GoToAnotherServer: Going to: dc2-grid-pool-a1-07.brunel.ac.uk:1095
130819 20:01:17 001 Xrd: CheckErrorStatus: Server [dc2-grid-64.brunel.ac.uk:1094] declared: session not found(error code: 3011)
130819 20:01:17 001 Xrd: GoToAnotherServer: Going to: dc2-grid-04.brunel.ac.uk:1095
130819 20:01:18 001 Xrd: GoToAnotherServer: Going to: dc2-grid-pool-a4-04.brunel.ac.uk:1095
130819 20:01:19 001 Xrd: GoToAnotherServer: Going to: dc2-grid-04.brunel.ac.uk:1095
130819 20:01:20 001 Xrd: GoToAnotherServer: Going to: dc2-grid-pool-a4-02.brunel.ac.uk:1095
130819 20:01:22 001 Xrd: GoToAnotherServer: Going to: dc2-grid-04.brunel.ac.uk:1095
130819 20:01:23 001 Xrd: GoToAnotherServer: Going to: dc2-grid-pool-a4-04.brunel.ac.uk:1095
130819 20:01:23 001 Xrd: GoToAnotherServer: Going to: dc2-grid-02.brunel.ac.uk:1095
130819 20:01:26 001 Xrd: GoToAnotherServer: Going to: dc2-grid-pool-a4-07.brunel.ac.uk:1095
130819 20:01:26 001 Xrd: GoToAnotherServer: Going to: dc2-grid-pool-00.brunel.ac.uk:1095
130819 20:01:27 001 Xrd: GoToAnotherServer: Going to: dc2-grid-pool-a4-06.brunel.ac.uk:1095
130819 20:01:28 001 Xrd: GoToAnotherServer: Going to: dc2-grid-pool-a4-07.brunel.ac.uk:1095
130819 20:01:30 001 Xrd: GoToAnotherServer: Going to: dc2-grid-pool-a4-02.brunel.ac.uk:1095
130819 20:01:32 001 Xrd: GoToAnotherServer: Going to: dc2-grid-04.brunel.ac.uk:1095
130819 20:01:33 001 Xrd: GoToAnotherServer: Going to: dc2-grid-03.brunel.ac.uk:1095
130819 20:01:36 001 Xrd: GoToAnotherServer: Going to: dc2-grid-02.brunel.ac.uk:1095
130819 20:01:37 001 Xrd: GoToAnotherServer: Going to: dc2-grid-03.brunel.ac.uk:1095
130819 20:01:41 001 Xrd: GoToAnotherServer: Going to: dc2-grid-pool-a4-06.brunel.ac.uk:1095
130819 20:01:41 001 Xrd: GoToAnotherServer: Going to: dc2-grid-04.brunel.ac.uk:1095
130819 20:01:42 001 Xrd: GoToAnotherServer: Going to: dc2-grid-03.brunel.ac.uk:1095
130819 20:01:43 001 Xrd: GoToAnotherServer: Going to: dc2-grid-pool-a4-07.brunel.ac.uk:1095
130819 20:01:44 001 Xrd: GoToAnotherServer: Going to: dc2-grid-pool-a1-06.brunel.ac.uk:1095
130819 20:01:45 001 Xrd: GoToAnotherServer: Going to: dc2-grid-pool-a4-02.brunel.ac.uk:1095
130819 20:01:47 001 Xrd: GoToAnotherServer: Going to: dc2-grid-pool-a4-02.brunel.ac.uk:1095
130819 20:01:51 001 Xrd: GoToAnotherServer: Going to: dc2-grid-03.brunel.ac.uk:1095
130819 20:01:52 001 Xrd: GoToAnotherServer: Going to: dc2-grid-pool-a4-05.brunel.ac.uk:1095
130819 20:01:54 001 Xrd: GoToAnotherServer: Going to: dc2-grid-04.brunel.ac.uk:1095
130819 20:01:57 001 Xrd: GoToAnotherServer: Going to: dc2-grid-04.brunel.ac.uk:1095
130819 20:01:58 001 Xrd: GoToAnotherServer: Going to: dc2-grid-04.brunel.ac.uk:1095
130819 20:01:59 001 Xrd: GoToAnotherServer: Going to: dc2-grid-pool-00.brunel.ac.uk:1095
130819 20:02:00 001 Xrd: GoToAnotherServer: Going to: dc2-grid-02.brunel.ac.uk:1095
130819 20:02:01 001 Xrd: GoToAnotherServer: Going to: dc2-grid-04.brunel.ac.uk:1095
130819 20:02:02 001 Xrd: GoToAnotherServer: Going to: dc2-grid-02.brunel.ac.uk:1095
130819 20:02:03 001 Xrd: GoToAnotherServer: Going to: dc2-grid-03.brunel.ac.uk:1095
130819 20:02:04 001 Xrd: GoToAnotherServer: Going to: dc2-grid-pool-a4-07.brunel.ac.uk:1095
130819 20:02:05 001 Xrd: GoToAnotherServer: Going to: dc2-grid-pool-a4-05.brunel.ac.uk:1095
130819 20:02:06 001 Xrd: GoToAnotherServer: Going to: dc2-grid-pool-a4-05.brunel.ac.uk:1095
130819 20:02:07 001 Xrd: GoToAnotherServer: Going to: dc2-grid-pool-a4-07.brunel.ac.uk:1095
130819 20:02:11 001 Xrd: GoToAnotherServer: Going to: dc2-grid-pool-00.brunel.ac.uk:1095
130819 20:02:12 001 Xrd: GoToAnotherServer: Going to: dc2-grid-pool-a4-05.brunel.ac.uk:1095
130819 20:02:12 001 Xrd: GoToAnotherServer: Going to: dc2-grid-05.brunel.ac.uk:1095
130819 20:02:13 001 Xrd: GoToAnotherServer: Going to: dc2-grid-03.brunel.ac.uk:1095
130819 20:02:15 001 Xrd: GoToAnotherServer: Going to: dc2-grid-04.brunel.ac.uk:1095
130819 20:02:16 001 Xrd: GoToAnotherServer: Going to: dc2-grid-pool-a4-07.brunel.ac.uk:1095
130819 20:02:16 001 Xrd: GoToAnotherServer: Going to: dc2-grid-pool-a4-07.brunel.ac.uk:1095
130819 20:02:18 001 Xrd: GoToAnotherServer: Going to: dc2-grid-pool-a4-04.brunel.ac.uk:1095
130819 20:02:19 001 Xrd: GoToAnotherServer: Going to: dc2-grid-03.brunel.ac.uk:1095
130819 20:02:21 001 Xrd: GoToAnotherServer: Going to: dc2-grid-pool-a4-01.brunel.ac.uk:1095
130819 20:02:24 001 Xrd: GoToAnotherServer: Going to: dc2-grid-pool-a4-04.brunel.ac.uk:1095
130819 20:02:24 001 Xrd: GoToAnotherServer: Going to: dc2-grid-pool-a1-07.brunel.ac.uk:1095
130819 20:02:25 001 Xrd: GoToAnotherServer: Going to: dc2-grid-pool-a4-07.brunel.ac.uk:1095
130819 20:02:25 001 Xrd: GoToAnotherServer: Going to: dc2-grid-pool-a4-05.brunel.ac.uk:1095
130819 20:02:28 001 Xrd: GoToAnotherServer: Going to: dc2-grid-pool-a4-04.brunel.ac.uk:1095
130819 20:02:29 001 Xrd: GoToAnotherServer: Going to: dc2-grid-pool-a4-05.brunel.ac.uk:1095
130819 20:02:29 001 Xrd: GoToAnotherServer: Going to: dc2-grid-04.brunel.ac.uk:1095
130819 20:02:32 001 Xrd: GoToAnotherServer: Going to: dc2-grid-pool-a4-04.brunel.ac.uk:1095
130819 20:02:34 001 Xrd: GoToAnotherServer: Going to: dc2-grid-pool-a4-02.brunel.ac.uk:1095
130819 20:02:35 001 Xrd: GoToAnotherServer: Going to: dc2-grid-pool-a4-06.brunel.ac.uk:1095
130819 20:02:37 001 Xrd: GoToAnotherServer: Going to: dc2-grid-04.brunel.ac.uk:1095
130819 20:02:37 001 Xrd: GoToAnotherServer: Going to: dc2-grid-pool-a4-07.brunel.ac.uk:1095
130819 20:02:38 001 Xrd: GoToAnotherServer: Going to: dc2-grid-04.brunel.ac.uk:1095
130819 20:02:39 001 Xrd: GoToAnotherServer: Going to: dc2-grid-04.brunel.ac.uk:1095
130819 20:02:40 001 Xrd: GoToAnotherServer: Going to: dc2-grid-04.brunel.ac.uk:1095
130819 20:02:41 001 Xrd: GoToAnotherServer: Going to: dc2-grid-02.brunel.ac.uk:1095
130819 20:02:43 001 Xrd: GoToAnotherServer: Going to: dc2-grid-03.brunel.ac.uk:1095
130819 20:02:43 001 Xrd: GoToAnotherServer: Going to: dc2-grid-04.brunel.ac.uk:1095
130819 20:02:44 001 Xrd: GoToAnotherServer: Going to: dc2-grid-pool-a4-05.brunel.ac.uk:1095
130819 20:02:46 001 Xrd: GoToAnotherServer: Going to: dc2-grid-pool-a4-07.brunel.ac.uk:1095
130819 20:02:47 001 Xrd: GoToAnotherServer: Going to: dc2-grid-pool-a4-07.brunel.ac.uk:1095
130819 20:02:50 001 Xrd: GoToAnotherServer: Going to: dc2-grid-pool-a4-04.brunel.ac.uk:1095
130819 20:02:50 001 Xrd: GoToAnotherServer: Going to: dc2-grid-pool-a4-05.brunel.ac.uk:1095
130819 20:02:52 001 Xrd: GoToAnotherServer: Going to: dc2-grid-pool-a1-06.brunel.ac.uk:1095
130819 20:02:52 001 Xrd: GoToAnotherServer: Going to: dc2-grid-pool-a4-04.brunel.ac.uk:1095
130819 20:02:55 001 Xrd: GoToAnotherServer: Going to: dc2-grid-pool-a4-07.brunel.ac.uk:1095
130819 20:02:56 001 Xrd: GoToAnotherServer: Going to: dc2-grid-pool-a4-02.brunel.ac.uk:1095
130819 20:02:56 001 Xrd: GoToAnotherServer: Going to: dc2-grid-04.brunel.ac.uk:1095
130819 20:02:57 001 Xrd: GoToAnotherServer: Going to: dc2-grid-02.brunel.ac.uk:1095
130819 20:02:57 001 Xrd: GoToAnotherServer: Going to: dc2-grid-02.brunel.ac.uk:1095
130819 20:02:58 001 Xrd: GoToAnotherServer: Going to: dc2-grid-pool-a4-06.brunel.ac.uk:1095
130819 20:02:59 001 Xrd: GoToAnotherServer: Going to: dc2-grid-03.brunel.ac.uk:1095
130819 20:03:02 001 Xrd: GoToAnotherServer: Going to: dc2-grid-pool-a4-02.brunel.ac.uk:1095
130819 20:03:02 001 Xrd: GoToAnotherServer: Going to: dc2-grid-03.brunel.ac.uk:1095
130819 20:03:03 001 Xrd: GoToAnotherServer: Going to: dc2-grid-05.brunel.ac.uk:1095
130819 20:03:04 001 Xrd: GoToAnotherServer: Going to: dc2-grid-pool-a4-04.brunel.ac.uk:1095
130819 20:03:07 001 Xrd: GoToAnotherServer: Going to: dc2-grid-pool-a1-06.brunel.ac.uk:1095
130819 20:03:08 001 Xrd: GoToAnotherServer: Going to: dc2-grid-04.brunel.ac.uk:1095
130819 20:03:08 001 Xrd: GoToAnotherServer: Going to: dc2-grid-pool-a4-06.brunel.ac.uk:1095
130819 20:03:09 001 Xrd: GoToAnotherServer: Going to: dc2-grid-pool-a4-07.brunel.ac.uk:1095
130819 20:03:10 001 Xrd: GoToAnotherServer: Going to: dc2-grid-pool-00.brunel.ac.uk:1095
130819 20:03:11 001 Xrd: GoToAnotherServer: Going to: dc2-grid-pool-a4-06.brunel.ac.uk:1095
130819 20:03:14 001 Xrd: GoToAnotherServer: Going to: dc2-grid-pool-a1-06.brunel.ac.uk:1095
130819 20:03:15 001 Xrd: GoToAnotherServer: Going to: dc2-grid-pool-a4-02.brunel.ac.uk:1095
130819 20:03:15 001 Xrd: GoToAnotherServer: Going to: dc2-grid-pool-a4-07.brunel.ac.uk:1095
130819 20:03:17 001 Xrd: GoToAnotherServer: Going to: dc2-grid-pool-a4-05.brunel.ac.uk:1095
130819 20:03:18 001 Xrd: GoToAnotherServer: Going to: dc2-grid-pool-a4-07.brunel.ac.uk:1095
130819 20:03:20 001 Xrd: GoToAnotherServer: Going to: dc2-grid-02.brunel.ac.uk:1095
130819 20:03:23 001 Xrd: GoToAnotherServer: Going to: dc2-grid-02.brunel.ac.uk:1095
130819 20:03:26 001 Xrd: GoToAnotherServer: Going to: dc2-grid-pool-a4-01.brunel.ac.uk:1095
130819 20:03:26 001 Xrd: GoToAnotherServer: Going to: dc2-grid-pool-a4-04.brunel.ac.uk:1095
130819 20:03:28 001 Xrd: GoToAnotherServer: Going to: dc2-grid-pool-a1-06.brunel.ac.uk:1095
130819 20:03:29 001 Xrd: GoToAnotherServer: Going to: dc2-grid-pool-00.brunel.ac.uk:1095
130819 20:03:31 001 Xrd: GoToAnotherServer: Going to: dc2-grid-04.brunel.ac.uk:1095
130819 20:03:36 001 Xrd: GoToAnotherServer: Going to: dc2-grid-pool-a1-06.brunel.ac.uk:1095
130819 20:03:39 001 Xrd: GoToAnotherServer: Going to: dc2-grid-pool-a4-05.brunel.ac.uk:1095
130819 20:03:44 001 Xrd: GoToAnotherServer: Going to: dc2-grid-04.brunel.ac.uk:1095
130819 20:03:44 001 Xrd: GoToAnotherServer: Going to: dc2-grid-pool-a4-06.brunel.ac.uk:1095
130819 20:03:45 001 Xrd: GoToAnotherServer: Going to: dc2-grid-pool-a4-02.brunel.ac.uk:1095
130819 20:03:49 001 Xrd: GoToAnotherServer: Going to: dc2-grid-02.brunel.ac.uk:1095
130819 20:03:50 001 Xrd: GoToAnotherServer: Going to: dc2-grid-pool-a4-02.brunel.ac.uk:1095
130819 20:03:53 001 Xrd: GoToAnotherServer: Going to: dc2-grid-04.brunel.ac.uk:1095
130819 20:03:55 001 Xrd: GoToAnotherServer: Going to: dc2-grid-pool-a4-05.brunel.ac.uk:1095
130819 20:03:56 001 Xrd: GoToAnotherServer: Going to: dc2-grid-pool-a4-06.brunel.ac.uk:1095
130819 20:03:58 001 Xrd: GoToAnotherServer: Going to: dc2-grid-04.brunel.ac.uk:1095
130819 20:03:59 001 Xrd: GoToAnotherServer: Going to: dc2-grid-pool-a4-02.brunel.ac.uk:1095
130819 20:04:03 001 Xrd: GoToAnotherServer: Going to: dc2-grid-pool-a4-06.brunel.ac.uk:1095
130819 20:04:08 001 Xrd: GoToAnotherServer: Going to: dc2-grid-02.brunel.ac.uk:1095
130819 20:04:13 001 Xrd: GoToAnotherServer: Going to: dc2-grid-pool-a4-05.brunel.ac.uk:1095
130819 20:04:14 001 Xrd: GoToAnotherServer: Going to: dc2-grid-pool-a4-02.brunel.ac.uk:1095
130819 20:04:15 001 Xrd: GoToAnotherServer: Going to: dc2-grid-pool-a4-04.brunel.ac.uk:1095
130819 20:04:18 001 Xrd: GoToAnotherServer: Going to: dc2-grid-04.brunel.ac.uk:1095
130819 20:04:22 001 Xrd: GoToAnotherServer: Going to: dc2-grid-pool-a4-06.brunel.ac.uk:1095
130819 20:04:27 001 Xrd: GoToAnotherServer: Going to: dc2-grid-pool-a4-02.brunel.ac.uk:1095
130819 20:04:30 001 Xrd: GoToAnotherServer: Going to: dc2-grid-03.brunel.ac.uk:1095
130819 20:04:30 001 Xrd: GoToAnotherServer: Going to: dc2-grid-pool-a4-06.brunel.ac.uk:1095
130819 20:04:31 001 Xrd: GoToAnotherServer: Going to: dc2-grid-pool-a4-04.brunel.ac.uk:1095
130819 20:04:33 001 Xrd: GoToAnotherServer: Going to: dc2-grid-pool-a4-07.brunel.ac.uk:1095
130819 20:04:35 001 Xrd: GoToAnotherServer: Going to: dc2-grid-pool-a4-04.brunel.ac.uk:1095
130819 20:04:40 001 Xrd: GoToAnotherServer: Going to: dc2-grid-pool-a4-06.brunel.ac.uk:1095
130819 20:04:40 001 Xrd: GoToAnotherServer: Going to: dc2-grid-04.brunel.ac.uk:1095
130819 20:04:42 001 Xrd: GoToAnotherServer: Going to: dc2-grid-pool-a4-06.brunel.ac.uk:1095
130819 20:04:42 001 Xrd: GoToAnotherServer: Going to: dc2-grid-pool-a4-05.brunel.ac.uk:1095
130819 20:04:43 001 Xrd: GoToAnotherServer: Going to: dc2-grid-pool-a4-07.brunel.ac.uk:1095
130819 20:04:46 001 Xrd: GoToAnotherServer: Going to: dc2-grid-02.brunel.ac.uk:1095
130819 20:04:46 001 Xrd: GoToAnotherServer: Going to: dc2-grid-04.brunel.ac.uk:1095
130819 20:04:47 001 Xrd: GoToAnotherServer: Going to: dc2-grid-pool-a1-06.brunel.ac.uk:1095
130819 20:04:49 001 Xrd: GoToAnotherServer: Going to: dc2-grid-03.brunel.ac.uk:1095
130819 20:04:51 001 Xrd: GoToAnotherServer: Going to: dc2-grid-04.brunel.ac.uk:1095
130819 20:04:52 001 Xrd: GoToAnotherServer: Going to: dc2-grid-pool-a1-06.brunel.ac.uk:1095
130819 20:04:53 001 Xrd: GoToAnotherServer: Going to: dc2-grid-04.brunel.ac.uk:1095
130819 20:04:54 001 Xrd: GoToAnotherServer: Going to: dc2-grid-pool-a4-06.brunel.ac.uk:1095
130819 20:04:56 001 Xrd: GoToAnotherServer: Going to: dc2-grid-02.brunel.ac.uk:1095
130819 20:04:57 001 Xrd: GoToAnotherServer: Going to: dc2-grid-04.brunel.ac.uk:1095
130819 20:04:58 001 Xrd: GoToAnotherServer: Going to: dc2-grid-02.brunel.ac.uk:1095
130819 20:05:01 001 Xrd: GoToAnotherServer: Going to: dc2-grid-pool-a4-07.brunel.ac.uk:1095
130819 20:05:02 001 Xrd: GoToAnotherServer: Going to: dc2-grid-04.brunel.ac.uk:1095
130819 20:05:02 001 Xrd: GoToAnotherServer: Going to: dc2-grid-pool-a4-05.brunel.ac.uk:1095
130819 20:05:05 001 Xrd: GoToAnotherServer: Going to: dc2-grid-04.brunel.ac.uk:1095
130819 20:05:05 001 Xrd: GoToAnotherServer: Going to: dc2-grid-04.brunel.ac.uk:1095
130819 20:05:06 001 Xrd: GoToAnotherServer: Going to: dc2-grid-pool-a4-04.brunel.ac.uk:1095
130819 20:05:07 001 Xrd: GoToAnotherServer: Going to: dc2-grid-pool-a4-05.brunel.ac.uk:1095
130819 20:05:08 001 Xrd: GoToAnotherServer: Going to: dc2-grid-pool-a4-01.brunel.ac.uk:1095
130819 20:05:09 001 Xrd: GoToAnotherServer: Going to: dc2-grid-pool-a4-02.brunel.ac.uk:1095
130819 20:05:10 001 Xrd: GoToAnotherServer: Going to: dc2-grid-04.brunel.ac.uk:1095
130819 20:05:11 001 Xrd: GoToAnotherServer: Going to: dc2-grid-04.brunel.ac.uk:1095
130819 20:05:12 001 Xrd: GoToAnotherServer: Going to: dc2-grid-pool-a4-02.brunel.ac.uk:1095
130819 20:05:15 001 Xrd: GoToAnotherServer: Going to: dc2-grid-pool-a1-07.brunel.ac.uk:1095
130819 20:05:15 001 Xrd: GoToAnotherServer: Going to: dc2-grid-pool-a4-07.brunel.ac.uk:1095
130819 20:05:18 001 Xrd: GoToAnotherServer: Going to: dc2-grid-pool-a4-02.brunel.ac.uk:1095
130819 20:05:19 001 Xrd: GoToAnotherServer: Going to: dc2-grid-04.brunel.ac.uk:1095
130819 20:05:21 001 Xrd: GoToAnotherServer: Going to: dc2-grid-pool-a4-07.brunel.ac.uk:1095
130819 20:05:21 001 Xrd: GoToAnotherServer: Going to: dc2-grid-pool-a4-01.brunel.ac.uk:1095
130819 20:05:22 001 Xrd: GoToAnotherServer: Going to: dc2-grid-04.brunel.ac.uk:1095
130819 20:05:24 001 Xrd: GoToAnotherServer: Going to: dc2-grid-pool-a4-05.brunel.ac.uk:1095
130819 20:05:26 001 Xrd: GoToAnotherServer: Going to: dc2-grid-pool-a4-04.brunel.ac.uk:1095
130819 20:05:28 001 Xrd: GoToAnotherServer: Going to: dc2-grid-04.brunel.ac.uk:1095
130819 20:05:29 001 Xrd: GoToAnotherServer: Going to: dc2-grid-03.brunel.ac.uk:1095
130819 20:05:30 001 Xrd: GoToAnotherServer: Going to: dc2-grid-04.brunel.ac.uk:1095
130819 20:05:31 001 Xrd: GoToAnotherServer: Going to: dc2-grid-pool-a4-06.brunel.ac.uk:1095
130819 20:05:32 001 Xrd: GoToAnotherServer: Going to: dc2-grid-pool-a4-04.brunel.ac.uk:1095
130819 20:05:33 001 Xrd: GoToAnotherServer: Going to: dc2-grid-pool-a4-02.brunel.ac.uk:1095
130819 20:05:34 001 Xrd: GoToAnotherServer: Going to: dc2-grid-pool-a4-07.brunel.ac.uk:1095
130819 20:05:35 001 Xrd: GoToAnotherServer: Going to: dc2-grid-pool-a4-07.brunel.ac.uk:1095
130819 20:05:35 001 Xrd: GoToAnotherServer: Going to: dc2-grid-03.brunel.ac.uk:1095
130819 20:05:38 001 Xrd: GoToAnotherServer: Going to: dc2-grid-pool-a1-06.brunel.ac.uk:1095
130819 20:05:38 001 Xrd: GoToAnotherServer: Going to: dc2-grid-pool-a1-06.brunel.ac.uk:1095
130819 20:05:39 001 Xrd: GoToAnotherServer: Going to: dc2-grid-pool-a4-07.brunel.ac.uk:1095
130819 20:05:41 001 Xrd: GoToAnotherServer: Going to: dc2-grid-pool-a4-01.brunel.ac.uk:1095
130819 20:05:43 001 Xrd: GoToAnotherServer: Going to: dc2-grid-pool-a4-02.brunel.ac.uk:1095
130819 20:05:44 001 Xrd: GoToAnotherServer: Going to: dc2-grid-pool-a4-06.brunel.ac.uk:1095
130819 20:05:45 001 Xrd: GoToAnotherServer: Going to: dc2-grid-pool-a4-04.brunel.ac.uk:1095
130819 20:05:45 001 Xrd: GoToAnotherServer: Going to: dc2-grid-pool-a4-04.brunel.ac.uk:1095
130819 20:05:47 001 Xrd: GoToAnotherServer: Going to: dc2-grid-04.brunel.ac.uk:1095
130819 20:05:49 001 Xrd: GoToAnotherServer: Going to: dc2-grid-04.brunel.ac.uk:1095
130819 20:05:50 001 Xrd: GoToAnotherServer: Going to: dc2-grid-04.brunel.ac.uk:1095
130819 20:05:51 001 Xrd: GoToAnotherServer: Going to: dc2-grid-04.brunel.ac.uk:1095
130819 20:05:52 001 Xrd: GoToAnotherServer: Going to: dc2-grid-pool-a4-04.brunel.ac.uk:1095
130819 20:05:53 001 Xrd: GoToAnotherServer: Going to: dc2-grid-pool-a1-06.brunel.ac.uk:1095
130819 20:05:54 001 Xrd: GoToAnotherServer: Going to: dc2-grid-04.brunel.ac.uk:1095
130819 20:05:55 001 Xrd: GoToAnotherServer: Going to: dc2-grid-02.brunel.ac.uk:1095
130819 20:05:55 001 Xrd: GoToAnotherServer: Going to: dc2-grid-04.brunel.ac.uk:1095
130819 20:05:58 001 Xrd: GoToAnotherServer: Going to: dc2-grid-pool-a4-05.brunel.ac.uk:1095
130819 20:05:59 001 Xrd: GoToAnotherServer: Going to: dc2-grid-03.brunel.ac.uk:1095
130819 20:06:00 001 Xrd: GoToAnotherServer: Going to: dc2-grid-pool-a4-07.brunel.ac.uk:1095
130819 20:06:03 001 Xrd: GoToAnotherServer: Going to: dc2-grid-03.brunel.ac.uk:1095
130819 20:06:04 001 Xrd: GoToAnotherServer: Going to: dc2-grid-pool-a4-02.brunel.ac.uk:1095
130819 20:06:05 001 Xrd: GoToAnotherServer: Going to: dc2-grid-04.brunel.ac.uk:1095
130819 20:06:06 001 Xrd: GoToAnotherServer: Going to: dc2-grid-pool-a4-07.brunel.ac.uk:1095
130819 20:06:08 001 Xrd: GoToAnotherServer: Going to: dc2-grid-pool-00.brunel.ac.uk:1095
130819 20:06:09 001 Xrd: GoToAnotherServer: Going to: dc2-grid-pool-a4-06.brunel.ac.uk:1095
130819 20:06:10 001 Xrd: GoToAnotherServer: Going to: dc2-grid-04.brunel.ac.uk:1095
130819 20:06:12 001 Xrd: GoToAnotherServer: Going to: dc2-grid-pool-a4-04.brunel.ac.uk:1095
130819 20:06:13 001 Xrd: GoToAnotherServer: Going to: dc2-grid-04.brunel.ac.uk:1095
130819 20:06:14 001 Xrd: GoToAnotherServer: Going to: dc2-grid-02.brunel.ac.uk:1095
130819 20:06:16 001 Xrd: GoToAnotherServer: Going to: dc2-grid-pool-a4-04.brunel.ac.uk:1095
130819 20:06:18 001 Xrd: GoToAnotherServer: Going to: dc2-grid-04.brunel.ac.uk:1095
130819 20:06:19 001 Xrd: GoToAnotherServer: Going to: dc2-grid-04.brunel.ac.uk:1095
130819 20:06:21 001 Xrd: GoToAnotherServer: Going to: dc2-grid-02.brunel.ac.uk:1095
130819 20:06:22 001 Xrd: GoToAnotherServer: Going to: dc2-grid-03.brunel.ac.uk:1095
130819 20:06:23 001 Xrd: GoToAnotherServer: Going to: dc2-grid-04.brunel.ac.uk:1095
130819 20:06:25 001 Xrd: GoToAnotherServer: Going to: dc2-grid-04.brunel.ac.uk:1095
130819 20:06:25 001 Xrd: GoToAnotherServer: Going to: dc2-grid-pool-a4-05.brunel.ac.uk:1095
130819 20:06:27 001 Xrd: GoToAnotherServer: Going to: dc2-grid-04.brunel.ac.uk:1095
130819 20:06:28 001 Xrd: GoToAnotherServer: Going to: dc2-grid-pool-a4-05.brunel.ac.uk:1095
130819 20:06:29 001 Xrd: GoToAnotherServer: Going to: dc2-grid-pool-a4-05.brunel.ac.uk:1095
130819 20:06:32 001 Xrd: GoToAnotherServer: Going to: dc2-grid-05.brunel.ac.uk:1095
130819 20:06:34 001 Xrd: GoToAnotherServer: Going to: dc2-grid-pool-a4-02.brunel.ac.uk:1095
130819 20:06:39 001 Xrd: GoToAnotherServer: Going to: dc2-grid-pool-a1-06.brunel.ac.uk:1095
130819 20:06:44 001 Xrd: GoToAnotherServer: Going to: dc2-grid-04.brunel.ac.uk:1095
130819 20:06:50 001 Xrd: GoToAnotherServer: Going to: dc2-grid-pool-a4-04.brunel.ac.uk:1095
130819 20:06:53 001 Xrd: GoToAnotherServer: Going to: dc2-grid-04.brunel.ac.uk:1095
130819 20:06:53 001 Xrd: GoToAnotherServer: Going to: dc2-grid-03.brunel.ac.uk:1095
130819 20:06:54 001 Xrd: GoToAnotherServer: Going to: dc2-grid-04.brunel.ac.uk:1095
130819 20:06:57 001 Xrd: GoToAnotherServer: Going to: dc2-grid-pool-a4-06.brunel.ac.uk:1095
130819 20:06:57 001 Xrd: GoToAnotherServer: Going to: dc2-grid-pool-a4-07.brunel.ac.uk:1095
130819 20:07:00 001 Xrd: GoToAnotherServer: Going to: dc2-grid-04.brunel.ac.uk:1095
130819 20:07:02 001 Xrd: GoToAnotherServer: Going to: dc2-grid-pool-a4-04.brunel.ac.uk:1095
130819 20:07:03 001 Xrd: GoToAnotherServer: Going to: dc2-grid-04.brunel.ac.uk:1095
130819 20:07:05 001 Xrd: GoToAnotherServer: Going to: dc2-grid-04.brunel.ac.uk:1095
130819 20:07:06 001 Xrd: GoToAnotherServer: Going to: dc2-grid-pool-a1-06.brunel.ac.uk:1095
130819 20:07:10 001 Xrd: GoToAnotherServer: Going to: dc2-grid-04.brunel.ac.uk:1095
130819 20:07:11 001 Xrd: GoToAnotherServer: Going to: dc2-grid-02.brunel.ac.uk:1095
130819 20:07:13 001 Xrd: GoToAnotherServer: Going to: dc2-grid-pool-a4-06.brunel.ac.uk:1095
130819 20:07:14 001 Xrd: GoToAnotherServer: Going to: dc2-grid-pool-a4-07.brunel.ac.uk:1095
130819 20:07:15 001 Xrd: GoToAnotherServer: Going to: dc2-grid-04.brunel.ac.uk:1095
130819 20:07:16 001 Xrd: GoToAnotherServer: Going to: dc2-grid-pool-a4-04.brunel.ac.uk:1095
130819 20:07:18 001 Xrd: GoToAnotherServer: Going to: dc2-grid-pool-a4-05.brunel.ac.uk:1095
130819 20:07:19 001 Xrd: GoToAnotherServer: Going to: dc2-grid-pool-a4-02.brunel.ac.uk:1095
130819 20:07:20 001 Xrd: GoToAnotherServer: Going to: dc2-grid-04.brunel.ac.uk:1095
130819 20:07:21 001 Xrd: GoToAnotherServer: Going to: dc2-grid-04.brunel.ac.uk:1095
130819 20:07:22 001 Xrd: GoToAnotherServer: Going to: dc2-grid-pool-a4-01.brunel.ac.uk:1095
130819 20:07:24 001 Xrd: GoToAnotherServer: Going to: dc2-grid-pool-a1-06.brunel.ac.uk:1095
130819 20:07:26 001 Xrd: GoToAnotherServer: Going to: dc2-grid-02.brunel.ac.uk:1095
130819 20:07:26 001 Xrd: GoToAnotherServer: Going to: dc2-grid-02.brunel.ac.uk:1095
130819 20:07:29 001 Xrd: GoToAnotherServer: Going to: dc2-grid-pool-a4-01.brunel.ac.uk:1095
130819 20:07:33 001 Xrd: GoToAnotherServer: Going to: dc2-grid-pool-a4-06.brunel.ac.uk:1095
130819 20:07:34 001 Xrd: GoToAnotherServer: Going to: dc2-grid-04.brunel.ac.uk:1095
130819 20:07:37 001 Xrd: GoToAnotherServer: Going to: dc2-grid-04.brunel.ac.uk:1095
130819 20:07:38 001 Xrd: GoToAnotherServer: Going to: dc2-grid-pool-a4-01.brunel.ac.uk:1095
130819 20:07:39 001 Xrd: GoToAnotherServer: Going to: dc2-grid-04.brunel.ac.uk:1095
130819 20:07:40 001 Xrd: GoToAnotherServer: Going to: dc2-grid-05.brunel.ac.uk:1095
130819 20:07:41 001 Xrd: GoToAnotherServer: Going to: dc2-grid-pool-a4-06.brunel.ac.uk:1095
130819 20:07:42 001 Xrd: GoToAnotherServer: Going to: dc2-grid-pool-a4-06.brunel.ac.uk:1095
130819 20:07:43 001 Xrd: GoToAnotherServer: Going to: dc2-grid-03.brunel.ac.uk:1095
130819 20:07:44 001 Xrd: GoToAnotherServer: Going to: dc2-grid-04.brunel.ac.uk:1095
130819 20:07:45 001 Xrd: GoToAnotherServer: Going to: dc2-grid-04.brunel.ac.uk:1095
130819 20:07:47 001 Xrd: GoToAnotherServer: Going to: dc2-grid-pool-a4-01.brunel.ac.uk:1095
130819 20:07:47 001 Xrd: GoToAnotherServer: Going to: dc2-grid-02.brunel.ac.uk:1095
130819 20:07:48 001 Xrd: GoToAnotherServer: Going to: dc2-grid-pool-a4-04.brunel.ac.uk:1095
130819 20:07:52 001 Xrd: GoToAnotherServer: Going to: dc2-grid-02.brunel.ac.uk:1095
130819 20:07:55 001 Xrd: GoToAnotherServer: Going to: dc2-grid-02.brunel.ac.uk:1095
130819 20:07:59 001 Xrd: GoToAnotherServer: Going to: dc2-grid-pool-a4-04.brunel.ac.uk:1095
130819 20:08:00 001 Xrd: GoToAnotherServer: Going to: dc2-grid-pool-a4-06.brunel.ac.uk:1095
130819 20:08:01 001 Xrd: GoToAnotherServer: Going to: dc2-grid-pool-a4-04.brunel.ac.uk:1095
130819 20:08:03 001 Xrd: GoToAnotherServer: Going to: dc2-grid-pool-a1-07.brunel.ac.uk:1095
130819 20:08:06 001 Xrd: GoToAnotherServer: Going to: dc2-grid-03.brunel.ac.uk:1095
130819 20:08:10 001 Xrd: GoToAnotherServer: Going to: dc2-grid-pool-a1-07.brunel.ac.uk:1095
130819 20:08:11 001 Xrd: GoToAnotherServer: Going to: dc2-grid-pool-a4-02.brunel.ac.uk:1095
130819 20:08:12 001 Xrd: GoToAnotherServer: Going to: dc2-grid-03.brunel.ac.uk:1095
130819 20:08:12 001 Xrd: GoToAnotherServer: Going to: dc2-grid-04.brunel.ac.uk:1095
130819 20:08:15 001 Xrd: GoToAnotherServer: Going to: dc2-grid-pool-00.brunel.ac.uk:1095
130819 20:08:18 001 Xrd: GoToAnotherServer: Going to: dc2-grid-pool-a4-02.brunel.ac.uk:1095
130819 20:08:20 001 Xrd: GoToAnotherServer: Going to: dc2-grid-03.brunel.ac.uk:1095
130819 20:08:21 001 Xrd: GoToAnotherServer: Going to: dc2-grid-04.brunel.ac.uk:1095
130819 20:08:21 001 Xrd: GoToAnotherServer: Going to: dc2-grid-pool-a4-05.brunel.ac.uk:1095
130819 20:08:24 001 Xrd: GoToAnotherServer: Going to: dc2-grid-pool-a4-05.brunel.ac.uk:1095
130819 20:08:24 001 Xrd: GoToAnotherServer: Going to: dc2-grid-04.brunel.ac.uk:1095
130819 20:08:28 001 Xrd: GoToAnotherServer: Going to: dc2-grid-pool-a4-07.brunel.ac.uk:1095
130819 20:08:30 001 Xrd: GoToAnotherServer: Going to: dc2-grid-pool-a4-05.brunel.ac.uk:1095
130819 20:08:31 001 Xrd: GoToAnotherServer: Going to: dc2-grid-04.brunel.ac.uk:1095
130819 20:08:33 001 Xrd: GoToAnotherServer: Going to: dc2-grid-04.brunel.ac.uk:1095
130819 20:08:34 001 Xrd: GoToAnotherServer: Going to: dc2-grid-pool-a4-05.brunel.ac.uk:1095
130819 20:08:37 001 Xrd: GoToAnotherServer: Going to: dc2-grid-04.brunel.ac.uk:1095
130819 20:08:37 001 Xrd: GoToAnotherServer: Going to: dc2-grid-pool-a4-07.brunel.ac.uk:1095
130819 20:08:38 001 Xrd: GoToAnotherServer: Going to: dc2-grid-04.brunel.ac.uk:1095
130819 20:08:40 001 Xrd: GoToAnotherServer: Going to: dc2-grid-02.brunel.ac.uk:1095
130819 20:08:40 001 Xrd: GoToAnotherServer: Going to: dc2-grid-pool-00.brunel.ac.uk:1095
130819 20:08:41 001 Xrd: GoToAnotherServer: Going to: dc2-grid-pool-a4-02.brunel.ac.uk:1095
130819 20:08:43 001 Xrd: GoToAnotherServer: Going to: dc2-grid-02.brunel.ac.uk:1095
130819 20:08:43 001 Xrd: GoToAnotherServer: Going to: dc2-grid-pool-a1-07.brunel.ac.uk:1095
130819 20:08:44 001 Xrd: GoToAnotherServer: Going to: dc2-grid-pool-a4-06.brunel.ac.uk:1095
130819 20:08:47 001 Xrd: GoToAnotherServer: Going to: dc2-grid-pool-a1-06.brunel.ac.uk:1095
130819 20:08:49 001 Xrd: GoToAnotherServer: Going to: dc2-grid-pool-a4-07.brunel.ac.uk:1095
130819 20:08:50 001 Xrd: GoToAnotherServer: Going to: dc2-grid-pool-a1-06.brunel.ac.uk:1095
130819 20:08:51 001 Xrd: GoToAnotherServer: Going to: dc2-grid-04.brunel.ac.uk:1095
130819 20:08:52 001 Xrd: GoToAnotherServer: Going to: dc2-grid-04.brunel.ac.uk:1095
130819 20:08:53 001 Xrd: GoToAnotherServer: Going to: dc2-grid-04.brunel.ac.uk:1095
130819 20:08:56 001 Xrd: GoToAnotherServer: Going to: dc2-grid-pool-a4-06.brunel.ac.uk:1095
130819 20:08:57 001 Xrd: GoToAnotherServer: Going to: dc2-grid-pool-a4-05.brunel.ac.uk:1095
130819 20:08:59 001 Xrd: GoToAnotherServer: Going to: dc2-grid-04.brunel.ac.uk:1095
130819 20:08:59 001 Xrd: GoToAnotherServer: Going to: dc2-grid-pool-a4-02.brunel.ac.uk:1095
130819 20:09:01 001 Xrd: GoToAnotherServer: Going to: dc2-grid-pool-a4-06.brunel.ac.uk:1095
130819 20:09:02 001 Xrd: GoToAnotherServer: Going to: dc2-grid-04.brunel.ac.uk:1095
130819 20:09:04 001 Xrd: GoToAnotherServer: Going to: dc2-grid-pool-a4-07.brunel.ac.uk:1095
130819 20:09:07 001 Xrd: GoToAnotherServer: Going to: dc2-grid-pool-a4-02.brunel.ac.uk:1095
130819 20:09:07 001 Xrd: GoToAnotherServer: Going to: dc2-grid-pool-a4-07.brunel.ac.uk:1095
130819 20:09:08 001 Xrd: GoToAnotherServer: Going to: dc2-grid-04.brunel.ac.uk:1095
130819 20:09:10 001 Xrd: GoToAnotherServer: Going to: dc2-grid-05.brunel.ac.uk:1095
130819 20:09:10 001 Xrd: GoToAnotherServer: Going to: dc2-grid-pool-a4-02.brunel.ac.uk:1095
130819 20:09:12 001 Xrd: GoToAnotherServer: Going to: dc2-grid-04.brunel.ac.uk:1095
130819 20:09:13 001 Xrd: GoToAnotherServer: Going to: dc2-grid-pool-a4-07.brunel.ac.uk:1095
130819 20:09:14 001 Xrd: GoToAnotherServer: Going to: dc2-grid-02.brunel.ac.uk:1095
130819 20:09:14 001 Xrd: GoToAnotherServer: Going to: dc2-grid-pool-00.brunel.ac.uk:1095
130819 20:09:17 001 Xrd: GoToAnotherServer: Going to: dc2-grid-04.brunel.ac.uk:1095
130819 20:09:18 001 Xrd: GoToAnotherServer: Going to: dc2-grid-pool-a4-04.brunel.ac.uk:1095
130819 20:09:20 001 Xrd: GoToAnotherServer: Going to: dc2-grid-04.brunel.ac.uk:1095
130819 20:09:22 001 Xrd: GoToAnotherServer: Going to: dc2-grid-pool-a4-05.brunel.ac.uk:1095
130819 20:09:24 001 Xrd: GoToAnotherServer: Going to: dc2-grid-04.brunel.ac.uk:1095
130819 20:09:25 001 Xrd: GoToAnotherServer: Going to: dc2-grid-pool-a4-04.brunel.ac.uk:1095
130819 20:09:26 001 Xrd: GoToAnotherServer: Going to: dc2-grid-pool-a4-07.brunel.ac.uk:1095
130819 20:09:27 001 Xrd: GoToAnotherServer: Going to: dc2-grid-04.brunel.ac.uk:1095
130819 20:09:28 001 Xrd: GoToAnotherServer: Going to: dc2-grid-04.brunel.ac.uk:1095
130819 20:09:29 001 Xrd: GoToAnotherServer: Going to: dc2-grid-pool-a4-06.brunel.ac.uk:1095
130819 20:09:30 001 Xrd: GoToAnotherServer: Going to: dc2-grid-04.brunel.ac.uk:1095
130819 20:09:31 001 Xrd: GoToAnotherServer: Going to: dc2-grid-04.brunel.ac.uk:1095
130819 20:09:34 001 Xrd: GoToAnotherServer: Going to: dc2-grid-pool-00.brunel.ac.uk:1095
130819 20:09:36 001 Xrd: GoToAnotherServer: Going to: dc2-grid-pool-a4-01.brunel.ac.uk:1095
130819 20:09:37 001 Xrd: GoToAnotherServer: Going to: dc2-grid-pool-a4-04.brunel.ac.uk:1095
130819 20:09:38 001 Xrd: GoToAnotherServer: Going to: dc2-grid-pool-00.brunel.ac.uk:1095
130819 20:09:41 001 Xrd: GoToAnotherServer: Going to: dc2-grid-04.brunel.ac.uk:1095
130819 20:09:43 001 Xrd: GoToAnotherServer: Going to: dc2-grid-pool-a4-07.brunel.ac.uk:1095
130819 20:09:46 001 Xrd: GoToAnotherServer: Going to: dc2-grid-pool-00.brunel.ac.uk:1095
130819 20:09:46 001 Xrd: GoToAnotherServer: Going to: dc2-grid-pool-a4-02.brunel.ac.uk:1095
130819 20:09:48 001 Xrd: GoToAnotherServer: Going to: dc2-grid-pool-a4-02.brunel.ac.uk:1095
130819 20:09:50 001 Xrd: GoToAnotherServer: Going to: dc2-grid-pool-a1-07.brunel.ac.uk:1095
130819 20:09:51 001 Xrd: GoToAnotherServer: Going to: dc2-grid-04.brunel.ac.uk:1095
130819 20:09:52 001 Xrd: GoToAnotherServer: Going to: dc2-grid-04.brunel.ac.uk:1095
130819 20:09:53 001 Xrd: GoToAnotherServer: Going to: dc2-grid-pool-a4-05.brunel.ac.uk:1095
130819 20:09:54 001 Xrd: GoToAnotherServer: Going to: dc2-grid-pool-a4-05.brunel.ac.uk:1095
130819 20:09:55 001 Xrd: GoToAnotherServer: Going to: dc2-grid-pool-a4-02.brunel.ac.uk:1095
130819 20:09:57 001 Xrd: GoToAnotherServer: Going to: dc2-grid-03.brunel.ac.uk:1095
130819 20:09:58 001 Xrd: GoToAnotherServer: Going to: dc2-grid-pool-a4-07.brunel.ac.uk:1095
130819 20:10:03 001 Xrd: GoToAnotherServer: Going to: dc2-grid-pool-a4-06.brunel.ac.uk:1095
130819 20:10:03 001 Xrd: GoToAnotherServer: Going to: dc2-grid-04.brunel.ac.uk:1095
130819 20:10:04 001 Xrd: GoToAnotherServer: Going to: dc2-grid-pool-a4-05.brunel.ac.uk:1095
130819 20:10:07 001 Xrd: GoToAnotherServer: Going to: dc2-grid-pool-a4-06.brunel.ac.uk:1095
130819 20:10:07 001 Xrd: GoToAnotherServer: Going to: dc2-grid-pool-a4-07.brunel.ac.uk:1095
130819 20:10:09 001 Xrd: GoToAnotherServer: Going to: dc2-grid-04.brunel.ac.uk:1095
130819 20:10:11 001 Xrd: GoToAnotherServer: Going to: dc2-grid-pool-00.brunel.ac.uk:1095
130819 20:10:12 001 Xrd: GoToAnotherServer: Going to: dc2-grid-pool-a4-06.brunel.ac.uk:1095
130819 20:10:13 001 Xrd: GoToAnotherServer: Going to: dc2-grid-pool-a4-01.brunel.ac.uk:1095
130819 20:10:17 001 Xrd: GoToAnotherServer: Going to: dc2-grid-04.brunel.ac.uk:1095
130819 20:10:18 001 Xrd: GoToAnotherServer: Going to: dc2-grid-pool-a1-07.brunel.ac.uk:1095
130819 20:10:20 001 Xrd: GoToAnotherServer: Going to: dc2-grid-04.brunel.ac.uk:1095
130819 20:10:23 001 Xrd: GoToAnotherServer: Going to: dc2-grid-pool-a4-05.brunel.ac.uk:1095
130819 20:10:31 001 Xrd: GoToAnotherServer: Going to: dc2-grid-03.brunel.ac.uk:1095
130819 20:10:32 001 Xrd: GoToAnotherServer: Going to: dc2-grid-pool-a4-02.brunel.ac.uk:1095
130819 20:10:33 001 Xrd: GoToAnotherServer: Going to: dc2-grid-pool-a4-07.brunel.ac.uk:1095
130819 20:10:33 001 Xrd: GoToAnotherServer: Going to: dc2-grid-03.brunel.ac.uk:1095
130819 20:10:34 001 Xrd: GoToAnotherServer: Going to: dc2-grid-04.brunel.ac.uk:1095
130819 20:10:36 001 Xrd: GoToAnotherServer: Going to: dc2-grid-pool-a4-02.brunel.ac.uk:1095
130819 20:10:38 001 Xrd: GoToAnotherServer: Going to: dc2-grid-03.brunel.ac.uk:1095
130819 20:10:39 001 Xrd: GoToAnotherServer: Going to: dc2-grid-04.brunel.ac.uk:1095
130819 20:10:40 001 Xrd: GoToAnotherServer: Going to: dc2-grid-pool-a4-05.brunel.ac.uk:1095
130819 20:10:41 001 Xrd: GoToAnotherServer: Going to: dc2-grid-02.brunel.ac.uk:1095
130819 20:10:42 001 Xrd: GoToAnotherServer: Going to: dc2-grid-04.brunel.ac.uk:1095
130819 20:10:44 001 Xrd: GoToAnotherServer: Going to: dc2-grid-03.brunel.ac.uk:1095
130819 20:10:45 001 Xrd: GoToAnotherServer: Going to: dc2-grid-pool-a4-02.brunel.ac.uk:1095
130819 20:10:47 001 Xrd: GoToAnotherServer: Going to: dc2-grid-pool-a4-05.brunel.ac.uk:1095
130819 20:10:48 001 Xrd: GoToAnotherServer: Going to: dc2-grid-04.brunel.ac.uk:1095
130819 20:10:50 001 Xrd: GoToAnotherServer: Going to: dc2-grid-pool-a4-04.brunel.ac.uk:1095
130819 20:10:51 001 Xrd: GoToAnotherServer: Going to: dc2-grid-pool-a4-06.brunel.ac.uk:1095
130819 20:10:52 001 Xrd: GoToAnotherServer: Going to: dc2-grid-pool-a4-02.brunel.ac.uk:1095
130819 20:10:55 001 Xrd: GoToAnotherServer: Going to: dc2-grid-03.brunel.ac.uk:1095
130819 20:10:57 001 Xrd: GoToAnotherServer: Going to: dc2-grid-pool-a4-07.brunel.ac.uk:1095
Time to prepare analysis: 9.98s
starting analysis
Number of histograms added by eventcountAnalyser: 12
Number of histograms added by ttbardileptonAnalyser: 2118
Number of histograms added by ttbarphotonAnalyser: 2118
Total number of histograms: 4248
detected samples:
QCD_Pt_20_30_EMEnriched
130819 20:11:00 001 Xrd: GoToAnotherServer: Going to: dc2-grid-04.brunel.ac.uk:1095
Analysing event no 1, sample: QCD_Pt_20_30_EMEnriched
File: root://dc2-grid-64.brunel.ac.uk//dpm/brunel.ac.uk/home/cms/store/user/phy6phs/QCD_Pt_20_30_EMEnriched_TuneZ2star_8TeV_pythia6_Summer12_DR53X-PU_S10_START53_V7A-v1_AODSIM_nTuple_v10_diLeptonPlus2Jets_final/QCD_Pt_20_30_EMEnriched_nTuple_53X_mc_152_1_cuw.root
130819 20:11:01 001 Xrd: GoToAnotherServer: Going to: dc2-grid-04.brunel.ac.uk:1095
130819 20:11:01 001 Xrd: GoToAnotherServer: Going to: dc2-grid-pool-a4-06.brunel.ac.uk:1095
130819 20:11:04 001 Xrd: GoToAnotherServer: Going to: dc2-grid-pool-a4-02.brunel.ac.uk:1095
130819 20:11:06 001 Xrd: GoToAnotherServer: Going to: dc2-grid-pool-a4-06.brunel.ac.uk:1095
130819 20:11:08 001 Xrd: GoToAnotherServer: Going to: dc2-grid-pool-a4-02.brunel.ac.uk:1095
130819 20:11:09 001 Xrd: GoToAnotherServer: Going to: dc2-grid-04.brunel.ac.uk:1095
130819 20:11:10 001 Xrd: GoToAnotherServer: Going to: dc2-grid-pool-a4-02.brunel.ac.uk:1095
130819 20:11:12 001 Xrd: GoToAnotherServer: Going to: dc2-grid-04.brunel.ac.uk:1095
130819 20:11:15 001 Xrd: GoToAnotherServer: Going to: dc2-grid-04.brunel.ac.uk:1095
130819 20:11:16 001 Xrd: GoToAnotherServer: Going to: dc2-grid-04.brunel.ac.uk:1095
130819 20:11:17 001 Xrd: GoToAnotherServer: Going to: dc2-grid-pool-a4-02.brunel.ac.uk:1095
130819 20:11:17 001 Xrd: GoToAnotherServer: Going to: dc2-grid-03.brunel.ac.uk:1095
130819 20:11:20 001 Xrd: GoToAnotherServer: Going to: dc2-grid-04.brunel.ac.uk:1095
130819 20:11:21 001 Xrd: GoToAnotherServer: Going to: dc2-grid-pool-a1-06.brunel.ac.uk:1095
130819 20:11:22 001 Xrd: GoToAnotherServer: Going to: dc2-grid-pool-a1-06.brunel.ac.uk:1095
130819 20:11:25 001 Xrd: GoToAnotherServer: Going to: dc2-grid-pool-a4-04.brunel.ac.uk:1095
130819 20:11:26 001 Xrd: GoToAnotherServer: Going to: dc2-grid-04.brunel.ac.uk:1095
130819 20:11:29 001 Xrd: GoToAnotherServer: Going to: dc2-grid-pool-a4-05.brunel.ac.uk:1095
130819 20:11:29 001 Xrd: GoToAnotherServer: Going to: dc2-grid-pool-a4-07.brunel.ac.uk:1095
130819 20:11:32 001 Xrd: GoToAnotherServer: Going to: dc2-grid-03.brunel.ac.uk:1095
130819 20:11:34 001 Xrd: GoToAnotherServer: Going to: dc2-grid-pool-a4-02.brunel.ac.uk:1095
130819 20:11:34 001 Xrd: GoToAnotherServer: Going to: dc2-grid-04.brunel.ac.uk:1095
130819 20:11:37 001 Xrd: GoToAnotherServer: Going to: dc2-grid-pool-a4-02.brunel.ac.uk:1095
130819 20:11:40 001 Xrd: GoToAnotherServer: Going to: dc2-grid-04.brunel.ac.uk:1095
130819 20:11:42 001 Xrd: GoToAnotherServer: Going to: dc2-grid-05.brunel.ac.uk:1095
130819 20:11:43 001 Xrd: GoToAnotherServer: Going to: dc2-grid-04.brunel.ac.uk:1095
130819 20:11:44 001 Xrd: GoToAnotherServer: Going to: dc2-grid-04.brunel.ac.uk:1095
130819 20:11:44 001 Xrd: GoToAnotherServer: Going to: dc2-grid-pool-a4-02.brunel.ac.uk:1095
130819 20:11:49 001 Xrd: GoToAnotherServer: Going to: dc2-grid-pool-a4-06.brunel.ac.uk:1095
130819 20:11:50 001 Xrd: GoToAnotherServer: Going to: dc2-grid-04.brunel.ac.uk:1095
130819 20:11:53 001 Xrd: GoToAnotherServer: Going to: dc2-grid-pool-a4-06.brunel.ac.uk:1095
130819 20:11:55 001 Xrd: GoToAnotherServer: Going to: dc2-grid-pool-a4-05.brunel.ac.uk:1095
130819 20:11:58 001 Xrd: GoToAnotherServer: Going to: dc2-grid-04.brunel.ac.uk:1095
130819 20:11:59 001 Xrd: GoToAnotherServer: Going to: dc2-grid-04.brunel.ac.uk:1095
130819 20:12:01 001 Xrd: GoToAnotherServer: Going to: dc2-grid-pool-a4-04.brunel.ac.uk:1095
130819 20:12:06 001 Xrd: GoToAnotherServer: Going to: dc2-grid-pool-a4-02.brunel.ac.uk:1095
130819 20:12:07 001 Xrd: GoToAnotherServer: Going to: dc2-grid-pool-a4-04.brunel.ac.uk:1095
130819 20:12:11 001 Xrd: GoToAnotherServer: Going to: dc2-grid-04.brunel.ac.uk:1095
130819 20:12:12 001 Xrd: GoToAnotherServer: Going to: dc2-grid-04.brunel.ac.uk:1095
130819 20:12:14 001 Xrd: GoToAnotherServer: Going to: dc2-grid-04.brunel.ac.uk:1095
130819 20:12:16 001 Xrd: GoToAnotherServer: Going to: dc2-grid-pool-a4-02.brunel.ac.uk:1095
130819 20:12:17 001 Xrd: GoToAnotherServer: Going to: dc2-grid-pool-a4-06.brunel.ac.uk:1095
130819 20:12:20 001 Xrd: GoToAnotherServer: Going to: dc2-grid-pool-a4-05.brunel.ac.uk:1095
130819 20:12:24 001 Xrd: GoToAnotherServer: Going to: dc2-grid-pool-a4-07.brunel.ac.uk:1095
130819 20:12:27 001 Xrd: GoToAnotherServer: Going to: dc2-grid-02.brunel.ac.uk:1095
130819 20:12:29 001 Xrd: GoToAnotherServer: Going to: dc2-grid-pool-a4-05.brunel.ac.uk:1095
130819 20:12:33 001 Xrd: GoToAnotherServer: Going to: dc2-grid-pool-a4-07.brunel.ac.uk:1095
130819 20:12:33 001 Xrd: GoToAnotherServer: Going to: dc2-grid-pool-00.brunel.ac.uk:1095
130819 20:12:35 001 Xrd: GoToAnotherServer: Going to: dc2-grid-pool-a4-02.brunel.ac.uk:1095
130819 20:12:36 001 Xrd: GoToAnotherServer: Going to: dc2-grid-pool-a4-02.brunel.ac.uk:1095
130819 20:12:37 001 Xrd: GoToAnotherServer: Going to: dc2-grid-pool-a4-02.brunel.ac.uk:1095
Number of events processed per minute: 633.466
Real time 0:01:40, CP time 5.020
Finishing up analysis and writing histograms do disk (wait for "Analysis finished")
total number of processed events: 53
number of events without electrons: 0
number of events with too high pileup: 0
Real time 0:00:01, CP time 1.210
==========================================================
	 	 Analysis finished
==========================================================
