Parsed config settings:
LightTagSystematic = 0
BTagSystematic = 0
PUFile = PileUp_2012_69300_truth_finebin.root
JetSmearingSystematic = 0
custom_file_suffix = 
pdfWeightNumber = 0
JESsystematic = 0
Using set-up for nTuple version 9
Using set-up for center of mass energy = 8
Loading configuration...
Using config-file 'BristolAnalysis/Tools/python/master_2012_cfg.py
Using Dataset info file:  'BristolAnalysis/Tools/python/DataSetInfo_8TeV.py
Using pileup-file 'BristolAnalysis/Tools/data/PileUp_2012_69300_truth_finebin.root
Using L7 jet energy corrections: BristolAnalysis/Tools/data/bJetReso.root, BristolAnalysis/Tools/data/lightJetReso.root
Maximal number of events to be processed: all available.
Scaling to luminosity 19584pb-1
Time to read configuration: 0.15s
130819 19:42:48 001 Xrd: GoToAnotherServer: Going to: dc2-grid-05.brunel.ac.uk:1095
130819 19:42:50 001 Xrd: GoToAnotherServer: Going to: dc2-grid-pool-a4-02.brunel.ac.uk:1095
130819 19:42:53 001 Xrd: GoToAnotherServer: Going to: dc2-grid-pool-00.brunel.ac.uk:1095
130819 19:42:54 001 Xrd: GoToAnotherServer: Going to: dc2-grid-pool-00.brunel.ac.uk:1095
130819 19:42:55 001 Xrd: GoToAnotherServer: Going to: dc2-grid-05.brunel.ac.uk:1095
130819 19:42:56 001 Xrd: GoToAnotherServer: Going to: dc2-grid-pool-a1-07.brunel.ac.uk:1095
130819 19:42:57 001 Xrd: GoToAnotherServer: Going to: dc2-grid-04.brunel.ac.uk:1095
130819 19:42:59 001 Xrd: GoToAnotherServer: Going to: dc2-grid-pool-a4-03.brunel.ac.uk:1095
130819 19:42:59 001 Xrd: GoToAnotherServer: Going to: dc2-grid-pool-00.brunel.ac.uk:1095
130819 19:43:02 001 Xrd: GoToAnotherServer: Going to: dc2-grid-03.brunel.ac.uk:1095
130819 19:43:02 001 Xrd: GoToAnotherServer: Going to: dc2-grid-pool-00.brunel.ac.uk:1095
130819 19:43:03 001 Xrd: GoToAnotherServer: Going to: dc2-grid-pool-a4-07.brunel.ac.uk:1095
130819 19:43:06 001 Xrd: GoToAnotherServer: Going to: dc2-grid-pool-a4-07.brunel.ac.uk:1095
130819 19:43:11 001 Xrd: GoToAnotherServer: Going to: dc2-grid-pool-a4-03.brunel.ac.uk:1095
130819 19:43:11 001 Xrd: GoToAnotherServer: Going to: dc2-grid-04.brunel.ac.uk:1095
130819 19:43:12 001 Xrd: GoToAnotherServer: Going to: dc2-grid-pool-a4-02.brunel.ac.uk:1095
130819 19:43:13 001 Xrd: GoToAnotherServer: Going to: dc2-grid-pool-a4-04.brunel.ac.uk:1095
130819 19:43:19 001 Xrd: GoToAnotherServer: Going to: dc2-grid-pool-a4-07.brunel.ac.uk:1095
130819 19:43:19 001 Xrd: GoToAnotherServer: Going to: dc2-grid-02.brunel.ac.uk:1095
130819 19:43:20 001 Xrd: GoToAnotherServer: Going to: dc2-grid-04.brunel.ac.uk:1095
130819 19:43:21 001 Xrd: GoToAnotherServer: Going to: dc2-grid-pool-a4-01.brunel.ac.uk:1095
130819 19:43:26 001 Xrd: GoToAnotherServer: Going to: dc2-grid-pool-00.brunel.ac.uk:1095
130819 19:43:34 001 Xrd: GoToAnotherServer: Going to: dc2-grid-04.brunel.ac.uk:1095
130819 19:43:36 001 Xrd: GoToAnotherServer: Going to: dc2-grid-pool-a1-07.brunel.ac.uk:1095
130819 19:43:37 001 Xrd: GoToAnotherServer: Going to: dc2-grid-05.brunel.ac.uk:1095
130819 19:43:38 001 Xrd: GoToAnotherServer: Going to: dc2-grid-04.brunel.ac.uk:1095
130819 19:43:39 001 Xrd: GoToAnotherServer: Going to: dc2-grid-04.brunel.ac.uk:1095
130819 19:43:39 001 Xrd: GoToAnotherServer: Going to: dc2-grid-04.brunel.ac.uk:1095
130819 19:43:41 001 Xrd: GoToAnotherServer: Going to: dc2-grid-04.brunel.ac.uk:1095
130819 19:43:44 001 Xrd: GoToAnotherServer: Going to: dc2-grid-05.brunel.ac.uk:1095
130819 19:43:46 001 Xrd: GoToAnotherServer: Going to: dc2-grid-pool-a1-07.brunel.ac.uk:1095
130819 19:43:49 001 Xrd: GoToAnotherServer: Going to: dc2-grid-02.brunel.ac.uk:1095
130819 19:43:51 001 Xrd: GoToAnotherServer: Going to: dc2-grid-pool-a4-05.brunel.ac.uk:1095
130819 19:43:52 001 Xrd: GoToAnotherServer: Going to: dc2-grid-04.brunel.ac.uk:1095
130819 19:43:54 001 Xrd: GoToAnotherServer: Going to: dc2-grid-pool-a4-07.brunel.ac.uk:1095
130819 19:43:55 001 Xrd: GoToAnotherServer: Going to: dc2-grid-04.brunel.ac.uk:1095
130819 19:43:56 001 Xrd: GoToAnotherServer: Going to: dc2-grid-pool-00.brunel.ac.uk:1095
130819 19:43:59 001 Xrd: GoToAnotherServer: Going to: dc2-grid-pool-00.brunel.ac.uk:1095
130819 19:43:59 001 Xrd: GoToAnotherServer: Going to: dc2-grid-pool-00.brunel.ac.uk:1095
130819 19:44:01 001 Xrd: GoToAnotherServer: Going to: dc2-grid-02.brunel.ac.uk:1095
130819 19:44:02 001 Xrd: GoToAnotherServer: Going to: dc2-grid-02.brunel.ac.uk:1095
130819 19:44:02 001 Xrd: GoToAnotherServer: Going to: dc2-grid-pool-a1-07.brunel.ac.uk:1095
130819 19:44:04 001 Xrd: GoToAnotherServer: Going to: dc2-grid-pool-a4-02.brunel.ac.uk:1095
130819 19:44:06 001 Xrd: GoToAnotherServer: Going to: dc2-grid-03.brunel.ac.uk:1095
130819 19:44:09 001 Xrd: GoToAnotherServer: Going to: dc2-grid-pool-a4-03.brunel.ac.uk:1095
130819 19:44:12 001 Xrd: GoToAnotherServer: Going to: dc2-grid-pool-a4-03.brunel.ac.uk:1095
130819 19:44:14 001 Xrd: GoToAnotherServer: Going to: dc2-grid-pool-a4-05.brunel.ac.uk:1095
130819 19:44:15 001 Xrd: GoToAnotherServer: Going to: dc2-grid-05.brunel.ac.uk:1095
130819 19:44:18 001 Xrd: GoToAnotherServer: Going to: dc2-grid-pool-a1-06.brunel.ac.uk:1095
130819 19:44:18 001 Xrd: GoToAnotherServer: Going to: dc2-grid-04.brunel.ac.uk:1095
130819 19:44:21 001 Xrd: GoToAnotherServer: Going to: dc2-grid-pool-a1-07.brunel.ac.uk:1095
130819 19:44:22 001 Xrd: GoToAnotherServer: Going to: dc2-grid-04.brunel.ac.uk:1095
Time to prepare analysis: 0.78s
starting analysis
Number of histograms added by eventcountAnalyser: 12
Number of histograms added by ttbardileptonAnalyser: 2118
Number of histograms added by ttbarphotonAnalyser: 2118
Total number of histograms: 4248
detected samples:
QCD_Pt_20_30_BCtoE
130819 19:44:24 001 Xrd: GoToAnotherServer: Going to: dc2-grid-pool-00.brunel.ac.uk:1095
Analysing event no 1, sample: QCD_Pt_20_30_BCtoE
File: root://dc2-grid-64.brunel.ac.uk//dpm/brunel.ac.uk/home/cms/store/user/phy6phs/QCD_Pt_20_30_BCtoE_TuneZ2star_8TeV_pythia6_Summer12_DR53X-PU_S10_START53_V7A-v1_AODSIM_nTuple_v10_diLeptonPlus2Jets_final/QCD_Pt_20_30_BCtoE_nTuple_53X_mc_12_1_9mA.root
130819 19:44:25 001 Xrd: GoToAnotherServer: Going to: dc2-grid-pool-a4-03.brunel.ac.uk:1095
130819 19:44:25 001 Xrd: GoToAnotherServer: Going to: dc2-grid-03.brunel.ac.uk:1095
130819 19:44:28 001 Xrd: GoToAnotherServer: Going to: dc2-grid-pool-a4-07.brunel.ac.uk:1095
130819 19:44:29 001 Xrd: GoToAnotherServer: Going to: dc2-grid-04.brunel.ac.uk:1095
130819 19:44:30 001 Xrd: GoToAnotherServer: Going to: dc2-grid-04.brunel.ac.uk:1095
130819 19:44:31 001 Xrd: GoToAnotherServer: Going to: dc2-grid-02.brunel.ac.uk:1095
130819 19:44:34 001 Xrd: GoToAnotherServer: Going to: dc2-grid-pool-a4-03.brunel.ac.uk:1095
130819 19:44:37 001 Xrd: GoToAnotherServer: Going to: dc2-grid-04.brunel.ac.uk:1095
Number of events processed per minute: 652.174
Real time 0:00:14, CP time 0.920
Finishing up analysis and writing histograms do disk (wait for "Analysis finished")
total number of processed events: 10
number of events without electrons: 0
number of events with too high pileup: 0
Real time 0:00:01, CP time 1.170
==========================================================
	 	 Analysis finished
==========================================================
