Parsed config settings:
LightTagSystematic = 0
BTagSystematic = 0
PUFile = PileUp_2012_69300_truth_finebin.root
JetSmearingSystematic = 0
custom_file_suffix = 
pdfWeightNumber = 0
JESsystematic = 0
Using set-up for nTuple version 9
Using set-up for center of mass energy = 8
Loading configuration...
Using config-file 'BristolAnalysis/Tools/python/master_2012_cfg.py
Using Dataset info file:  'BristolAnalysis/Tools/python/DataSetInfo_8TeV.py
Using pileup-file 'BristolAnalysis/Tools/data/PileUp_2012_69300_truth_finebin.root
Using L7 jet energy corrections: BristolAnalysis/Tools/data/bJetReso.root, BristolAnalysis/Tools/data/lightJetReso.root
Maximal number of events to be processed: all available.
Scaling to luminosity 19584pb-1
Time to read configuration: 0.14s
130818 12:33:16 001 Xrd: GoToAnotherServer: Going to: dc2-grid-04.brunel.ac.uk:1095
130818 12:33:18 001 Xrd: GoToAnotherServer: Going to: dc2-grid-pool-a4-01.brunel.ac.uk:1095
130818 12:33:19 001 Xrd: GoToAnotherServer: Going to: dc2-grid-04.brunel.ac.uk:1095
130818 12:33:21 001 Xrd: GoToAnotherServer: Going to: dc2-grid-pool-00.brunel.ac.uk:1095
130818 12:33:22 001 Xrd: GoToAnotherServer: Going to: dc2-grid-pool-a1-06.brunel.ac.uk:1095
130818 12:33:24 001 Xrd: GoToAnotherServer: Going to: dc2-grid-02.brunel.ac.uk:1095
130818 12:33:26 001 Xrd: GoToAnotherServer: Going to: dc2-grid-05.brunel.ac.uk:1095
130818 12:33:27 001 Xrd: GoToAnotherServer: Going to: dc2-grid-pool-00.brunel.ac.uk:1095
130818 12:33:29 001 Xrd: GoToAnotherServer: Going to: dc2-grid-02.brunel.ac.uk:1095
130818 12:33:30 001 Xrd: GoToAnotherServer: Going to: dc2-grid-04.brunel.ac.uk:1095
130818 12:33:32 001 Xrd: GoToAnotherServer: Going to: dc2-grid-pool-00.brunel.ac.uk:1095
130818 12:33:34 001 Xrd: GoToAnotherServer: Going to: dc2-grid-pool-a4-01.brunel.ac.uk:1095
130818 12:33:35 001 Xrd: GoToAnotherServer: Going to: dc2-grid-pool-00.brunel.ac.uk:1095
130818 12:33:36 001 Xrd: GoToAnotherServer: Going to: dc2-grid-pool-00.brunel.ac.uk:1095
130818 12:33:38 001 Xrd: GoToAnotherServer: Going to: dc2-grid-04.brunel.ac.uk:1095
130818 12:33:38 001 Xrd: GoToAnotherServer: Going to: dc2-grid-pool-a4-03.brunel.ac.uk:1095
130818 12:33:41 001 Xrd: GoToAnotherServer: Going to: dc2-grid-05.brunel.ac.uk:1095
130818 12:33:44 001 Xrd: GoToAnotherServer: Going to: dc2-grid-pool-a4-02.brunel.ac.uk:1095
130818 12:33:49 001 Xrd: GoToAnotherServer: Going to: dc2-grid-pool-a1-07.brunel.ac.uk:1095
130818 12:33:53 001 Xrd: GoToAnotherServer: Going to: dc2-grid-04.brunel.ac.uk:1095
130818 12:33:55 001 Xrd: GoToAnotherServer: Going to: dc2-grid-pool-a4-07.brunel.ac.uk:1095
130818 12:34:00 001 Xrd: GoToAnotherServer: Going to: dc2-grid-03.brunel.ac.uk:1095
130818 12:34:02 001 Xrd: GoToAnotherServer: Going to: dc2-grid-pool-00.brunel.ac.uk:1095
130818 12:34:02 001 Xrd: GoToAnotherServer: Going to: dc2-grid-pool-00.brunel.ac.uk:1095
130818 12:34:05 001 Xrd: GoToAnotherServer: Going to: dc2-grid-pool-a1-07.brunel.ac.uk:1095
130818 12:34:06 001 Xrd: GoToAnotherServer: Going to: dc2-grid-04.brunel.ac.uk:1095
130818 12:34:08 001 Xrd: GoToAnotherServer: Going to: dc2-grid-05.brunel.ac.uk:1095
130818 12:34:09 001 Xrd: GoToAnotherServer: Going to: dc2-grid-04.brunel.ac.uk:1095
130818 12:34:11 001 Xrd: GoToAnotherServer: Going to: dc2-grid-04.brunel.ac.uk:1095
130818 12:34:14 001 Xrd: GoToAnotherServer: Going to: dc2-grid-pool-a4-02.brunel.ac.uk:1095
130818 12:34:16 001 Xrd: GoToAnotherServer: Going to: dc2-grid-pool-a1-07.brunel.ac.uk:1095
130818 12:34:19 001 Xrd: GoToAnotherServer: Going to: dc2-grid-02.brunel.ac.uk:1095
130818 12:34:19 001 Xrd: GoToAnotherServer: Going to: dc2-grid-pool-a4-02.brunel.ac.uk:1095
130818 12:34:20 001 Xrd: GoToAnotherServer: Going to: dc2-grid-02.brunel.ac.uk:1095
130818 12:34:21 001 Xrd: GoToAnotherServer: Going to: dc2-grid-pool-00.brunel.ac.uk:1095
130818 12:34:24 001 Xrd: GoToAnotherServer: Going to: dc2-grid-02.brunel.ac.uk:1095
130818 12:34:25 001 Xrd: GoToAnotherServer: Going to: dc2-grid-pool-00.brunel.ac.uk:1095
130818 12:34:27 001 Xrd: GoToAnotherServer: Going to: dc2-grid-pool-00.brunel.ac.uk:1095
130818 12:34:28 001 Xrd: GoToAnotherServer: Going to: dc2-grid-pool-a4-04.brunel.ac.uk:1095
130818 12:34:30 001 Xrd: GoToAnotherServer: Going to: dc2-grid-pool-00.brunel.ac.uk:1095
130818 12:34:32 001 Xrd: GoToAnotherServer: Going to: dc2-grid-04.brunel.ac.uk:1095
130818 12:34:34 001 Xrd: GoToAnotherServer: Going to: dc2-grid-pool-00.brunel.ac.uk:1095
130818 12:34:36 001 Xrd: GoToAnotherServer: Going to: dc2-grid-pool-a1-07.brunel.ac.uk:1095
130818 12:34:39 001 Xrd: GoToAnotherServer: Going to: dc2-grid-pool-00.brunel.ac.uk:1095
130818 12:34:39 001 Xrd: GoToAnotherServer: Going to: dc2-grid-05.brunel.ac.uk:1095
130818 12:34:40 001 Xrd: GoToAnotherServer: Going to: dc2-grid-pool-00.brunel.ac.uk:1095
130818 12:34:41 001 Xrd: GoToAnotherServer: Going to: dc2-grid-pool-a4-07.brunel.ac.uk:1095
130818 12:34:44 001 Xrd: GoToAnotherServer: Going to: dc2-grid-pool-a4-04.brunel.ac.uk:1095
130818 12:34:46 001 Xrd: GoToAnotherServer: Going to: dc2-grid-pool-00.brunel.ac.uk:1095
130818 12:34:47 001 Xrd: GoToAnotherServer: Going to: dc2-grid-04.brunel.ac.uk:1095
130818 12:34:49 001 Xrd: GoToAnotherServer: Going to: dc2-grid-04.brunel.ac.uk:1095
130818 12:34:51 001 Xrd: GoToAnotherServer: Going to: dc2-grid-pool-a1-06.brunel.ac.uk:1095
130818 12:34:52 001 Xrd: GoToAnotherServer: Going to: dc2-grid-pool-a4-03.brunel.ac.uk:1095
130818 12:34:55 001 Xrd: GoToAnotherServer: Going to: dc2-grid-03.brunel.ac.uk:1095
130818 12:34:55 001 Xrd: GoToAnotherServer: Going to: dc2-grid-05.brunel.ac.uk:1095
130818 12:34:57 001 Xrd: GoToAnotherServer: Going to: dc2-grid-02.brunel.ac.uk:1095
130818 12:35:01 001 Xrd: GoToAnotherServer: Going to: dc2-grid-pool-a4-03.brunel.ac.uk:1095
130818 12:35:03 001 Xrd: GoToAnotherServer: Going to: dc2-grid-04.brunel.ac.uk:1095
130818 12:35:03 001 Xrd: GoToAnotherServer: Going to: dc2-grid-04.brunel.ac.uk:1095
130818 12:35:04 001 Xrd: GoToAnotherServer: Going to: dc2-grid-pool-00.brunel.ac.uk:1095
130818 12:35:05 001 Xrd: GoToAnotherServer: Going to: dc2-grid-pool-a4-01.brunel.ac.uk:1095
130818 12:35:06 001 Xrd: GoToAnotherServer: Going to: dc2-grid-pool-a1-07.brunel.ac.uk:1095
130818 12:35:07 001 Xrd: GoToAnotherServer: Going to: dc2-grid-05.brunel.ac.uk:1095
130818 12:35:10 001 Xrd: GoToAnotherServer: Going to: dc2-grid-pool-00.brunel.ac.uk:1095
130818 12:35:10 001 Xrd: GoToAnotherServer: Going to: dc2-grid-pool-a1-06.brunel.ac.uk:1095
130818 12:35:12 001 Xrd: GoToAnotherServer: Going to: dc2-grid-pool-a4-01.brunel.ac.uk:1095
130818 12:35:13 001 Xrd: GoToAnotherServer: Going to: dc2-grid-05.brunel.ac.uk:1095
130818 12:35:14 001 Xrd: GoToAnotherServer: Going to: dc2-grid-05.brunel.ac.uk:1095
130818 12:35:15 001 Xrd: GoToAnotherServer: Going to: dc2-grid-pool-a4-05.brunel.ac.uk:1095
130818 12:35:16 001 Xrd: GoToAnotherServer: Going to: dc2-grid-05.brunel.ac.uk:1095
130818 12:35:19 001 Xrd: GoToAnotherServer: Going to: dc2-grid-pool-a1-07.brunel.ac.uk:1095
130818 12:35:19 001 Xrd: GoToAnotherServer: Going to: dc2-grid-pool-a4-03.brunel.ac.uk:1095
130818 12:35:20 001 Xrd: GoToAnotherServer: Going to: dc2-grid-pool-00.brunel.ac.uk:1095
130818 12:35:22 001 Xrd: GoToAnotherServer: Going to: dc2-grid-04.brunel.ac.uk:1095
130818 12:35:23 001 Xrd: GoToAnotherServer: Going to: dc2-grid-04.brunel.ac.uk:1095
130818 12:35:25 001 Xrd: GoToAnotherServer: Going to: dc2-grid-pool-a4-03.brunel.ac.uk:1095
130818 12:35:27 001 Xrd: GoToAnotherServer: Going to: dc2-grid-pool-00.brunel.ac.uk:1095
130818 12:35:27 001 Xrd: GoToAnotherServer: Going to: dc2-grid-04.brunel.ac.uk:1095
130818 12:35:29 001 Xrd: GoToAnotherServer: Going to: dc2-grid-pool-a4-04.brunel.ac.uk:1095
130818 12:35:30 001 Xrd: GoToAnotherServer: Going to: dc2-grid-pool-a1-07.brunel.ac.uk:1095
130818 12:35:31 001 Xrd: GoToAnotherServer: Going to: dc2-grid-04.brunel.ac.uk:1095
130818 12:35:34 001 Xrd: GoToAnotherServer: Going to: dc2-grid-05.brunel.ac.uk:1095
130818 12:35:35 001 Xrd: GoToAnotherServer: Going to: dc2-grid-pool-00.brunel.ac.uk:1095
130818 12:35:35 001 Xrd: GoToAnotherServer: Going to: dc2-grid-pool-a4-04.brunel.ac.uk:1095
130818 12:35:36 001 Xrd: GoToAnotherServer: Going to: dc2-grid-pool-00.brunel.ac.uk:1095
130818 12:35:38 001 Xrd: GoToAnotherServer: Going to: dc2-grid-02.brunel.ac.uk:1095
130818 12:35:39 001 Xrd: GoToAnotherServer: Going to: dc2-grid-pool-a4-03.brunel.ac.uk:1095
130818 12:35:42 001 Xrd: GoToAnotherServer: Going to: dc2-grid-03.brunel.ac.uk:1095
130818 12:35:43 001 Xrd: GoToAnotherServer: Going to: dc2-grid-pool-a4-06.brunel.ac.uk:1095
130818 12:35:44 001 Xrd: GoToAnotherServer: Going to: dc2-grid-pool-a4-01.brunel.ac.uk:1095
130818 12:35:46 001 Xrd: GoToAnotherServer: Going to: dc2-grid-pool-a1-06.brunel.ac.uk:1095
130818 12:35:49 001 Xrd: GoToAnotherServer: Going to: dc2-grid-pool-a4-02.brunel.ac.uk:1095
130818 12:35:50 001 Xrd: GoToAnotherServer: Going to: dc2-grid-pool-a4-03.brunel.ac.uk:1095
130818 12:35:52 001 Xrd: GoToAnotherServer: Going to: dc2-grid-pool-00.brunel.ac.uk:1095
130818 12:35:55 001 Xrd: GoToAnotherServer: Going to: dc2-grid-02.brunel.ac.uk:1095
130818 12:35:58 001 Xrd: GoToAnotherServer: Going to: dc2-grid-pool-a4-03.brunel.ac.uk:1095
130818 12:36:00 001 Xrd: GoToAnotherServer: Going to: dc2-grid-04.brunel.ac.uk:1095
130818 12:36:01 001 Xrd: GoToAnotherServer: Going to: dc2-grid-pool-a4-01.brunel.ac.uk:1095
130818 12:36:01 001 Xrd: GoToAnotherServer: Going to: dc2-grid-pool-a1-07.brunel.ac.uk:1095
130818 12:36:02 001 Xrd: GoToAnotherServer: Going to: dc2-grid-pool-a4-02.brunel.ac.uk:1095
130818 12:36:05 001 Xrd: GoToAnotherServer: Going to: dc2-grid-pool-a1-07.brunel.ac.uk:1095
130818 12:36:06 001 Xrd: GoToAnotherServer: Going to: dc2-grid-pool-00.brunel.ac.uk:1095
130818 12:36:08 001 Xrd: GoToAnotherServer: Going to: dc2-grid-04.brunel.ac.uk:1095
130818 12:36:10 001 Xrd: GoToAnotherServer: Going to: dc2-grid-04.brunel.ac.uk:1095
130818 12:36:11 001 Xrd: GoToAnotherServer: Going to: dc2-grid-pool-00.brunel.ac.uk:1095
130818 12:36:11 001 Xrd: GoToAnotherServer: Going to: dc2-grid-pool-a4-03.brunel.ac.uk:1095
130818 12:36:13 001 Xrd: GoToAnotherServer: Going to: dc2-grid-pool-00.brunel.ac.uk:1095
130818 12:36:18 001 Xrd: GoToAnotherServer: Going to: dc2-grid-pool-a4-02.brunel.ac.uk:1095
130818 12:36:18 001 Xrd: GoToAnotherServer: Going to: dc2-grid-05.brunel.ac.uk:1095
130818 12:36:19 001 Xrd: GoToAnotherServer: Going to: dc2-grid-pool-a4-04.brunel.ac.uk:1095
130818 12:36:20 001 Xrd: GoToAnotherServer: Going to: dc2-grid-pool-a1-07.brunel.ac.uk:1095
130818 12:36:23 001 Xrd: GoToAnotherServer: Going to: dc2-grid-pool-00.brunel.ac.uk:1095
130818 12:36:27 001 Xrd: GoToAnotherServer: Going to: dc2-grid-pool-a1-07.brunel.ac.uk:1095
130818 12:36:31 001 Xrd: GoToAnotherServer: Going to: dc2-grid-05.brunel.ac.uk:1095
130818 12:36:34 001 Xrd: GoToAnotherServer: Going to: dc2-grid-pool-a4-03.brunel.ac.uk:1095
130818 12:36:38 001 Xrd: GoToAnotherServer: Going to: dc2-grid-pool-a1-07.brunel.ac.uk:1095
130818 12:36:40 001 Xrd: GoToAnotherServer: Going to: dc2-grid-pool-00.brunel.ac.uk:1095
130818 12:36:48 001 Xrd: GoToAnotherServer: Going to: dc2-grid-pool-a4-03.brunel.ac.uk:1095
130818 12:36:51 001 Xrd: GoToAnotherServer: Going to: dc2-grid-04.brunel.ac.uk:1095
130818 12:36:56 001 Xrd: GoToAnotherServer: Going to: dc2-grid-04.brunel.ac.uk:1095
130818 12:36:59 001 Xrd: GoToAnotherServer: Going to: dc2-grid-04.brunel.ac.uk:1095
130818 12:36:59 001 Xrd: GoToAnotherServer: Going to: dc2-grid-pool-00.brunel.ac.uk:1095
130818 12:37:00 001 Xrd: GoToAnotherServer: Going to: dc2-grid-pool-a4-03.brunel.ac.uk:1095
130818 12:37:02 001 Xrd: GoToAnotherServer: Going to: dc2-grid-pool-a4-03.brunel.ac.uk:1095
130818 12:37:05 001 Xrd: GoToAnotherServer: Going to: dc2-grid-pool-a4-03.brunel.ac.uk:1095
130818 12:37:06 001 Xrd: GoToAnotherServer: Going to: dc2-grid-04.brunel.ac.uk:1095
130818 12:37:08 001 Xrd: GoToAnotherServer: Going to: dc2-grid-pool-a4-07.brunel.ac.uk:1095
130818 12:37:09 001 Xrd: GoToAnotherServer: Going to: dc2-grid-pool-a1-07.brunel.ac.uk:1095
130818 12:37:12 001 Xrd: GoToAnotherServer: Going to: dc2-grid-04.brunel.ac.uk:1095
130818 12:37:13 001 Xrd: GoToAnotherServer: Going to: dc2-grid-05.brunel.ac.uk:1095
130818 12:37:15 001 Xrd: GoToAnotherServer: Going to: dc2-grid-04.brunel.ac.uk:1095
130818 12:37:16 001 Xrd: GoToAnotherServer: Going to: dc2-grid-04.brunel.ac.uk:1095
130818 12:37:19 001 Xrd: GoToAnotherServer: Going to: dc2-grid-04.brunel.ac.uk:1095
130818 12:37:20 001 Xrd: GoToAnotherServer: Going to: dc2-grid-05.brunel.ac.uk:1095
130818 12:37:23 001 Xrd: GoToAnotherServer: Going to: dc2-grid-pool-a1-06.brunel.ac.uk:1095
130818 12:37:23 001 Xrd: GoToAnotherServer: Going to: dc2-grid-03.brunel.ac.uk:1095
130818 12:37:26 001 Xrd: GoToAnotherServer: Going to: dc2-grid-04.brunel.ac.uk:1095
130818 12:37:28 001 Xrd: GoToAnotherServer: Going to: dc2-grid-pool-a4-01.brunel.ac.uk:1095
130818 12:37:32 001 Xrd: GoToAnotherServer: Going to: dc2-grid-pool-a1-07.brunel.ac.uk:1095
130818 12:37:41 001 Xrd: GoToAnotherServer: Going to: dc2-grid-02.brunel.ac.uk:1095
130818 12:37:45 001 Xrd: GoToAnotherServer: Going to: dc2-grid-05.brunel.ac.uk:1095
130818 12:37:52 001 Xrd: GoToAnotherServer: Going to: dc2-grid-04.brunel.ac.uk:1095
130818 12:37:53 001 Xrd: GoToAnotherServer: Going to: dc2-grid-pool-a1-07.brunel.ac.uk:1095
130818 12:37:57 001 Xrd: GoToAnotherServer: Going to: dc2-grid-pool-00.brunel.ac.uk:1095
130818 12:38:00 001 Xrd: GoToAnotherServer: Going to: dc2-grid-04.brunel.ac.uk:1095
130818 12:38:05 001 Xrd: GoToAnotherServer: Going to: dc2-grid-pool-00.brunel.ac.uk:1095
130818 12:38:09 001 Xrd: GoToAnotherServer: Going to: dc2-grid-04.brunel.ac.uk:1095
130818 12:38:10 001 Xrd: GoToAnotherServer: Going to: dc2-grid-04.brunel.ac.uk:1095
130818 12:38:11 001 Xrd: GoToAnotherServer: Going to: dc2-grid-pool-00.brunel.ac.uk:1095
130818 12:38:12 001 Xrd: GoToAnotherServer: Going to: dc2-grid-04.brunel.ac.uk:1095
130818 12:38:15 001 Xrd: GoToAnotherServer: Going to: dc2-grid-pool-a1-07.brunel.ac.uk:1095
130818 12:38:15 001 Xrd: GoToAnotherServer: Going to: dc2-grid-pool-00.brunel.ac.uk:1095
130818 12:38:20 001 Xrd: GoToAnotherServer: Going to: dc2-grid-pool-a1-07.brunel.ac.uk:1095
130818 12:38:22 001 Xrd: GoToAnotherServer: Going to: dc2-grid-pool-00.brunel.ac.uk:1095
130818 12:38:25 001 Xrd: GoToAnotherServer: Going to: dc2-grid-04.brunel.ac.uk:1095
130818 12:38:27 001 Xrd: GoToAnotherServer: Going to: dc2-grid-pool-a4-06.brunel.ac.uk:1095
130818 12:38:28 001 Xrd: GoToAnotherServer: Going to: dc2-grid-05.brunel.ac.uk:1095
130818 12:38:28 001 Xrd: GoToAnotherServer: Going to: dc2-grid-pool-a4-05.brunel.ac.uk:1095
130818 12:38:31 001 Xrd: GoToAnotherServer: Going to: dc2-grid-pool-a4-01.brunel.ac.uk:1095
130818 12:38:32 001 Xrd: GoToAnotherServer: Going to: dc2-grid-05.brunel.ac.uk:1095
130818 12:38:34 001 Xrd: GoToAnotherServer: Going to: dc2-grid-pool-00.brunel.ac.uk:1095
130818 12:38:35 001 Xrd: GoToAnotherServer: Going to: dc2-grid-pool-00.brunel.ac.uk:1095
130818 12:38:36 001 Xrd: GoToAnotherServer: Going to: dc2-grid-pool-00.brunel.ac.uk:1095
130818 12:38:38 001 Xrd: GoToAnotherServer: Going to: dc2-grid-pool-00.brunel.ac.uk:1095
130818 12:38:47 001 Xrd: GoToAnotherServer: Going to: dc2-grid-04.brunel.ac.uk:1095
130818 12:38:48 001 Xrd: GoToAnotherServer: Going to: dc2-grid-05.brunel.ac.uk:1095
130818 12:38:48 001 Xrd: GoToAnotherServer: Going to: dc2-grid-pool-a1-07.brunel.ac.uk:1095
130818 12:38:51 001 Xrd: GoToAnotherServer: Going to: dc2-grid-04.brunel.ac.uk:1095
130818 12:38:53 001 Xrd: GoToAnotherServer: Going to: dc2-grid-03.brunel.ac.uk:1095
130818 12:38:54 001 Xrd: GoToAnotherServer: Going to: dc2-grid-pool-a4-03.brunel.ac.uk:1095
130818 12:38:54 001 Xrd: GoToAnotherServer: Going to: dc2-grid-pool-00.brunel.ac.uk:1095
130818 12:38:55 001 Xrd: GoToAnotherServer: Going to: dc2-grid-pool-a4-06.brunel.ac.uk:1095
130818 12:38:56 001 Xrd: GoToAnotherServer: Going to: dc2-grid-pool-a1-06.brunel.ac.uk:1095
130818 12:38:58 001 Xrd: GoToAnotherServer: Going to: dc2-grid-pool-00.brunel.ac.uk:1095
130818 12:38:59 001 Xrd: GoToAnotherServer: Going to: dc2-grid-pool-a4-04.brunel.ac.uk:1095
130818 12:39:01 001 Xrd: GoToAnotherServer: Going to: dc2-grid-pool-a1-07.brunel.ac.uk:1095
130818 12:39:01 001 Xrd: GoToAnotherServer: Going to: dc2-grid-02.brunel.ac.uk:1095
130818 12:39:02 001 Xrd: GoToAnotherServer: Going to: dc2-grid-pool-a4-03.brunel.ac.uk:1095
130818 12:39:03 001 Xrd: GoToAnotherServer: Going to: dc2-grid-04.brunel.ac.uk:1095
130818 12:39:05 001 Xrd: GoToAnotherServer: Going to: dc2-grid-04.brunel.ac.uk:1095
130818 12:39:07 001 Xrd: GoToAnotherServer: Going to: dc2-grid-pool-a1-07.brunel.ac.uk:1095
130818 12:39:09 001 Xrd: GoToAnotherServer: Going to: dc2-grid-pool-a1-07.brunel.ac.uk:1095
130818 12:39:11 001 Xrd: GoToAnotherServer: Going to: dc2-grid-pool-a4-01.brunel.ac.uk:1095
130818 12:39:12 001 Xrd: GoToAnotherServer: Going to: dc2-grid-05.brunel.ac.uk:1095
130818 12:39:14 001 Xrd: GoToAnotherServer: Going to: dc2-grid-02.brunel.ac.uk:1095
130818 12:39:16 001 Xrd: GoToAnotherServer: Going to: dc2-grid-pool-a4-03.brunel.ac.uk:1095
130818 12:39:18 001 Xrd: GoToAnotherServer: Going to: dc2-grid-05.brunel.ac.uk:1095
130818 12:39:20 001 Xrd: GoToAnotherServer: Going to: dc2-grid-pool-a4-06.brunel.ac.uk:1095
130818 12:39:22 001 Xrd: GoToAnotherServer: Going to: dc2-grid-pool-a1-07.brunel.ac.uk:1095
130818 12:39:23 001 Xrd: GoToAnotherServer: Going to: dc2-grid-04.brunel.ac.uk:1095
130818 12:39:27 001 Xrd: GoToAnotherServer: Going to: dc2-grid-pool-a4-03.brunel.ac.uk:1095
130818 12:39:27 001 Xrd: GoToAnotherServer: Going to: dc2-grid-05.brunel.ac.uk:1095
130818 12:39:30 001 Xrd: GoToAnotherServer: Going to: dc2-grid-pool-a1-06.brunel.ac.uk:1095
130818 12:39:30 001 Xrd: GoToAnotherServer: Going to: dc2-grid-pool-a4-01.brunel.ac.uk:1095
130818 12:39:33 001 Xrd: GoToAnotherServer: Going to: dc2-grid-pool-a1-07.brunel.ac.uk:1095
130818 12:39:35 001 Xrd: GoToAnotherServer: Going to: dc2-grid-pool-a1-06.brunel.ac.uk:1095
130818 12:39:37 001 Xrd: GoToAnotherServer: Going to: dc2-grid-pool-a1-06.brunel.ac.uk:1095
130818 12:39:41 001 Xrd: GoToAnotherServer: Going to: dc2-grid-05.brunel.ac.uk:1095
130818 12:39:41 001 Xrd: GoToAnotherServer: Going to: dc2-grid-05.brunel.ac.uk:1095
130818 12:39:42 001 Xrd: GoToAnotherServer: Going to: dc2-grid-04.brunel.ac.uk:1095
130818 12:39:44 001 Xrd: GoToAnotherServer: Going to: dc2-grid-pool-a4-03.brunel.ac.uk:1095
130818 12:39:46 001 Xrd: GoToAnotherServer: Going to: dc2-grid-04.brunel.ac.uk:1095
130818 12:39:49 001 Xrd: GoToAnotherServer: Going to: dc2-grid-04.brunel.ac.uk:1095
130818 12:39:49 001 Xrd: GoToAnotherServer: Going to: dc2-grid-pool-a4-04.brunel.ac.uk:1095
130818 12:39:50 001 Xrd: GoToAnotherServer: Going to: dc2-grid-04.brunel.ac.uk:1095
130818 12:39:54 001 Xrd: GoToAnotherServer: Going to: dc2-grid-02.brunel.ac.uk:1095
130818 12:39:56 001 Xrd: GoToAnotherServer: Going to: dc2-grid-04.brunel.ac.uk:1095
130818 12:39:57 001 Xrd: GoToAnotherServer: Going to: dc2-grid-04.brunel.ac.uk:1095
130818 12:39:59 001 Xrd: GoToAnotherServer: Going to: dc2-grid-04.brunel.ac.uk:1095
130818 12:40:01 001 Xrd: GoToAnotherServer: Going to: dc2-grid-pool-00.brunel.ac.uk:1095
130818 12:40:03 001 Xrd: GoToAnotherServer: Going to: dc2-grid-pool-a4-06.brunel.ac.uk:1095
130818 12:40:04 001 Xrd: GoToAnotherServer: Going to: dc2-grid-pool-00.brunel.ac.uk:1095
130818 12:40:04 001 Xrd: GoToAnotherServer: Going to: dc2-grid-pool-a1-07.brunel.ac.uk:1095
130818 12:40:07 001 Xrd: GoToAnotherServer: Going to: dc2-grid-pool-a4-03.brunel.ac.uk:1095
130818 12:40:07 001 Xrd: GoToAnotherServer: Going to: dc2-grid-pool-00.brunel.ac.uk:1095
130818 12:40:10 001 Xrd: GoToAnotherServer: Going to: dc2-grid-pool-a4-03.brunel.ac.uk:1095
130818 12:40:10 001 Xrd: GoToAnotherServer: Going to: dc2-grid-04.brunel.ac.uk:1095
130818 12:40:11 001 Xrd: GoToAnotherServer: Going to: dc2-grid-pool-a4-06.brunel.ac.uk:1095
130818 12:40:12 001 Xrd: GoToAnotherServer: Going to: dc2-grid-pool-a4-07.brunel.ac.uk:1095
130818 12:40:14 001 Xrd: GoToAnotherServer: Going to: dc2-grid-pool-00.brunel.ac.uk:1095
130818 12:40:15 001 Xrd: GoToAnotherServer: Going to: dc2-grid-pool-a1-07.brunel.ac.uk:1095
130818 12:40:16 001 Xrd: GoToAnotherServer: Going to: dc2-grid-pool-a4-03.brunel.ac.uk:1095
130818 12:40:18 001 Xrd: GoToAnotherServer: Going to: dc2-grid-pool-a1-07.brunel.ac.uk:1095
130818 12:40:20 001 Xrd: GoToAnotherServer: Going to: dc2-grid-pool-a4-06.brunel.ac.uk:1095
130818 12:40:21 001 Xrd: GoToAnotherServer: Going to: dc2-grid-pool-a4-03.brunel.ac.uk:1095
130818 12:40:22 001 Xrd: GoToAnotherServer: Going to: dc2-grid-pool-a1-07.brunel.ac.uk:1095
130818 12:40:22 001 Xrd: GoToAnotherServer: Going to: dc2-grid-04.brunel.ac.uk:1095
130818 12:40:23 001 Xrd: GoToAnotherServer: Going to: dc2-grid-pool-a4-05.brunel.ac.uk:1095
130818 12:40:24 001 Xrd: GoToAnotherServer: Going to: dc2-grid-04.brunel.ac.uk:1095
130818 12:40:27 001 Xrd: GoToAnotherServer: Going to: dc2-grid-pool-00.brunel.ac.uk:1095
130818 12:40:29 001 Xrd: GoToAnotherServer: Going to: dc2-grid-pool-00.brunel.ac.uk:1095
130818 12:40:32 001 Xrd: GoToAnotherServer: Going to: dc2-grid-pool-00.brunel.ac.uk:1095
130818 12:40:32 001 Xrd: GoToAnotherServer: Going to: dc2-grid-pool-00.brunel.ac.uk:1095
130818 12:40:36 001 Xrd: GoToAnotherServer: Going to: dc2-grid-pool-a4-01.brunel.ac.uk:1095
130818 12:40:37 001 Xrd: GoToAnotherServer: Going to: dc2-grid-pool-a1-07.brunel.ac.uk:1095
130818 12:40:38 001 Xrd: GoToAnotherServer: Going to: dc2-grid-pool-00.brunel.ac.uk:1095
130818 12:40:38 001 Xrd: GoToAnotherServer: Going to: dc2-grid-pool-a4-03.brunel.ac.uk:1095
130818 12:40:44 001 Xrd: GoToAnotherServer: Going to: dc2-grid-05.brunel.ac.uk:1095
130818 12:40:45 001 Xrd: GoToAnotherServer: Going to: dc2-grid-pool-00.brunel.ac.uk:1095
130818 12:40:46 001 Xrd: GoToAnotherServer: Going to: dc2-grid-03.brunel.ac.uk:1095
130818 12:40:48 001 Xrd: GoToAnotherServer: Going to: dc2-grid-05.brunel.ac.uk:1095
130818 12:40:49 001 Xrd: GoToAnotherServer: Going to: dc2-grid-pool-00.brunel.ac.uk:1095
130818 12:40:49 001 Xrd: GoToAnotherServer: Going to: dc2-grid-pool-00.brunel.ac.uk:1095
130818 12:40:51 001 Xrd: GoToAnotherServer: Going to: dc2-grid-pool-a4-03.brunel.ac.uk:1095
130818 12:40:57 001 Xrd: GoToAnotherServer: Going to: dc2-grid-pool-a1-06.brunel.ac.uk:1095
130818 12:40:57 001 Xrd: GoToAnotherServer: Going to: dc2-grid-pool-00.brunel.ac.uk:1095
130818 12:40:58 001 Xrd: GoToAnotherServer: Going to: dc2-grid-pool-00.brunel.ac.uk:1095
130818 12:40:58 001 Xrd: GoToAnotherServer: Going to: dc2-grid-pool-a1-07.brunel.ac.uk:1095
130818 12:40:59 001 Xrd: GoToAnotherServer: Going to: dc2-grid-pool-a4-07.brunel.ac.uk:1095
130818 12:41:05 001 Xrd: GoToAnotherServer: Going to: dc2-grid-04.brunel.ac.uk:1095
130818 12:41:10 001 Xrd: GoToAnotherServer: Going to: dc2-grid-pool-a4-03.brunel.ac.uk:1095
130818 12:41:14 001 Xrd: GoToAnotherServer: Going to: dc2-grid-pool-a4-04.brunel.ac.uk:1095
130818 12:41:25 001 Xrd: GoToAnotherServer: Going to: dc2-grid-pool-a1-07.brunel.ac.uk:1095
130818 12:41:26 27969 Xrd: XrdClientMessage::ReadRaw: Failed to read header (8 bytes).
130818 12:41:26 001 Xrd: GoToAnotherServer: Going to: dc2-grid-pool-a4-03.brunel.ac.uk:1095
130818 12:41:27 001 Xrd: GoToAnotherServer: Going to: dc2-grid-05.brunel.ac.uk:1095
130818 12:41:28 001 Xrd: GoToAnotherServer: Going to: dc2-grid-05.brunel.ac.uk:1095
130818 12:41:30 001 Xrd: GoToAnotherServer: Going to: dc2-grid-pool-a4-06.brunel.ac.uk:1095
130818 12:41:32 001 Xrd: GoToAnotherServer: Going to: dc2-grid-pool-a4-03.brunel.ac.uk:1095
130818 12:41:32 001 Xrd: GoToAnotherServer: Going to: dc2-grid-pool-00.brunel.ac.uk:1095
130818 12:41:33 001 Xrd: GoToAnotherServer: Going to: dc2-grid-pool-a1-07.brunel.ac.uk:1095
130818 12:41:34 001 Xrd: GoToAnotherServer: Going to: dc2-grid-pool-a1-07.brunel.ac.uk:1095
130818 12:41:36 001 Xrd: GoToAnotherServer: Going to: dc2-grid-pool-a1-07.brunel.ac.uk:1095
130818 12:41:37 001 Xrd: GoToAnotherServer: Going to: dc2-grid-04.brunel.ac.uk:1095
130818 12:41:40 001 Xrd: GoToAnotherServer: Going to: dc2-grid-pool-a4-03.brunel.ac.uk:1095
130818 12:41:40 001 Xrd: GoToAnotherServer: Going to: dc2-grid-04.brunel.ac.uk:1095
130818 12:41:41 001 Xrd: GoToAnotherServer: Going to: dc2-grid-pool-a4-01.brunel.ac.uk:1095
130818 12:41:42 001 Xrd: GoToAnotherServer: Going to: dc2-grid-pool-00.brunel.ac.uk:1095
130818 12:41:43 001 Xrd: GoToAnotherServer: Going to: dc2-grid-04.brunel.ac.uk:1095
130818 12:41:46 001 Xrd: GoToAnotherServer: Going to: dc2-grid-pool-a4-01.brunel.ac.uk:1095
130818 12:41:47 001 Xrd: GoToAnotherServer: Going to: dc2-grid-04.brunel.ac.uk:1095
130818 12:41:48 001 Xrd: GoToAnotherServer: Going to: dc2-grid-03.brunel.ac.uk:1095
130818 12:41:48 001 Xrd: GoToAnotherServer: Going to: dc2-grid-pool-00.brunel.ac.uk:1095
130818 12:41:49 001 Xrd: GoToAnotherServer: Going to: dc2-grid-04.brunel.ac.uk:1095
130818 12:41:50 001 Xrd: GoToAnotherServer: Going to: dc2-grid-pool-a1-06.brunel.ac.uk:1095
130818 12:41:53 001 Xrd: GoToAnotherServer: Going to: dc2-grid-04.brunel.ac.uk:1095
130818 12:41:54 001 Xrd: GoToAnotherServer: Going to: dc2-grid-05.brunel.ac.uk:1095
130818 12:41:55 001 Xrd: GoToAnotherServer: Going to: dc2-grid-pool-a4-01.brunel.ac.uk:1095
130818 12:41:56 001 Xrd: GoToAnotherServer: Going to: dc2-grid-04.brunel.ac.uk:1095
130818 12:42:00 001 Xrd: GoToAnotherServer: Going to: dc2-grid-05.brunel.ac.uk:1095
130818 12:42:00 001 Xrd: GoToAnotherServer: Going to: dc2-grid-pool-a4-03.brunel.ac.uk:1095
130818 12:42:01 001 Xrd: GoToAnotherServer: Going to: dc2-grid-04.brunel.ac.uk:1095
130818 12:42:02 001 Xrd: GoToAnotherServer: Going to: dc2-grid-pool-00.brunel.ac.uk:1095
130818 12:42:03 001 Xrd: GoToAnotherServer: Going to: dc2-grid-pool-a4-03.brunel.ac.uk:1095
130818 12:42:05 001 Xrd: GoToAnotherServer: Going to: dc2-grid-pool-00.brunel.ac.uk:1095
130818 12:42:06 001 Xrd: GoToAnotherServer: Going to: dc2-grid-pool-00.brunel.ac.uk:1095
130818 12:42:07 001 Xrd: GoToAnotherServer: Going to: dc2-grid-03.brunel.ac.uk:1095
130818 12:42:09 001 Xrd: GoToAnotherServer: Going to: dc2-grid-pool-a4-02.brunel.ac.uk:1095
130818 12:42:09 001 Xrd: CheckErrorStatus: Server [dc2-grid-64.brunel.ac.uk:1094] declared: session not found(error code: 3011)
130818 12:42:09 001 Xrd: GoToAnotherServer: Going to: dc2-grid-04.brunel.ac.uk:1095
130818 12:42:10 001 Xrd: GoToAnotherServer: Going to: dc2-grid-pool-a4-01.brunel.ac.uk:1095
130818 12:42:11 001 Xrd: GoToAnotherServer: Going to: dc2-grid-04.brunel.ac.uk:1095
130818 12:42:15 001 Xrd: GoToAnotherServer: Going to: dc2-grid-pool-00.brunel.ac.uk:1095
130818 12:42:17 001 Xrd: GoToAnotherServer: Going to: dc2-grid-04.brunel.ac.uk:1095
130818 12:42:18 001 Xrd: GoToAnotherServer: Going to: dc2-grid-04.brunel.ac.uk:1095
130818 12:42:19 001 Xrd: GoToAnotherServer: Going to: dc2-grid-pool-00.brunel.ac.uk:1095
130818 12:42:24 001 Xrd: GoToAnotherServer: Going to: dc2-grid-pool-00.brunel.ac.uk:1095
130818 12:42:28 001 Xrd: GoToAnotherServer: Going to: dc2-grid-04.brunel.ac.uk:1095
130818 12:42:33 001 Xrd: GoToAnotherServer: Going to: dc2-grid-pool-00.brunel.ac.uk:1095
130818 12:42:39 001 Xrd: GoToAnotherServer: Going to: dc2-grid-pool-a1-07.brunel.ac.uk:1095
130818 12:42:50 001 Xrd: GoToAnotherServer: Going to: dc2-grid-pool-a4-03.brunel.ac.uk:1095
130818 12:42:58 001 Xrd: GoToAnotherServer: Going to: dc2-grid-04.brunel.ac.uk:1095
130818 12:43:03 001 Xrd: GoToAnotherServer: Going to: dc2-grid-04.brunel.ac.uk:1095
130818 12:43:06 001 Xrd: GoToAnotherServer: Going to: dc2-grid-pool-00.brunel.ac.uk:1095
130818 12:43:06 001 Xrd: GoToAnotherServer: Going to: dc2-grid-05.brunel.ac.uk:1095
130818 12:43:07 001 Xrd: GoToAnotherServer: Going to: dc2-grid-pool-a4-02.brunel.ac.uk:1095
130818 12:43:11 001 Xrd: GoToAnotherServer: Going to: dc2-grid-04.brunel.ac.uk:1095
130818 12:43:12 001 Xrd: GoToAnotherServer: Going to: dc2-grid-pool-a4-03.brunel.ac.uk:1095
130818 12:43:13 001 Xrd: GoToAnotherServer: Going to: dc2-grid-pool-a4-07.brunel.ac.uk:1095
130818 12:43:14 001 Xrd: GoToAnotherServer: Going to: dc2-grid-pool-a1-07.brunel.ac.uk:1095
130818 12:43:17 001 Xrd: GoToAnotherServer: Going to: dc2-grid-pool-a4-03.brunel.ac.uk:1095
130818 12:43:19 001 Xrd: GoToAnotherServer: Going to: dc2-grid-04.brunel.ac.uk:1095
130818 12:43:21 001 Xrd: GoToAnotherServer: Going to: dc2-grid-04.brunel.ac.uk:1095
130818 12:43:24 001 Xrd: GoToAnotherServer: Going to: dc2-grid-04.brunel.ac.uk:1095
130818 12:43:25 001 Xrd: GoToAnotherServer: Going to: dc2-grid-pool-a4-03.brunel.ac.uk:1095
130818 12:43:25 001 Xrd: GoToAnotherServer: Going to: dc2-grid-pool-a4-03.brunel.ac.uk:1095
130818 12:43:28 001 Xrd: GoToAnotherServer: Going to: dc2-grid-04.brunel.ac.uk:1095
130818 12:43:29 001 Xrd: GoToAnotherServer: Going to: dc2-grid-04.brunel.ac.uk:1095
130818 12:43:29 001 Xrd: GoToAnotherServer: Going to: dc2-grid-05.brunel.ac.uk:1095
130818 12:43:30 001 Xrd: GoToAnotherServer: Going to: dc2-grid-02.brunel.ac.uk:1095
130818 12:43:33 001 Xrd: GoToAnotherServer: Going to: dc2-grid-pool-a4-03.brunel.ac.uk:1095
130818 12:43:35 001 Xrd: GoToAnotherServer: Going to: dc2-grid-pool-a4-04.brunel.ac.uk:1095
130818 12:43:37 001 Xrd: GoToAnotherServer: Going to: dc2-grid-02.brunel.ac.uk:1095
130818 12:43:38 001 Xrd: GoToAnotherServer: Going to: dc2-grid-04.brunel.ac.uk:1095
130818 12:43:39 001 Xrd: GoToAnotherServer: Going to: dc2-grid-pool-a1-07.brunel.ac.uk:1095
130818 12:43:39 001 Xrd: GoToAnotherServer: Going to: dc2-grid-pool-00.brunel.ac.uk:1095
130818 12:43:41 001 Xrd: GoToAnotherServer: Going to: dc2-grid-04.brunel.ac.uk:1095
130818 12:43:42 001 Xrd: GoToAnotherServer: Going to: dc2-grid-pool-a1-06.brunel.ac.uk:1095
130818 12:43:43 001 Xrd: GoToAnotherServer: Going to: dc2-grid-pool-00.brunel.ac.uk:1095
130818 12:43:46 001 Xrd: GoToAnotherServer: Going to: dc2-grid-pool-00.brunel.ac.uk:1095
130818 12:43:47 001 Xrd: GoToAnotherServer: Going to: dc2-grid-05.brunel.ac.uk:1095
130818 12:43:48 001 Xrd: GoToAnotherServer: Going to: dc2-grid-pool-00.brunel.ac.uk:1095
130818 12:43:48 001 Xrd: GoToAnotherServer: Going to: dc2-grid-05.brunel.ac.uk:1095
130818 12:43:49 001 Xrd: GoToAnotherServer: Going to: dc2-grid-pool-a4-03.brunel.ac.uk:1095
130818 12:43:52 001 Xrd: GoToAnotherServer: Going to: dc2-grid-pool-00.brunel.ac.uk:1095
130818 12:43:54 001 Xrd: GoToAnotherServer: Going to: dc2-grid-03.brunel.ac.uk:1095
130818 12:43:55 001 Xrd: GoToAnotherServer: Going to: dc2-grid-05.brunel.ac.uk:1095
130818 12:43:56 001 Xrd: GoToAnotherServer: Going to: dc2-grid-04.brunel.ac.uk:1095
130818 12:43:56 001 Xrd: GoToAnotherServer: Going to: dc2-grid-pool-00.brunel.ac.uk:1095
130818 12:43:59 001 Xrd: GoToAnotherServer: Going to: dc2-grid-04.brunel.ac.uk:1095
130818 12:44:00 001 Xrd: GoToAnotherServer: Going to: dc2-grid-pool-a4-04.brunel.ac.uk:1095
130818 12:44:01 001 Xrd: GoToAnotherServer: Going to: dc2-grid-04.brunel.ac.uk:1095
130818 12:44:02 001 Xrd: GoToAnotherServer: Going to: dc2-grid-05.brunel.ac.uk:1095
130818 12:44:02 001 Xrd: GoToAnotherServer: Going to: dc2-grid-05.brunel.ac.uk:1095
130818 12:44:04 001 Xrd: GoToAnotherServer: Going to: dc2-grid-pool-a4-02.brunel.ac.uk:1095
130818 12:44:05 001 Xrd: GoToAnotherServer: Going to: dc2-grid-04.brunel.ac.uk:1095
130818 12:44:06 001 Xrd: GoToAnotherServer: Going to: dc2-grid-pool-a4-03.brunel.ac.uk:1095
130818 12:44:06 001 Xrd: GoToAnotherServer: Going to: dc2-grid-05.brunel.ac.uk:1095
130818 12:44:07 001 Xrd: GoToAnotherServer: Going to: dc2-grid-pool-a4-03.brunel.ac.uk:1095
130818 12:44:09 001 Xrd: GoToAnotherServer: Going to: dc2-grid-04.brunel.ac.uk:1095
130818 12:44:10 001 Xrd: GoToAnotherServer: Going to: dc2-grid-pool-00.brunel.ac.uk:1095
130818 12:44:11 001 Xrd: GoToAnotherServer: Going to: dc2-grid-pool-a1-07.brunel.ac.uk:1095
130818 12:44:12 001 Xrd: GoToAnotherServer: Going to: dc2-grid-04.brunel.ac.uk:1095
130818 12:44:13 001 Xrd: GoToAnotherServer: Going to: dc2-grid-pool-a4-03.brunel.ac.uk:1095
130818 12:44:13 001 Xrd: GoToAnotherServer: Going to: dc2-grid-pool-a4-03.brunel.ac.uk:1095
130818 12:44:16 001 Xrd: GoToAnotherServer: Going to: dc2-grid-04.brunel.ac.uk:1095
130818 12:44:18 001 Xrd: GoToAnotherServer: Going to: dc2-grid-pool-00.brunel.ac.uk:1095
130818 12:44:19 001 Xrd: GoToAnotherServer: Going to: dc2-grid-03.brunel.ac.uk:1095
130818 12:44:20 001 Xrd: GoToAnotherServer: Going to: dc2-grid-05.brunel.ac.uk:1095
130818 12:44:25 001 Xrd: GoToAnotherServer: Going to: dc2-grid-pool-a4-02.brunel.ac.uk:1095
130818 12:44:25 001 Xrd: GoToAnotherServer: Going to: dc2-grid-pool-00.brunel.ac.uk:1095
130818 12:44:26 001 Xrd: GoToAnotherServer: Going to: dc2-grid-pool-a4-01.brunel.ac.uk:1095
130818 12:44:27 001 Xrd: GoToAnotherServer: Going to: dc2-grid-04.brunel.ac.uk:1095
130818 12:44:28 001 Xrd: GoToAnotherServer: Going to: dc2-grid-pool-a4-03.brunel.ac.uk:1095
130818 12:44:30 001 Xrd: GoToAnotherServer: Going to: dc2-grid-04.brunel.ac.uk:1095
130818 12:44:31 001 Xrd: GoToAnotherServer: Going to: dc2-grid-04.brunel.ac.uk:1095
130818 12:44:32 001 Xrd: GoToAnotherServer: Going to: dc2-grid-pool-a4-03.brunel.ac.uk:1095
130818 12:44:33 001 Xrd: GoToAnotherServer: Going to: dc2-grid-pool-a4-03.brunel.ac.uk:1095
130818 12:44:34 001 Xrd: GoToAnotherServer: Going to: dc2-grid-03.brunel.ac.uk:1095
130818 12:44:35 001 Xrd: GoToAnotherServer: Going to: dc2-grid-pool-a4-07.brunel.ac.uk:1095
130818 12:44:38 001 Xrd: GoToAnotherServer: Going to: dc2-grid-pool-a1-07.brunel.ac.uk:1095
130818 12:44:41 001 Xrd: GoToAnotherServer: Going to: dc2-grid-pool-a1-06.brunel.ac.uk:1095
130818 12:44:42 001 Xrd: GoToAnotherServer: Going to: dc2-grid-pool-a1-07.brunel.ac.uk:1095
130818 12:44:43 001 Xrd: GoToAnotherServer: Going to: dc2-grid-pool-a4-06.brunel.ac.uk:1095
130818 12:44:43 001 Xrd: GoToAnotherServer: Going to: dc2-grid-pool-a4-03.brunel.ac.uk:1095
130818 12:44:46 001 Xrd: GoToAnotherServer: Going to: dc2-grid-03.brunel.ac.uk:1095
130818 12:44:46 001 Xrd: GoToAnotherServer: Going to: dc2-grid-04.brunel.ac.uk:1095
130818 12:44:47 001 Xrd: GoToAnotherServer: Going to: dc2-grid-03.brunel.ac.uk:1095
130818 12:44:49 001 Xrd: GoToAnotherServer: Going to: dc2-grid-pool-00.brunel.ac.uk:1095
130818 12:44:51 001 Xrd: GoToAnotherServer: Going to: dc2-grid-pool-00.brunel.ac.uk:1095
130818 12:44:51 001 Xrd: GoToAnotherServer: Going to: dc2-grid-pool-a1-07.brunel.ac.uk:1095
130818 12:44:52 001 Xrd: GoToAnotherServer: Going to: dc2-grid-pool-00.brunel.ac.uk:1095
130818 12:44:54 001 Xrd: GoToAnotherServer: Going to: dc2-grid-pool-a1-07.brunel.ac.uk:1095
130818 12:44:56 001 Xrd: GoToAnotherServer: Going to: dc2-grid-04.brunel.ac.uk:1095
130818 12:44:56 001 Xrd: GoToAnotherServer: Going to: dc2-grid-pool-00.brunel.ac.uk:1095
130818 12:44:57 001 Xrd: GoToAnotherServer: Going to: dc2-grid-04.brunel.ac.uk:1095
130818 12:45:00 001 Xrd: GoToAnotherServer: Going to: dc2-grid-04.brunel.ac.uk:1095
130818 12:45:01 001 Xrd: GoToAnotherServer: Going to: dc2-grid-03.brunel.ac.uk:1095
130818 12:45:08 001 Xrd: GoToAnotherServer: Going to: dc2-grid-05.brunel.ac.uk:1095
130818 12:45:15 001 Xrd: GoToAnotherServer: Going to: dc2-grid-04.brunel.ac.uk:1095
130818 12:45:16 001 Xrd: GoToAnotherServer: Going to: dc2-grid-pool-00.brunel.ac.uk:1095
130818 12:45:18 001 Xrd: GoToAnotherServer: Going to: dc2-grid-pool-a1-07.brunel.ac.uk:1095
130818 12:45:19 001 Xrd: GoToAnotherServer: Going to: dc2-grid-05.brunel.ac.uk:1095
130818 12:45:21 001 Xrd: GoToAnotherServer: Going to: dc2-grid-05.brunel.ac.uk:1095
130818 12:45:22 001 Xrd: GoToAnotherServer: Going to: dc2-grid-pool-a4-02.brunel.ac.uk:1095
130818 12:45:23 001 Xrd: GoToAnotherServer: Going to: dc2-grid-05.brunel.ac.uk:1095
130818 12:45:27 001 Xrd: GoToAnotherServer: Going to: dc2-grid-pool-a1-06.brunel.ac.uk:1095
130818 12:45:28 27969 Xrd: XrdClientMessage::ReadRaw: Failed to read header (8 bytes).
130818 12:45:28 001 Xrd: GoToAnotherServer: Going to: dc2-grid-pool-a4-03.brunel.ac.uk:1095
130818 12:45:30 001 Xrd: GoToAnotherServer: Going to: dc2-grid-pool-00.brunel.ac.uk:1095
130818 12:45:31 001 Xrd: GoToAnotherServer: Going to: dc2-grid-pool-a1-07.brunel.ac.uk:1095
130818 12:45:32 001 Xrd: GoToAnotherServer: Going to: dc2-grid-05.brunel.ac.uk:1095
130818 12:45:37 001 Xrd: GoToAnotherServer: Going to: dc2-grid-04.brunel.ac.uk:1095
130818 12:45:37 001 Xrd: GoToAnotherServer: Going to: dc2-grid-04.brunel.ac.uk:1095
130818 12:45:38 001 Xrd: GoToAnotherServer: Going to: dc2-grid-pool-a4-05.brunel.ac.uk:1095
130818 12:45:38 001 Xrd: CheckErrorStatus: Server [dc2-grid-64.brunel.ac.uk:1094] declared: session not found(error code: 3011)
Time to prepare analysis: 4.51s
starting analysis
Number of histograms added by eventcountAnalyser: 12
Number of histograms added by ttbardileptonAnalyser: 2118
Number of histograms added by ttbarphotonAnalyser: 2118
Total number of histograms: 4248
detected samples:
TTJet
130818 12:45:43 001 Xrd: GoToAnotherServer: Going to: dc2-grid-04.brunel.ac.uk:1095
Analysing event no 1, sample: TTJet
File: root://dc2-grid-64.brunel.ac.uk//dpm/brunel.ac.uk/home/cms/store/user/phy6phs/TTJets_MassiveBinDECAY_TuneZ2star_8TeV-madgraph-tauola_Summer12_DR53X-PU_S10_START53_V7C-v1_AODSIM_nTuple_v10_diLeptonPlus2Jets_rmgamma/TTJets_nTuple_53X_mc_100_1_aLs.root
130818 12:45:47 001 Xrd: GoToAnotherServer: Going to: dc2-grid-pool-a4-01.brunel.ac.uk:1095
130818 12:45:49 001 Xrd: GoToAnotherServer: Going to: dc2-grid-04.brunel.ac.uk:1095
130818 12:45:56 001 Xrd: GoToAnotherServer: Going to: dc2-grid-pool-00.brunel.ac.uk:1095
130818 12:45:58 001 Xrd: GoToAnotherServer: Going to: dc2-grid-pool-a1-06.brunel.ac.uk:1095
130818 12:46:11 001 Xrd: GoToAnotherServer: Going to: dc2-grid-02.brunel.ac.uk:1095
130818 12:46:13 001 Xrd: GoToAnotherServer: Going to: dc2-grid-05.brunel.ac.uk:1095
130818 12:46:17 001 Xrd: GoToAnotherServer: Going to: dc2-grid-pool-00.brunel.ac.uk:1095
130818 12:46:24 001 Xrd: GoToAnotherServer: Going to: dc2-grid-02.brunel.ac.uk:1095
130818 12:46:28 001 Xrd: GoToAnotherServer: Going to: dc2-grid-04.brunel.ac.uk:1095
130818 12:46:32 001 Xrd: GoToAnotherServer: Going to: dc2-grid-pool-00.brunel.ac.uk:1095
130818 12:46:35 001 Xrd: GoToAnotherServer: Going to: dc2-grid-pool-a4-01.brunel.ac.uk:1095
130818 12:46:38 001 Xrd: GoToAnotherServer: Going to: dc2-grid-pool-00.brunel.ac.uk:1095
130818 12:46:41 001 Xrd: GoToAnotherServer: Going to: dc2-grid-pool-00.brunel.ac.uk:1095
130818 12:46:46 001 Xrd: GoToAnotherServer: Going to: dc2-grid-04.brunel.ac.uk:1095
130818 12:46:49 001 Xrd: GoToAnotherServer: Going to: dc2-grid-pool-a4-03.brunel.ac.uk:1095
130818 12:46:53 001 Xrd: GoToAnotherServer: Going to: dc2-grid-05.brunel.ac.uk:1095
130818 12:46:57 001 Xrd: GoToAnotherServer: Going to: dc2-grid-pool-a4-02.brunel.ac.uk:1095
130818 12:47:00 001 Xrd: GoToAnotherServer: Going to: dc2-grid-pool-a1-07.brunel.ac.uk:1095
130818 12:47:05 001 Xrd: GoToAnotherServer: Going to: dc2-grid-04.brunel.ac.uk:1095
130818 12:47:08 001 Xrd: GoToAnotherServer: Going to: dc2-grid-pool-a4-07.brunel.ac.uk:1095
130818 12:47:13 001 Xrd: GoToAnotherServer: Going to: dc2-grid-03.brunel.ac.uk:1095
130818 12:47:17 001 Xrd: GoToAnotherServer: Going to: dc2-grid-pool-00.brunel.ac.uk:1095
130818 12:47:36 001 Xrd: GoToAnotherServer: Going to: dc2-grid-pool-00.brunel.ac.uk:1095
130818 12:47:47 001 Xrd: GoToAnotherServer: Going to: dc2-grid-pool-a1-07.brunel.ac.uk:1095
130818 12:47:50 001 Xrd: GoToAnotherServer: Going to: dc2-grid-04.brunel.ac.uk:1095
130818 12:47:56 001 Xrd: GoToAnotherServer: Going to: dc2-grid-05.brunel.ac.uk:1095
130818 12:47:58 001 Xrd: GoToAnotherServer: Going to: dc2-grid-04.brunel.ac.uk:1095
130818 12:48:01 001 Xrd: GoToAnotherServer: Going to: dc2-grid-04.brunel.ac.uk:1095
130818 12:48:07 001 Xrd: GoToAnotherServer: Going to: dc2-grid-pool-a4-02.brunel.ac.uk:1095
130818 12:48:10 001 Xrd: GoToAnotherServer: Going to: dc2-grid-pool-a1-07.brunel.ac.uk:1095
130818 12:48:13 001 Xrd: GoToAnotherServer: Going to: dc2-grid-02.brunel.ac.uk:1095
130818 12:48:17 001 Xrd: GoToAnotherServer: Going to: dc2-grid-pool-a4-02.brunel.ac.uk:1095
130818 12:48:21 001 Xrd: GoToAnotherServer: Going to: dc2-grid-02.brunel.ac.uk:1095
130818 12:48:25 001 Xrd: GoToAnotherServer: Going to: dc2-grid-pool-00.brunel.ac.uk:1095
130818 12:48:31 001 Xrd: GoToAnotherServer: Going to: dc2-grid-02.brunel.ac.uk:1095
130818 12:48:34 001 Xrd: GoToAnotherServer: Going to: dc2-grid-pool-00.brunel.ac.uk:1095
130818 12:48:37 001 Xrd: GoToAnotherServer: Going to: dc2-grid-pool-00.brunel.ac.uk:1095
130818 12:48:40 001 Xrd: GoToAnotherServer: Going to: dc2-grid-pool-a4-04.brunel.ac.uk:1095
130818 12:48:45 001 Xrd: GoToAnotherServer: Going to: dc2-grid-pool-00.brunel.ac.uk:1095
130818 12:48:47 001 Xrd: GoToAnotherServer: Going to: dc2-grid-04.brunel.ac.uk:1095
130818 12:48:52 001 Xrd: GoToAnotherServer: Going to: dc2-grid-pool-00.brunel.ac.uk:1095
130818 12:48:56 001 Xrd: GoToAnotherServer: Going to: dc2-grid-pool-a1-07.brunel.ac.uk:1095
130818 12:48:59 001 Xrd: GoToAnotherServer: Going to: dc2-grid-pool-00.brunel.ac.uk:1095
130818 12:49:04 001 Xrd: GoToAnotherServer: Going to: dc2-grid-05.brunel.ac.uk:1095
130818 12:49:08 001 Xrd: GoToAnotherServer: Going to: dc2-grid-pool-00.brunel.ac.uk:1095
130818 12:49:11 001 Xrd: GoToAnotherServer: Going to: dc2-grid-pool-a4-07.brunel.ac.uk:1095
130818 12:49:18 001 Xrd: GoToAnotherServer: Going to: dc2-grid-pool-a4-04.brunel.ac.uk:1095
130818 12:49:20 001 Xrd: GoToAnotherServer: Going to: dc2-grid-pool-00.brunel.ac.uk:1095
130818 12:49:31 001 Xrd: GoToAnotherServer: Going to: dc2-grid-04.brunel.ac.uk:1095
130818 12:49:34 001 Xrd: GoToAnotherServer: Going to: dc2-grid-04.brunel.ac.uk:1095
130818 12:49:37 001 Xrd: GoToAnotherServer: Going to: dc2-grid-pool-a1-06.brunel.ac.uk:1095
130818 12:49:41 001 Xrd: GoToAnotherServer: Going to: dc2-grid-pool-a4-03.brunel.ac.uk:1095
130818 12:49:44 001 Xrd: GoToAnotherServer: Going to: dc2-grid-03.brunel.ac.uk:1095
130818 12:49:44 27969 Xrd: XrdClientMessage::ReadRaw: Failed to read header (8 bytes).
130818 12:49:48 001 Xrd: GoToAnotherServer: Going to: dc2-grid-05.brunel.ac.uk:1095
130818 12:49:51 001 Xrd: GoToAnotherServer: Going to: dc2-grid-02.brunel.ac.uk:1095
130818 12:49:54 001 Xrd: GoToAnotherServer: Going to: dc2-grid-pool-a4-03.brunel.ac.uk:1095
130818 12:49:57 001 Xrd: GoToAnotherServer: Going to: dc2-grid-04.brunel.ac.uk:1095
130818 12:50:01 001 Xrd: GoToAnotherServer: Going to: dc2-grid-04.brunel.ac.uk:1095
130818 12:50:05 001 Xrd: GoToAnotherServer: Going to: dc2-grid-pool-00.brunel.ac.uk:1095
130818 12:50:15 001 Xrd: GoToAnotherServer: Going to: dc2-grid-pool-a4-01.brunel.ac.uk:1095
130818 12:50:23 001 Xrd: GoToAnotherServer: Going to: dc2-grid-pool-a1-07.brunel.ac.uk:1095
130818 12:50:28 001 Xrd: GoToAnotherServer: Going to: dc2-grid-05.brunel.ac.uk:1095
130818 12:50:30 001 Xrd: GoToAnotherServer: Going to: dc2-grid-pool-00.brunel.ac.uk:1095
130818 12:50:41 001 Xrd: GoToAnotherServer: Going to: dc2-grid-pool-a1-06.brunel.ac.uk:1095
130818 12:50:42 27969 Xrd: XrdClientMessage::ReadRaw: Failed to read header (8 bytes).
130818 12:50:44 001 Xrd: GoToAnotherServer: Going to: dc2-grid-pool-a4-01.brunel.ac.uk:1095
130818 12:50:49 001 Xrd: GoToAnotherServer: Going to: dc2-grid-05.brunel.ac.uk:1095
130818 12:50:52 001 Xrd: GoToAnotherServer: Going to: dc2-grid-05.brunel.ac.uk:1095
130818 12:50:55 001 Xrd: GoToAnotherServer: Going to: dc2-grid-pool-a4-05.brunel.ac.uk:1095
130818 12:50:55 001 Xrd: CheckErrorStatus: Server [dc2-grid-64.brunel.ac.uk:1094] declared: session not found(error code: 3011)
130818 12:50:58 001 Xrd: GoToAnotherServer: Going to: dc2-grid-05.brunel.ac.uk:1095
130818 12:51:02 001 Xrd: GoToAnotherServer: Going to: dc2-grid-pool-a1-07.brunel.ac.uk:1095
130818 12:51:08 001 Xrd: GoToAnotherServer: Going to: dc2-grid-pool-a4-03.brunel.ac.uk:1095
130818 12:51:15 001 Xrd: GoToAnotherServer: Going to: dc2-grid-pool-00.brunel.ac.uk:1095
130818 12:51:18 001 Xrd: GoToAnotherServer: Going to: dc2-grid-04.brunel.ac.uk:1095
130818 12:51:21 001 Xrd: GoToAnotherServer: Going to: dc2-grid-04.brunel.ac.uk:1095
130818 12:51:25 001 Xrd: GoToAnotherServer: Going to: dc2-grid-pool-a4-03.brunel.ac.uk:1095
130818 12:51:29 001 Xrd: GoToAnotherServer: Going to: dc2-grid-pool-00.brunel.ac.uk:1095
130818 12:51:32 001 Xrd: GoToAnotherServer: Going to: dc2-grid-04.brunel.ac.uk:1095
130818 12:51:36 001 Xrd: GoToAnotherServer: Going to: dc2-grid-pool-a4-04.brunel.ac.uk:1095
130818 12:51:40 001 Xrd: GoToAnotherServer: Going to: dc2-grid-pool-a1-07.brunel.ac.uk:1095
130818 12:51:44 001 Xrd: GoToAnotherServer: Going to: dc2-grid-04.brunel.ac.uk:1095
130818 12:51:47 001 Xrd: GoToAnotherServer: Going to: dc2-grid-05.brunel.ac.uk:1095
130818 12:51:50 001 Xrd: GoToAnotherServer: Going to: dc2-grid-pool-00.brunel.ac.uk:1095
130818 12:51:52 001 Xrd: GoToAnotherServer: Going to: dc2-grid-pool-a4-04.brunel.ac.uk:1095
130818 12:51:55 001 Xrd: GoToAnotherServer: Going to: dc2-grid-pool-00.brunel.ac.uk:1095
Analysing event no 100000, sample: TTJet
File: root://dc2-grid-64.brunel.ac.uk//dpm/brunel.ac.uk/home/cms/store/user/phy6phs/TTJets_MassiveBinDECAY_TuneZ2star_8TeV-madgraph-tauola_Summer12_DR53X-PU_S10_START53_V7C-v1_AODSIM_nTuple_v10_diLeptonPlus2Jets_rmgamma/TTJets_nTuple_53X_mc_177_1_mAT.root
130818 12:51:58 001 Xrd: GoToAnotherServer: Going to: dc2-grid-02.brunel.ac.uk:1095
130818 12:52:03 001 Xrd: GoToAnotherServer: Going to: dc2-grid-pool-a4-03.brunel.ac.uk:1095
130818 12:52:05 001 Xrd: GoToAnotherServer: Going to: dc2-grid-03.brunel.ac.uk:1095
130818 12:52:09 001 Xrd: GoToAnotherServer: Going to: dc2-grid-pool-a4-06.brunel.ac.uk:1095
130818 12:52:09 001 Xrd: CheckErrorStatus: Server [dc2-grid-64.brunel.ac.uk:1094] declared: session not found(error code: 3011)
130818 12:52:13 001 Xrd: GoToAnotherServer: Going to: dc2-grid-pool-a4-01.brunel.ac.uk:1095
130818 12:52:15 001 Xrd: GoToAnotherServer: Going to: dc2-grid-pool-a1-06.brunel.ac.uk:1095
130818 12:52:19 001 Xrd: GoToAnotherServer: Going to: dc2-grid-pool-a4-02.brunel.ac.uk:1095
130818 12:52:21 001 Xrd: GoToAnotherServer: Going to: dc2-grid-pool-a4-03.brunel.ac.uk:1095
130818 12:52:28 001 Xrd: GoToAnotherServer: Going to: dc2-grid-pool-00.brunel.ac.uk:1095
130818 12:52:33 001 Xrd: GoToAnotherServer: Going to: dc2-grid-02.brunel.ac.uk:1095
130818 12:52:36 001 Xrd: GoToAnotherServer: Going to: dc2-grid-pool-a4-03.brunel.ac.uk:1095
130818 12:52:40 001 Xrd: GoToAnotherServer: Going to: dc2-grid-04.brunel.ac.uk:1095
130818 12:52:43 001 Xrd: GoToAnotherServer: Going to: dc2-grid-pool-a4-01.brunel.ac.uk:1095
130818 12:52:49 001 Xrd: GoToAnotherServer: Going to: dc2-grid-pool-a1-07.brunel.ac.uk:1095
130818 12:52:52 001 Xrd: GoToAnotherServer: Going to: dc2-grid-pool-a4-02.brunel.ac.uk:1095
130818 12:52:56 001 Xrd: GoToAnotherServer: Going to: dc2-grid-pool-a1-07.brunel.ac.uk:1095
130818 12:53:01 001 Xrd: GoToAnotherServer: Going to: dc2-grid-pool-00.brunel.ac.uk:1095
130818 12:53:05 001 Xrd: GoToAnotherServer: Going to: dc2-grid-04.brunel.ac.uk:1095
130818 12:53:09 001 Xrd: GoToAnotherServer: Going to: dc2-grid-04.brunel.ac.uk:1095
130818 12:53:12 001 Xrd: GoToAnotherServer: Going to: dc2-grid-pool-00.brunel.ac.uk:1095
130818 12:53:14 001 Xrd: GoToAnotherServer: Going to: dc2-grid-pool-a4-03.brunel.ac.uk:1095
130818 12:53:20 001 Xrd: GoToAnotherServer: Going to: dc2-grid-pool-00.brunel.ac.uk:1095
130818 12:53:24 001 Xrd: GoToAnotherServer: Going to: dc2-grid-pool-a4-02.brunel.ac.uk:1095
130818 12:53:27 001 Xrd: GoToAnotherServer: Going to: dc2-grid-05.brunel.ac.uk:1095
130818 12:53:32 001 Xrd: GoToAnotherServer: Going to: dc2-grid-pool-a4-04.brunel.ac.uk:1095
130818 12:53:35 001 Xrd: GoToAnotherServer: Going to: dc2-grid-pool-a1-07.brunel.ac.uk:1095
130818 12:53:40 001 Xrd: GoToAnotherServer: Going to: dc2-grid-pool-00.brunel.ac.uk:1095
130818 12:53:46 001 Xrd: GoToAnotherServer: Going to: dc2-grid-pool-a1-07.brunel.ac.uk:1095
130818 12:53:50 001 Xrd: GoToAnotherServer: Going to: dc2-grid-05.brunel.ac.uk:1095
130818 12:53:53 001 Xrd: GoToAnotherServer: Going to: dc2-grid-pool-a4-03.brunel.ac.uk:1095
130818 12:53:56 001 Xrd: GoToAnotherServer: Going to: dc2-grid-pool-a1-07.brunel.ac.uk:1095
130818 12:53:59 001 Xrd: GoToAnotherServer: Going to: dc2-grid-pool-00.brunel.ac.uk:1095
130818 12:54:02 001 Xrd: GoToAnotherServer: Going to: dc2-grid-pool-a4-03.brunel.ac.uk:1095
130818 12:54:06 001 Xrd: GoToAnotherServer: Going to: dc2-grid-04.brunel.ac.uk:1095
130818 12:54:09 001 Xrd: GoToAnotherServer: Going to: dc2-grid-04.brunel.ac.uk:1095
130818 12:54:13 001 Xrd: GoToAnotherServer: Going to: dc2-grid-04.brunel.ac.uk:1095
130818 12:54:16 001 Xrd: GoToAnotherServer: Going to: dc2-grid-pool-00.brunel.ac.uk:1095
130818 12:54:16 27969 Xrd: XrdClientMessage::ReadRaw: Failed to read header (8 bytes).
130818 12:54:19 001 Xrd: GoToAnotherServer: Going to: dc2-grid-pool-a4-03.brunel.ac.uk:1095
130818 12:54:21 001 Xrd: GoToAnotherServer: Going to: dc2-grid-pool-a4-03.brunel.ac.uk:1095
130818 12:54:25 001 Xrd: GoToAnotherServer: Going to: dc2-grid-pool-a4-03.brunel.ac.uk:1095
130818 12:54:29 001 Xrd: GoToAnotherServer: Going to: dc2-grid-04.brunel.ac.uk:1095
130818 12:54:33 001 Xrd: GoToAnotherServer: Going to: dc2-grid-pool-a4-07.brunel.ac.uk:1095
130818 12:54:33 001 Xrd: CheckErrorStatus: Server [dc2-grid-64.brunel.ac.uk:1094] declared: session not found(error code: 3011)
130818 12:54:36 001 Xrd: GoToAnotherServer: Going to: dc2-grid-pool-a1-07.brunel.ac.uk:1095
130818 12:54:39 001 Xrd: GoToAnotherServer: Going to: dc2-grid-04.brunel.ac.uk:1095
130818 12:54:42 001 Xrd: GoToAnotherServer: Going to: dc2-grid-05.brunel.ac.uk:1095
130818 12:54:45 001 Xrd: GoToAnotherServer: Going to: dc2-grid-04.brunel.ac.uk:1095
130818 12:54:50 001 Xrd: GoToAnotherServer: Going to: dc2-grid-04.brunel.ac.uk:1095
130818 12:54:53 001 Xrd: GoToAnotherServer: Going to: dc2-grid-04.brunel.ac.uk:1095
130818 12:54:55 001 Xrd: GoToAnotherServer: Going to: dc2-grid-05.brunel.ac.uk:1095
130818 12:54:59 001 Xrd: GoToAnotherServer: Going to: dc2-grid-pool-a1-06.brunel.ac.uk:1095
130818 12:55:02 001 Xrd: GoToAnotherServer: Going to: dc2-grid-03.brunel.ac.uk:1095
130818 12:55:07 001 Xrd: GoToAnotherServer: Going to: dc2-grid-04.brunel.ac.uk:1095
130818 12:55:11 001 Xrd: GoToAnotherServer: Going to: dc2-grid-pool-a4-01.brunel.ac.uk:1095
130818 12:55:13 001 Xrd: GoToAnotherServer: Going to: dc2-grid-pool-a1-07.brunel.ac.uk:1095
130818 12:55:18 001 Xrd: GoToAnotherServer: Going to: dc2-grid-02.brunel.ac.uk:1095
130818 12:55:22 001 Xrd: GoToAnotherServer: Going to: dc2-grid-05.brunel.ac.uk:1095
130818 12:55:27 001 Xrd: GoToAnotherServer: Going to: dc2-grid-04.brunel.ac.uk:1095
130818 12:55:30 001 Xrd: GoToAnotherServer: Going to: dc2-grid-pool-a1-07.brunel.ac.uk:1095
130818 12:55:33 001 Xrd: GoToAnotherServer: Going to: dc2-grid-pool-00.brunel.ac.uk:1095
130818 12:55:36 001 Xrd: GoToAnotherServer: Going to: dc2-grid-04.brunel.ac.uk:1095
130818 12:55:40 001 Xrd: GoToAnotherServer: Going to: dc2-grid-pool-00.brunel.ac.uk:1095
130818 12:55:43 001 Xrd: GoToAnotherServer: Going to: dc2-grid-04.brunel.ac.uk:1095
130818 12:55:46 001 Xrd: GoToAnotherServer: Going to: dc2-grid-04.brunel.ac.uk:1095
130818 12:55:49 001 Xrd: GoToAnotherServer: Going to: dc2-grid-pool-00.brunel.ac.uk:1095
130818 12:55:51 001 Xrd: GoToAnotherServer: Going to: dc2-grid-04.brunel.ac.uk:1095
130818 12:55:57 001 Xrd: GoToAnotherServer: Going to: dc2-grid-pool-a1-07.brunel.ac.uk:1095
130818 12:56:00 27969 Xrd: XrdClientMessage::ReadRaw: Failed to read header (8 bytes).
130818 12:56:00 001 Xrd: GoToAnotherServer: Going to: dc2-grid-pool-00.brunel.ac.uk:1095
130818 12:56:03 001 Xrd: GoToAnotherServer: Going to: dc2-grid-pool-a1-07.brunel.ac.uk:1095
130818 12:56:10 001 Xrd: GoToAnotherServer: Going to: dc2-grid-pool-00.brunel.ac.uk:1095
130818 12:56:16 001 Xrd: GoToAnotherServer: Going to: dc2-grid-04.brunel.ac.uk:1095
130818 12:56:22 001 Xrd: GoToAnotherServer: Going to: dc2-grid-pool-a4-06.brunel.ac.uk:1095
130818 12:56:28 001 Xrd: GoToAnotherServer: Going to: dc2-grid-05.brunel.ac.uk:1095
130818 12:56:34 001 Xrd: GoToAnotherServer: Going to: dc2-grid-pool-a4-05.brunel.ac.uk:1095
130818 12:56:34 001 Xrd: CheckErrorStatus: Server [dc2-grid-64.brunel.ac.uk:1094] declared: session not found(error code: 3011)
130818 12:56:41 001 Xrd: GoToAnotherServer: Going to: dc2-grid-pool-a4-01.brunel.ac.uk:1095
130818 12:56:44 001 Xrd: GoToAnotherServer: Going to: dc2-grid-05.brunel.ac.uk:1095
130818 12:56:47 001 Xrd: GoToAnotherServer: Going to: dc2-grid-pool-00.brunel.ac.uk:1095
130818 12:56:51 001 Xrd: GoToAnotherServer: Going to: dc2-grid-pool-00.brunel.ac.uk:1095
130818 12:56:55 001 Xrd: GoToAnotherServer: Going to: dc2-grid-pool-00.brunel.ac.uk:1095
130818 12:57:00 001 Xrd: GoToAnotherServer: Going to: dc2-grid-pool-00.brunel.ac.uk:1095
130818 12:57:04 001 Xrd: GoToAnotherServer: Going to: dc2-grid-04.brunel.ac.uk:1095
130818 12:57:07 001 Xrd: GoToAnotherServer: Going to: dc2-grid-05.brunel.ac.uk:1095
130818 12:57:11 001 Xrd: GoToAnotherServer: Going to: dc2-grid-pool-a1-07.brunel.ac.uk:1095
130818 12:57:15 001 Xrd: GoToAnotherServer: Going to: dc2-grid-04.brunel.ac.uk:1095
130818 12:57:21 001 Xrd: GoToAnotherServer: Going to: dc2-grid-03.brunel.ac.uk:1095
130818 12:57:24 001 Xrd: GoToAnotherServer: Going to: dc2-grid-pool-a4-03.brunel.ac.uk:1095
Analysing event no 200000, sample: TTJet
File: root://dc2-grid-64.brunel.ac.uk//dpm/brunel.ac.uk/home/cms/store/user/phy6phs/TTJets_MassiveBinDECAY_TuneZ2star_8TeV-madgraph-tauola_Summer12_DR53X-PU_S10_START53_V7C-v1_AODSIM_nTuple_v10_diLeptonPlus2Jets_rmgamma/TTJets_nTuple_53X_mc_253_1_ftq.root
130818 12:57:27 001 Xrd: GoToAnotherServer: Going to: dc2-grid-pool-00.brunel.ac.uk:1095
130818 12:57:31 001 Xrd: GoToAnotherServer: Going to: dc2-grid-pool-a4-06.brunel.ac.uk:1095
130818 12:57:35 001 Xrd: GoToAnotherServer: Going to: dc2-grid-pool-a1-06.brunel.ac.uk:1095
130818 12:57:38 001 Xrd: GoToAnotherServer: Going to: dc2-grid-pool-00.brunel.ac.uk:1095
130818 12:57:44 001 Xrd: GoToAnotherServer: Going to: dc2-grid-pool-a4-04.brunel.ac.uk:1095
130818 12:57:51 001 Xrd: GoToAnotherServer: Going to: dc2-grid-pool-a1-07.brunel.ac.uk:1095
130818 12:57:53 001 Xrd: GoToAnotherServer: Going to: dc2-grid-02.brunel.ac.uk:1095
130818 12:57:57 001 Xrd: GoToAnotherServer: Going to: dc2-grid-pool-a4-03.brunel.ac.uk:1095
130818 12:58:01 001 Xrd: GoToAnotherServer: Going to: dc2-grid-04.brunel.ac.uk:1095
130818 12:58:03 001 Xrd: GoToAnotherServer: Going to: dc2-grid-04.brunel.ac.uk:1095
130818 12:58:07 001 Xrd: GoToAnotherServer: Going to: dc2-grid-pool-a1-07.brunel.ac.uk:1095
130818 12:58:09 001 Xrd: GoToAnotherServer: Going to: dc2-grid-pool-a1-07.brunel.ac.uk:1095
130818 12:58:14 001 Xrd: GoToAnotherServer: Going to: dc2-grid-pool-a4-01.brunel.ac.uk:1095
130818 12:58:16 001 Xrd: GoToAnotherServer: Going to: dc2-grid-05.brunel.ac.uk:1095
130818 12:58:18 001 Xrd: GoToAnotherServer: Going to: dc2-grid-02.brunel.ac.uk:1095
130818 12:58:25 001 Xrd: GoToAnotherServer: Going to: dc2-grid-pool-a4-03.brunel.ac.uk:1095
130818 12:58:27 27969 Xrd: XrdClientMessage::ReadRaw: Failed to read header (8 bytes).
130818 12:58:28 001 Xrd: GoToAnotherServer: Going to: dc2-grid-05.brunel.ac.uk:1095
130818 12:58:32 001 Xrd: GoToAnotherServer: Going to: dc2-grid-pool-a4-06.brunel.ac.uk:1095
130818 12:58:34 001 Xrd: GoToAnotherServer: Going to: dc2-grid-pool-a1-07.brunel.ac.uk:1095
130818 12:58:38 001 Xrd: GoToAnotherServer: Going to: dc2-grid-04.brunel.ac.uk:1095
130818 12:58:43 001 Xrd: GoToAnotherServer: Going to: dc2-grid-pool-a4-03.brunel.ac.uk:1095
130818 12:58:46 001 Xrd: GoToAnotherServer: Going to: dc2-grid-05.brunel.ac.uk:1095
130818 12:58:50 001 Xrd: GoToAnotherServer: Going to: dc2-grid-pool-a1-06.brunel.ac.uk:1095
130818 12:58:54 001 Xrd: GoToAnotherServer: Going to: dc2-grid-pool-a4-01.brunel.ac.uk:1095
130818 12:58:58 001 Xrd: GoToAnotherServer: Going to: dc2-grid-pool-a1-07.brunel.ac.uk:1095
130818 12:59:01 001 Xrd: GoToAnotherServer: Going to: dc2-grid-pool-a1-06.brunel.ac.uk:1095
130818 12:59:08 001 Xrd: GoToAnotherServer: Going to: dc2-grid-pool-a1-06.brunel.ac.uk:1095
130818 12:59:10 001 Xrd: GoToAnotherServer: Going to: dc2-grid-05.brunel.ac.uk:1095
130818 12:59:16 001 Xrd: GoToAnotherServer: Going to: dc2-grid-05.brunel.ac.uk:1095
130818 12:59:19 001 Xrd: GoToAnotherServer: Going to: dc2-grid-04.brunel.ac.uk:1095
130818 12:59:22 001 Xrd: GoToAnotherServer: Going to: dc2-grid-pool-a4-03.brunel.ac.uk:1095
130818 12:59:26 001 Xrd: GoToAnotherServer: Going to: dc2-grid-04.brunel.ac.uk:1095
130818 12:59:30 001 Xrd: GoToAnotherServer: Going to: dc2-grid-04.brunel.ac.uk:1095
130818 12:59:34 001 Xrd: GoToAnotherServer: Going to: dc2-grid-pool-a4-04.brunel.ac.uk:1095
130818 12:59:36 27969 Xrd: XrdClientMessage::ReadRaw: Failed to read header (8 bytes).
130818 12:59:45 001 Xrd: GoToAnotherServer: Going to: dc2-grid-04.brunel.ac.uk:1095
130818 12:59:52 001 Xrd: GoToAnotherServer: Going to: dc2-grid-02.brunel.ac.uk:1095
130818 12:59:59 001 Xrd: GoToAnotherServer: Going to: dc2-grid-04.brunel.ac.uk:1095
130818 13:00:02 001 Xrd: GoToAnotherServer: Going to: dc2-grid-04.brunel.ac.uk:1095
130818 13:00:06 001 Xrd: GoToAnotherServer: Going to: dc2-grid-04.brunel.ac.uk:1095
130818 13:00:09 001 Xrd: GoToAnotherServer: Going to: dc2-grid-pool-00.brunel.ac.uk:1095
130818 13:00:13 001 Xrd: GoToAnotherServer: Going to: dc2-grid-pool-a4-06.brunel.ac.uk:1095
130818 13:00:16 001 Xrd: GoToAnotherServer: Going to: dc2-grid-pool-00.brunel.ac.uk:1095
130818 13:00:20 001 Xrd: GoToAnotherServer: Going to: dc2-grid-pool-a1-07.brunel.ac.uk:1095
130818 13:00:23 001 Xrd: GoToAnotherServer: Going to: dc2-grid-pool-a4-03.brunel.ac.uk:1095
130818 13:00:28 001 Xrd: GoToAnotherServer: Going to: dc2-grid-pool-00.brunel.ac.uk:1095
130818 13:00:30 001 Xrd: GoToAnotherServer: Going to: dc2-grid-pool-a4-03.brunel.ac.uk:1095
130818 13:00:34 001 Xrd: GoToAnotherServer: Going to: dc2-grid-04.brunel.ac.uk:1095
130818 13:00:37 001 Xrd: GoToAnotherServer: Going to: dc2-grid-pool-a4-06.brunel.ac.uk:1095
130818 13:00:40 001 Xrd: GoToAnotherServer: Going to: dc2-grid-pool-a4-07.brunel.ac.uk:1095
130818 13:00:40 001 Xrd: CheckErrorStatus: Server [dc2-grid-64.brunel.ac.uk:1094] declared: session not found(error code: 3011)
130818 13:00:43 001 Xrd: GoToAnotherServer: Going to: dc2-grid-pool-00.brunel.ac.uk:1095
130818 13:00:46 001 Xrd: GoToAnotherServer: Going to: dc2-grid-pool-a1-07.brunel.ac.uk:1095
130818 13:00:49 001 Xrd: GoToAnotherServer: Going to: dc2-grid-pool-a4-03.brunel.ac.uk:1095
130818 13:00:53 001 Xrd: GoToAnotherServer: Going to: dc2-grid-pool-a1-07.brunel.ac.uk:1095
130818 13:00:55 001 Xrd: GoToAnotherServer: Going to: dc2-grid-pool-a4-06.brunel.ac.uk:1095
130818 13:00:58 001 Xrd: GoToAnotherServer: Going to: dc2-grid-pool-a4-03.brunel.ac.uk:1095
130818 13:01:03 001 Xrd: GoToAnotherServer: Going to: dc2-grid-pool-a1-07.brunel.ac.uk:1095
130818 13:01:08 001 Xrd: GoToAnotherServer: Going to: dc2-grid-04.brunel.ac.uk:1095
130818 13:01:12 001 Xrd: GoToAnotherServer: Going to: dc2-grid-pool-a4-05.brunel.ac.uk:1095
130818 13:01:14 001 Xrd: GoToAnotherServer: Going to: dc2-grid-04.brunel.ac.uk:1095
130818 13:01:18 001 Xrd: GoToAnotherServer: Going to: dc2-grid-pool-00.brunel.ac.uk:1095
130818 13:01:21 001 Xrd: GoToAnotherServer: Going to: dc2-grid-pool-00.brunel.ac.uk:1095
130818 13:01:25 001 Xrd: GoToAnotherServer: Going to: dc2-grid-pool-00.brunel.ac.uk:1095
130818 13:01:28 001 Xrd: GoToAnotherServer: Going to: dc2-grid-pool-00.brunel.ac.uk:1095
130818 13:01:35 001 Xrd: GoToAnotherServer: Going to: dc2-grid-pool-a4-01.brunel.ac.uk:1095
130818 13:01:37 001 Xrd: GoToAnotherServer: Going to: dc2-grid-pool-a1-07.brunel.ac.uk:1095
130818 13:01:40 001 Xrd: GoToAnotherServer: Going to: dc2-grid-pool-00.brunel.ac.uk:1095
130818 13:01:46 001 Xrd: GoToAnotherServer: Going to: dc2-grid-pool-a4-03.brunel.ac.uk:1095
130818 13:01:48 001 Xrd: GoToAnotherServer: Going to: dc2-grid-05.brunel.ac.uk:1095
130818 13:01:52 001 Xrd: GoToAnotherServer: Going to: dc2-grid-pool-00.brunel.ac.uk:1095
130818 13:01:56 001 Xrd: GoToAnotherServer: Going to: dc2-grid-03.brunel.ac.uk:1095
130818 13:01:59 001 Xrd: GoToAnotherServer: Going to: dc2-grid-05.brunel.ac.uk:1095
130818 13:02:02 001 Xrd: GoToAnotherServer: Going to: dc2-grid-pool-00.brunel.ac.uk:1095
130818 13:02:06 001 Xrd: GoToAnotherServer: Going to: dc2-grid-pool-00.brunel.ac.uk:1095
130818 13:02:08 001 Xrd: GoToAnotherServer: Going to: dc2-grid-pool-a4-03.brunel.ac.uk:1095
130818 13:02:11 001 Xrd: GoToAnotherServer: Going to: dc2-grid-pool-a1-06.brunel.ac.uk:1095
130818 13:02:14 001 Xrd: GoToAnotherServer: Going to: dc2-grid-pool-00.brunel.ac.uk:1095
130818 13:02:18 001 Xrd: GoToAnotherServer: Going to: dc2-grid-pool-00.brunel.ac.uk:1095
130818 13:02:24 001 Xrd: GoToAnotherServer: Going to: dc2-grid-pool-a1-07.brunel.ac.uk:1095
130818 13:02:27 001 Xrd: GoToAnotherServer: Going to: dc2-grid-pool-a4-07.brunel.ac.uk:1095
130818 13:02:31 001 Xrd: GoToAnotherServer: Going to: dc2-grid-04.brunel.ac.uk:1095
130818 13:02:38 001 Xrd: GoToAnotherServer: Going to: dc2-grid-pool-a4-03.brunel.ac.uk:1095
130818 13:02:44 001 Xrd: GoToAnotherServer: Going to: dc2-grid-pool-a4-04.brunel.ac.uk:1095
130818 13:02:48 001 Xrd: GoToAnotherServer: Going to: dc2-grid-pool-a1-07.brunel.ac.uk:1095
130818 13:02:52 001 Xrd: GoToAnotherServer: Going to: dc2-grid-pool-a4-03.brunel.ac.uk:1095
Analysing event no 300000, sample: TTJet
File: root://dc2-grid-64.brunel.ac.uk//dpm/brunel.ac.uk/home/cms/store/user/phy6phs/TTJets_MassiveBinDECAY_TuneZ2star_8TeV-madgraph-tauola_Summer12_DR53X-PU_S10_START53_V7C-v1_AODSIM_nTuple_v10_diLeptonPlus2Jets_rmgamma/TTJets_nTuple_53X_mc_329_1_j3t.root
130818 13:02:55 001 Xrd: GoToAnotherServer: Going to: dc2-grid-05.brunel.ac.uk:1095
130818 13:02:59 001 Xrd: GoToAnotherServer: Going to: dc2-grid-05.brunel.ac.uk:1095
130818 13:03:02 001 Xrd: GoToAnotherServer: Going to: dc2-grid-pool-a4-06.brunel.ac.uk:1095
130818 13:03:06 001 Xrd: GoToAnotherServer: Going to: dc2-grid-pool-a4-03.brunel.ac.uk:1095
130818 13:03:08 001 Xrd: GoToAnotherServer: Going to: dc2-grid-pool-00.brunel.ac.uk:1095
130818 13:03:14 001 Xrd: GoToAnotherServer: Going to: dc2-grid-pool-a1-07.brunel.ac.uk:1095
130818 13:03:25 001 Xrd: GoToAnotherServer: Going to: dc2-grid-pool-a1-07.brunel.ac.uk:1095
130818 13:03:27 001 Xrd: GoToAnotherServer: Going to: dc2-grid-pool-a1-07.brunel.ac.uk:1095
130818 13:03:31 001 Xrd: GoToAnotherServer: Going to: dc2-grid-04.brunel.ac.uk:1095
130818 13:03:33 001 Xrd: GoToAnotherServer: Going to: dc2-grid-pool-a4-03.brunel.ac.uk:1095
130818 13:03:36 001 Xrd: GoToAnotherServer: Going to: dc2-grid-04.brunel.ac.uk:1095
130818 13:03:38 001 Xrd: GoToAnotherServer: Going to: dc2-grid-pool-a4-01.brunel.ac.uk:1095
130818 13:03:49 001 Xrd: GoToAnotherServer: Going to: dc2-grid-pool-00.brunel.ac.uk:1095
130818 13:03:51 001 Xrd: GoToAnotherServer: Going to: dc2-grid-04.brunel.ac.uk:1095
130818 13:03:55 001 Xrd: GoToAnotherServer: Going to: dc2-grid-pool-a4-01.brunel.ac.uk:1095
130818 13:03:58 001 Xrd: GoToAnotherServer: Going to: dc2-grid-04.brunel.ac.uk:1095
130818 13:04:00 001 Xrd: GoToAnotherServer: Going to: dc2-grid-03.brunel.ac.uk:1095
130818 13:04:03 001 Xrd: GoToAnotherServer: Going to: dc2-grid-pool-00.brunel.ac.uk:1095
130818 13:04:06 001 Xrd: GoToAnotherServer: Going to: dc2-grid-04.brunel.ac.uk:1095
130818 13:04:10 001 Xrd: GoToAnotherServer: Going to: dc2-grid-pool-a1-06.brunel.ac.uk:1095
130818 13:04:13 001 Xrd: GoToAnotherServer: Going to: dc2-grid-04.brunel.ac.uk:1095
130818 13:04:16 001 Xrd: GoToAnotherServer: Going to: dc2-grid-05.brunel.ac.uk:1095
130818 13:04:20 001 Xrd: GoToAnotherServer: Going to: dc2-grid-pool-a4-01.brunel.ac.uk:1095
130818 13:04:25 001 Xrd: GoToAnotherServer: Going to: dc2-grid-04.brunel.ac.uk:1095
130818 13:04:27 001 Xrd: GoToAnotherServer: Going to: dc2-grid-05.brunel.ac.uk:1095
130818 13:04:30 001 Xrd: GoToAnotherServer: Going to: dc2-grid-pool-a4-03.brunel.ac.uk:1095
130818 13:04:33 001 Xrd: GoToAnotherServer: Going to: dc2-grid-04.brunel.ac.uk:1095
130818 13:04:35 001 Xrd: GoToAnotherServer: Going to: dc2-grid-pool-00.brunel.ac.uk:1095
130818 13:04:40 001 Xrd: GoToAnotherServer: Going to: dc2-grid-pool-a4-03.brunel.ac.uk:1095
130818 13:04:44 001 Xrd: GoToAnotherServer: Going to: dc2-grid-pool-00.brunel.ac.uk:1095
130818 13:04:46 001 Xrd: GoToAnotherServer: Going to: dc2-grid-pool-00.brunel.ac.uk:1095
130818 13:04:48 001 Xrd: GoToAnotherServer: Going to: dc2-grid-03.brunel.ac.uk:1095
130818 13:04:52 001 Xrd: GoToAnotherServer: Going to: dc2-grid-pool-a4-02.brunel.ac.uk:1095
130818 13:04:52 001 Xrd: CheckErrorStatus: Server [dc2-grid-64.brunel.ac.uk:1094] declared: session not found(error code: 3011)
130818 13:04:54 001 Xrd: GoToAnotherServer: Going to: dc2-grid-04.brunel.ac.uk:1095
130818 13:04:57 001 Xrd: GoToAnotherServer: Going to: dc2-grid-pool-a4-01.brunel.ac.uk:1095
130818 13:04:57 27969 Xrd: XrdClientMessage::ReadRaw: Failed to read header (8 bytes).
130818 13:04:59 001 Xrd: GoToAnotherServer: Going to: dc2-grid-04.brunel.ac.uk:1095
130818 13:05:02 001 Xrd: GoToAnotherServer: Going to: dc2-grid-pool-00.brunel.ac.uk:1095
130818 13:05:06 001 Xrd: GoToAnotherServer: Going to: dc2-grid-04.brunel.ac.uk:1095
130818 13:05:09 001 Xrd: GoToAnotherServer: Going to: dc2-grid-04.brunel.ac.uk:1095
130818 13:05:12 001 Xrd: GoToAnotherServer: Going to: dc2-grid-pool-00.brunel.ac.uk:1095
130818 13:05:17 001 Xrd: GoToAnotherServer: Going to: dc2-grid-pool-00.brunel.ac.uk:1095
130818 13:05:19 001 Xrd: GoToAnotherServer: Going to: dc2-grid-04.brunel.ac.uk:1095
130818 13:05:22 001 Xrd: GoToAnotherServer: Going to: dc2-grid-pool-00.brunel.ac.uk:1095
130818 13:05:24 001 Xrd: GoToAnotherServer: Going to: dc2-grid-pool-a1-07.brunel.ac.uk:1095
130818 13:05:28 001 Xrd: GoToAnotherServer: Going to: dc2-grid-pool-a4-03.brunel.ac.uk:1095
130818 13:05:31 001 Xrd: GoToAnotherServer: Going to: dc2-grid-04.brunel.ac.uk:1095
130818 13:05:34 001 Xrd: GoToAnotherServer: Going to: dc2-grid-04.brunel.ac.uk:1095
130818 13:05:37 001 Xrd: GoToAnotherServer: Going to: dc2-grid-pool-00.brunel.ac.uk:1095
130818 13:05:40 001 Xrd: GoToAnotherServer: Going to: dc2-grid-05.brunel.ac.uk:1095
130818 13:05:42 001 Xrd: GoToAnotherServer: Going to: dc2-grid-pool-a4-02.brunel.ac.uk:1095
130818 13:05:46 001 Xrd: GoToAnotherServer: Going to: dc2-grid-04.brunel.ac.uk:1095
130818 13:05:49 001 Xrd: GoToAnotherServer: Going to: dc2-grid-pool-a4-03.brunel.ac.uk:1095
130818 13:05:52 001 Xrd: GoToAnotherServer: Going to: dc2-grid-pool-a4-07.brunel.ac.uk:1095
130818 13:05:55 001 Xrd: GoToAnotherServer: Going to: dc2-grid-pool-a1-07.brunel.ac.uk:1095
130818 13:05:59 001 Xrd: GoToAnotherServer: Going to: dc2-grid-pool-a4-03.brunel.ac.uk:1095
130818 13:06:02 001 Xrd: GoToAnotherServer: Going to: dc2-grid-04.brunel.ac.uk:1095
130818 13:06:06 001 Xrd: GoToAnotherServer: Going to: dc2-grid-04.brunel.ac.uk:1095
130818 13:06:12 001 Xrd: GoToAnotherServer: Going to: dc2-grid-04.brunel.ac.uk:1095
130818 13:06:14 001 Xrd: GoToAnotherServer: Going to: dc2-grid-pool-a4-03.brunel.ac.uk:1095
130818 13:06:17 27969 Xrd: XrdClientMessage::ReadRaw: Failed to read header (8 bytes).
130818 13:06:18 001 Xrd: GoToAnotherServer: Going to: dc2-grid-pool-a4-03.brunel.ac.uk:1095
130818 13:06:21 001 Xrd: GoToAnotherServer: Going to: dc2-grid-04.brunel.ac.uk:1095
130818 13:06:25 001 Xrd: GoToAnotherServer: Going to: dc2-grid-04.brunel.ac.uk:1095
130818 13:06:28 001 Xrd: GoToAnotherServer: Going to: dc2-grid-05.brunel.ac.uk:1095
130818 13:06:32 001 Xrd: GoToAnotherServer: Going to: dc2-grid-02.brunel.ac.uk:1095
130818 13:06:32 001 Xrd: CheckErrorStatus: Server [dc2-grid-64.brunel.ac.uk:1094] declared: session not found(error code: 3011)
130818 13:06:37 001 Xrd: GoToAnotherServer: Going to: dc2-grid-pool-a4-03.brunel.ac.uk:1095
130818 13:06:40 001 Xrd: GoToAnotherServer: Going to: dc2-grid-pool-a4-04.brunel.ac.uk:1095
130818 13:06:47 001 Xrd: GoToAnotherServer: Going to: dc2-grid-02.brunel.ac.uk:1095
130818 13:06:54 001 Xrd: GoToAnotherServer: Going to: dc2-grid-04.brunel.ac.uk:1095
130818 13:07:00 001 Xrd: GoToAnotherServer: Going to: dc2-grid-pool-a1-07.brunel.ac.uk:1095
130818 13:07:05 001 Xrd: GoToAnotherServer: Going to: dc2-grid-pool-00.brunel.ac.uk:1095
130818 13:07:09 001 Xrd: GoToAnotherServer: Going to: dc2-grid-04.brunel.ac.uk:1095
130818 13:07:11 001 Xrd: GoToAnotherServer: Going to: dc2-grid-pool-a1-06.brunel.ac.uk:1095
130818 13:07:14 001 Xrd: GoToAnotherServer: Going to: dc2-grid-pool-00.brunel.ac.uk:1095
130818 13:07:17 001 Xrd: GoToAnotherServer: Going to: dc2-grid-pool-00.brunel.ac.uk:1095
130818 13:07:20 001 Xrd: GoToAnotherServer: Going to: dc2-grid-05.brunel.ac.uk:1095
130818 13:07:22 001 Xrd: GoToAnotherServer: Going to: dc2-grid-pool-00.brunel.ac.uk:1095
130818 13:07:25 001 Xrd: GoToAnotherServer: Going to: dc2-grid-05.brunel.ac.uk:1095
130818 13:07:27 001 Xrd: GoToAnotherServer: Going to: dc2-grid-pool-a4-03.brunel.ac.uk:1095
130818 13:07:30 001 Xrd: GoToAnotherServer: Going to: dc2-grid-pool-00.brunel.ac.uk:1095
130818 13:07:32 001 Xrd: GoToAnotherServer: Going to: dc2-grid-03.brunel.ac.uk:1095
130818 13:07:34 001 Xrd: GoToAnotherServer: Going to: dc2-grid-05.brunel.ac.uk:1095
130818 13:07:37 001 Xrd: GoToAnotherServer: Going to: dc2-grid-04.brunel.ac.uk:1095
130818 13:07:38 001 Xrd: GoToAnotherServer: Going to: dc2-grid-pool-00.brunel.ac.uk:1095
130818 13:07:42 001 Xrd: GoToAnotherServer: Going to: dc2-grid-04.brunel.ac.uk:1095
130818 13:07:46 001 Xrd: GoToAnotherServer: Going to: dc2-grid-pool-a4-04.brunel.ac.uk:1095
130818 13:07:48 001 Xrd: GoToAnotherServer: Going to: dc2-grid-04.brunel.ac.uk:1095
130818 13:07:53 001 Xrd: GoToAnotherServer: Going to: dc2-grid-05.brunel.ac.uk:1095
Analysing event no 400000, sample: TTJet
File: root://dc2-grid-64.brunel.ac.uk//dpm/brunel.ac.uk/home/cms/store/user/phy6phs/TTJets_MassiveBinDECAY_TuneZ2star_8TeV-madgraph-tauola_Summer12_DR53X-PU_S10_START53_V7C-v1_AODSIM_nTuple_v10_diLeptonPlus2Jets_rmgamma/TTJets_nTuple_53X_mc_44_1_BBW.root
130818 13:07:55 001 Xrd: GoToAnotherServer: Going to: dc2-grid-05.brunel.ac.uk:1095
130818 13:07:58 001 Xrd: GoToAnotherServer: Going to: dc2-grid-pool-a4-02.brunel.ac.uk:1095
130818 13:08:02 001 Xrd: GoToAnotherServer: Going to: dc2-grid-04.brunel.ac.uk:1095
130818 13:08:04 27969 Xrd: XrdClientMessage::ReadRaw: Failed to read header (8 bytes).
130818 13:08:05 001 Xrd: GoToAnotherServer: Going to: dc2-grid-pool-a4-03.brunel.ac.uk:1095
130818 13:08:08 001 Xrd: GoToAnotherServer: Going to: dc2-grid-05.brunel.ac.uk:1095
130818 13:08:10 001 Xrd: GoToAnotherServer: Going to: dc2-grid-pool-a4-03.brunel.ac.uk:1095
130818 13:08:14 001 Xrd: GoToAnotherServer: Going to: dc2-grid-04.brunel.ac.uk:1095
130818 13:08:17 001 Xrd: GoToAnotherServer: Going to: dc2-grid-pool-00.brunel.ac.uk:1095
130818 13:08:23 001 Xrd: GoToAnotherServer: Going to: dc2-grid-pool-a1-07.brunel.ac.uk:1095
130818 13:08:29 001 Xrd: GoToAnotherServer: Going to: dc2-grid-04.brunel.ac.uk:1095
130818 13:08:32 001 Xrd: GoToAnotherServer: Going to: dc2-grid-pool-a4-03.brunel.ac.uk:1095
130818 13:08:38 001 Xrd: GoToAnotherServer: Going to: dc2-grid-pool-a4-03.brunel.ac.uk:1095
130818 13:08:41 001 Xrd: GoToAnotherServer: Going to: dc2-grid-04.brunel.ac.uk:1095
130818 13:08:48 001 Xrd: GoToAnotherServer: Going to: dc2-grid-pool-00.brunel.ac.uk:1095
130818 13:08:53 001 Xrd: GoToAnotherServer: Going to: dc2-grid-03.brunel.ac.uk:1095
130818 13:08:55 001 Xrd: GoToAnotherServer: Going to: dc2-grid-05.brunel.ac.uk:1095
130818 13:09:00 001 Xrd: GoToAnotherServer: Going to: dc2-grid-pool-a4-02.brunel.ac.uk:1095
130818 13:09:03 001 Xrd: GoToAnotherServer: Going to: dc2-grid-pool-00.brunel.ac.uk:1095
130818 13:09:09 001 Xrd: GoToAnotherServer: Going to: dc2-grid-pool-a4-01.brunel.ac.uk:1095
130818 13:09:11 001 Xrd: GoToAnotherServer: Going to: dc2-grid-04.brunel.ac.uk:1095
130818 13:09:14 001 Xrd: GoToAnotherServer: Going to: dc2-grid-pool-a4-03.brunel.ac.uk:1095
130818 13:09:17 001 Xrd: GoToAnotherServer: Going to: dc2-grid-04.brunel.ac.uk:1095
130818 13:09:20 001 Xrd: GoToAnotherServer: Going to: dc2-grid-04.brunel.ac.uk:1095
130818 13:09:25 001 Xrd: GoToAnotherServer: Going to: dc2-grid-pool-a4-03.brunel.ac.uk:1095
130818 13:09:27 001 Xrd: GoToAnotherServer: Going to: dc2-grid-pool-a4-03.brunel.ac.uk:1095
130818 13:09:33 001 Xrd: GoToAnotherServer: Going to: dc2-grid-03.brunel.ac.uk:1095
130818 13:09:37 001 Xrd: GoToAnotherServer: Going to: dc2-grid-pool-a4-07.brunel.ac.uk:1095
130818 13:09:40 001 Xrd: GoToAnotherServer: Going to: dc2-grid-pool-a1-07.brunel.ac.uk:1095
130818 13:09:43 001 Xrd: GoToAnotherServer: Going to: dc2-grid-pool-a1-06.brunel.ac.uk:1095
130818 13:09:46 001 Xrd: GoToAnotherServer: Going to: dc2-grid-pool-a1-07.brunel.ac.uk:1095
130818 13:09:50 001 Xrd: GoToAnotherServer: Going to: dc2-grid-pool-a4-06.brunel.ac.uk:1095
130818 13:09:50 001 Xrd: CheckErrorStatus: Server [dc2-grid-64.brunel.ac.uk:1094] declared: session not found(error code: 3011)
130818 13:09:53 001 Xrd: GoToAnotherServer: Going to: dc2-grid-pool-a4-03.brunel.ac.uk:1095
130818 13:09:56 001 Xrd: GoToAnotherServer: Going to: dc2-grid-03.brunel.ac.uk:1095
130818 13:09:58 001 Xrd: GoToAnotherServer: Going to: dc2-grid-04.brunel.ac.uk:1095
130818 13:10:05 001 Xrd: GoToAnotherServer: Going to: dc2-grid-03.brunel.ac.uk:1095
130818 13:10:08 001 Xrd: GoToAnotherServer: Going to: dc2-grid-pool-00.brunel.ac.uk:1095
130818 13:10:11 001 Xrd: GoToAnotherServer: Going to: dc2-grid-pool-00.brunel.ac.uk:1095
130818 13:10:15 001 Xrd: GoToAnotherServer: Going to: dc2-grid-pool-a1-07.brunel.ac.uk:1095
130818 13:10:18 001 Xrd: GoToAnotherServer: Going to: dc2-grid-pool-00.brunel.ac.uk:1095
130818 13:10:22 001 Xrd: GoToAnotherServer: Going to: dc2-grid-pool-a1-07.brunel.ac.uk:1095
130818 13:10:24 001 Xrd: GoToAnotherServer: Going to: dc2-grid-04.brunel.ac.uk:1095
130818 13:10:30 001 Xrd: GoToAnotherServer: Going to: dc2-grid-pool-00.brunel.ac.uk:1095
130818 13:10:34 001 Xrd: GoToAnotherServer: Going to: dc2-grid-04.brunel.ac.uk:1095
130818 13:10:37 001 Xrd: GoToAnotherServer: Going to: dc2-grid-04.brunel.ac.uk:1095
130818 13:10:39 001 Xrd: GoToAnotherServer: Going to: dc2-grid-03.brunel.ac.uk:1095
130818 13:10:42 001 Xrd: GoToAnotherServer: Going to: dc2-grid-05.brunel.ac.uk:1095
130818 13:10:45 001 Xrd: GoToAnotherServer: Going to: dc2-grid-04.brunel.ac.uk:1095
130818 13:10:47 001 Xrd: GoToAnotherServer: Going to: dc2-grid-pool-00.brunel.ac.uk:1095
130818 13:10:52 001 Xrd: GoToAnotherServer: Going to: dc2-grid-pool-a1-07.brunel.ac.uk:1095
130818 13:10:55 001 Xrd: GoToAnotherServer: Going to: dc2-grid-05.brunel.ac.uk:1095
130818 13:10:57 001 Xrd: GoToAnotherServer: Going to: dc2-grid-05.brunel.ac.uk:1095
130818 13:11:00 001 Xrd: GoToAnotherServer: Going to: dc2-grid-pool-a4-02.brunel.ac.uk:1095
130818 13:11:03 001 Xrd: GoToAnotherServer: Going to: dc2-grid-05.brunel.ac.uk:1095
130818 13:11:05 001 Xrd: GoToAnotherServer: Going to: dc2-grid-pool-a1-06.brunel.ac.uk:1095
130818 13:11:10 001 Xrd: GoToAnotherServer: Going to: dc2-grid-pool-a4-03.brunel.ac.uk:1095
130818 13:11:12 001 Xrd: GoToAnotherServer: Going to: dc2-grid-pool-00.brunel.ac.uk:1095
130818 13:11:16 001 Xrd: GoToAnotherServer: Going to: dc2-grid-pool-a1-07.brunel.ac.uk:1095
130818 13:11:19 001 Xrd: GoToAnotherServer: Going to: dc2-grid-05.brunel.ac.uk:1095
130818 13:11:21 001 Xrd: GoToAnotherServer: Going to: dc2-grid-04.brunel.ac.uk:1095
130818 13:11:23 001 Xrd: GoToAnotherServer: Going to: dc2-grid-04.brunel.ac.uk:1095
130818 13:11:26 001 Xrd: GoToAnotherServer: Going to: dc2-grid-pool-a4-05.brunel.ac.uk:1095
130818 13:11:27 001 Xrd: CheckErrorStatus: Server [dc2-grid-64.brunel.ac.uk:1094] declared: session not found(error code: 3011)
Number of events processed per minute: 84610.2
Real time 0:25:49, CP time 335.190
Finishing up analysis and writing histograms do disk (wait for "Analysis finished")
total number of processed events: 472675
number of events without electrons: 0
number of events with too high pileup: 0
Real time 0:00:01, CP time 1.400
==========================================================
	 	 Analysis finished
==========================================================
