Parsed config settings:
LightTagSystematic = 0
BTagSystematic = 0
PUFile = PileUp_2012_69300_truth_finebin.root
JetSmearingSystematic = 0
custom_file_suffix = 
pdfWeightNumber = 0
JESsystematic = 0
Using set-up for nTuple version 9
Using set-up for center of mass energy = 8
Loading configuration...
Using config-file 'BristolAnalysis/Tools/python/master_2012_cfg.py
Using Dataset info file:  'BristolAnalysis/Tools/python/DataSetInfo_8TeV.py
Using pileup-file 'BristolAnalysis/Tools/data/PileUp_2012_69300_truth_finebin.root
Using L7 jet energy corrections: BristolAnalysis/Tools/data/bJetReso.root, BristolAnalysis/Tools/data/lightJetReso.root
Maximal number of events to be processed: all available.
Scaling to luminosity 19584pb-1
Time to read configuration: 0.14s
130819 19:42:48 001 Xrd: GoToAnotherServer: Going to: dc2-grid-pool-a4-04.brunel.ac.uk:1095
130819 19:42:50 001 Xrd: GoToAnotherServer: Going to: dc2-grid-pool-a4-02.brunel.ac.uk:1095
130819 19:42:52 001 Xrd: GoToAnotherServer: Going to: dc2-grid-04.brunel.ac.uk:1095
130819 19:42:54 001 Xrd: GoToAnotherServer: Going to: dc2-grid-pool-a1-06.brunel.ac.uk:1095
130819 19:42:56 001 Xrd: GoToAnotherServer: Going to: dc2-grid-pool-a1-07.brunel.ac.uk:1095
130819 19:42:56 001 Xrd: GoToAnotherServer: Going to: dc2-grid-pool-a4-06.brunel.ac.uk:1095
130819 19:42:59 001 Xrd: GoToAnotherServer: Going to: dc2-grid-pool-a4-05.brunel.ac.uk:1095
130819 19:42:59 001 Xrd: GoToAnotherServer: Going to: dc2-grid-pool-a4-05.brunel.ac.uk:1095
130819 19:43:02 001 Xrd: GoToAnotherServer: Going to: dc2-grid-pool-a4-05.brunel.ac.uk:1095
130819 19:43:02 001 Xrd: GoToAnotherServer: Going to: dc2-grid-04.brunel.ac.uk:1095
130819 19:43:03 001 Xrd: GoToAnotherServer: Going to: dc2-grid-04.brunel.ac.uk:1095
130819 19:43:05 001 Xrd: GoToAnotherServer: Going to: dc2-grid-pool-a1-06.brunel.ac.uk:1095
130819 19:43:10 001 Xrd: GoToAnotherServer: Going to: dc2-grid-04.brunel.ac.uk:1095
130819 19:43:12 001 Xrd: GoToAnotherServer: Going to: dc2-grid-pool-00.brunel.ac.uk:1095
130819 19:43:13 001 Xrd: GoToAnotherServer: Going to: dc2-grid-pool-a4-07.brunel.ac.uk:1095
130819 19:43:18 001 Xrd: GoToAnotherServer: Going to: dc2-grid-04.brunel.ac.uk:1095
130819 19:43:19 001 Xrd: GoToAnotherServer: Going to: dc2-grid-04.brunel.ac.uk:1095
130819 19:43:20 001 Xrd: GoToAnotherServer: Going to: dc2-grid-04.brunel.ac.uk:1095
130819 19:43:20 001 Xrd: GoToAnotherServer: Going to: dc2-grid-pool-a4-04.brunel.ac.uk:1095
130819 19:43:22 001 Xrd: GoToAnotherServer: Going to: dc2-grid-03.brunel.ac.uk:1095
130819 19:43:28 001 Xrd: GoToAnotherServer: Going to: dc2-grid-pool-a1-06.brunel.ac.uk:1095
130819 19:43:32 001 Xrd: GoToAnotherServer: Going to: dc2-grid-pool-a4-04.brunel.ac.uk:1095
130819 19:43:33 001 Xrd: GoToAnotherServer: Going to: dc2-grid-pool-a4-01.brunel.ac.uk:1095
130819 19:43:34 001 Xrd: GoToAnotherServer: Going to: dc2-grid-pool-00.brunel.ac.uk:1095
130819 19:43:35 001 Xrd: GoToAnotherServer: Going to: dc2-grid-pool-a4-04.brunel.ac.uk:1095
130819 19:43:37 001 Xrd: GoToAnotherServer: Going to: dc2-grid-04.brunel.ac.uk:1095
130819 19:43:38 001 Xrd: GoToAnotherServer: Going to: dc2-grid-pool-a4-06.brunel.ac.uk:1095
130819 19:43:38 001 Xrd: GoToAnotherServer: Going to: dc2-grid-05.brunel.ac.uk:1095
130819 19:43:39 001 Xrd: GoToAnotherServer: Going to: dc2-grid-04.brunel.ac.uk:1095
130819 19:43:39 001 Xrd: GoToAnotherServer: Going to: dc2-grid-04.brunel.ac.uk:1095
130819 19:43:44 001 Xrd: GoToAnotherServer: Going to: dc2-grid-pool-a4-07.brunel.ac.uk:1095
130819 19:43:44 001 Xrd: GoToAnotherServer: Going to: dc2-grid-pool-a1-07.brunel.ac.uk:1095
130819 19:43:47 001 Xrd: GoToAnotherServer: Going to: dc2-grid-03.brunel.ac.uk:1095
130819 19:43:51 001 Xrd: GoToAnotherServer: Going to: dc2-grid-pool-a1-06.brunel.ac.uk:1095
130819 19:43:52 001 Xrd: GoToAnotherServer: Going to: dc2-grid-pool-00.brunel.ac.uk:1095
130819 19:43:54 001 Xrd: GoToAnotherServer: Going to: dc2-grid-pool-a4-06.brunel.ac.uk:1095
130819 19:43:55 001 Xrd: GoToAnotherServer: Going to: dc2-grid-pool-00.brunel.ac.uk:1095
130819 19:43:56 001 Xrd: GoToAnotherServer: Going to: dc2-grid-pool-00.brunel.ac.uk:1095
130819 19:44:01 001 Xrd: GoToAnotherServer: Going to: dc2-grid-pool-00.brunel.ac.uk:1095
130819 19:44:02 001 Xrd: GoToAnotherServer: Going to: dc2-grid-pool-a1-07.brunel.ac.uk:1095
130819 19:44:03 001 Xrd: GoToAnotherServer: Going to: dc2-grid-pool-00.brunel.ac.uk:1095
130819 19:44:06 001 Xrd: GoToAnotherServer: Going to: dc2-grid-05.brunel.ac.uk:1095
130819 19:44:08 001 Xrd: GoToAnotherServer: Going to: dc2-grid-04.brunel.ac.uk:1095
130819 19:44:09 001 Xrd: GoToAnotherServer: Going to: dc2-grid-pool-a4-04.brunel.ac.uk:1095
130819 19:44:12 001 Xrd: GoToAnotherServer: Going to: dc2-grid-05.brunel.ac.uk:1095
130819 19:44:14 001 Xrd: GoToAnotherServer: Going to: dc2-grid-pool-a4-03.brunel.ac.uk:1095
130819 19:44:15 001 Xrd: GoToAnotherServer: Going to: dc2-grid-03.brunel.ac.uk:1095
130819 19:44:17 001 Xrd: GoToAnotherServer: Going to: dc2-grid-pool-00.brunel.ac.uk:1095
130819 19:44:18 001 Xrd: GoToAnotherServer: Going to: dc2-grid-pool-00.brunel.ac.uk:1095
130819 19:44:18 001 Xrd: GoToAnotherServer: Going to: dc2-grid-04.brunel.ac.uk:1095
130819 19:44:21 001 Xrd: GoToAnotherServer: Going to: dc2-grid-04.brunel.ac.uk:1095
130819 19:44:22 001 Xrd: GoToAnotherServer: Going to: dc2-grid-04.brunel.ac.uk:1095
130819 19:44:24 001 Xrd: GoToAnotherServer: Going to: dc2-grid-04.brunel.ac.uk:1095
130819 19:44:25 001 Xrd: GoToAnotherServer: Going to: dc2-grid-pool-a4-02.brunel.ac.uk:1095
130819 19:44:26 001 Xrd: GoToAnotherServer: Going to: dc2-grid-04.brunel.ac.uk:1095
130819 19:44:28 001 Xrd: GoToAnotherServer: Going to: dc2-grid-04.brunel.ac.uk:1095
130819 19:44:30 001 Xrd: GoToAnotherServer: Going to: dc2-grid-04.brunel.ac.uk:1095
130819 19:44:30 001 Xrd: GoToAnotherServer: Going to: dc2-grid-pool-a1-07.brunel.ac.uk:1095
130819 19:44:31 001 Xrd: GoToAnotherServer: Going to: dc2-grid-pool-a4-03.brunel.ac.uk:1095
130819 19:44:32 001 Xrd: GoToAnotherServer: Going to: dc2-grid-04.brunel.ac.uk:1095
130819 19:44:34 001 Xrd: GoToAnotherServer: Going to: dc2-grid-04.brunel.ac.uk:1095
130819 19:44:34 001 Xrd: GoToAnotherServer: Going to: dc2-grid-04.brunel.ac.uk:1095
130819 19:44:39 001 Xrd: GoToAnotherServer: Going to: dc2-grid-pool-00.brunel.ac.uk:1095
130819 19:44:40 001 Xrd: GoToAnotherServer: Going to: dc2-grid-pool-00.brunel.ac.uk:1095
130819 19:44:43 001 Xrd: GoToAnotherServer: Going to: dc2-grid-pool-a4-03.brunel.ac.uk:1095
130819 19:44:45 001 Xrd: GoToAnotherServer: Going to: dc2-grid-04.brunel.ac.uk:1095
130819 19:44:46 001 Xrd: GoToAnotherServer: Going to: dc2-grid-pool-a1-07.brunel.ac.uk:1095
130819 19:44:46 001 Xrd: GoToAnotherServer: Going to: dc2-grid-pool-a4-02.brunel.ac.uk:1095
130819 19:44:48 001 Xrd: GoToAnotherServer: Going to: dc2-grid-pool-a1-07.brunel.ac.uk:1095
130819 19:44:49 001 Xrd: GoToAnotherServer: Going to: dc2-grid-pool-a1-06.brunel.ac.uk:1095
130819 19:44:50 001 Xrd: GoToAnotherServer: Going to: dc2-grid-pool-a4-03.brunel.ac.uk:1095
130819 19:44:52 001 Xrd: GoToAnotherServer: Going to: dc2-grid-pool-00.brunel.ac.uk:1095
130819 19:44:52 001 Xrd: GoToAnotherServer: Going to: dc2-grid-04.brunel.ac.uk:1095
130819 19:44:54 001 Xrd: GoToAnotherServer: Going to: dc2-grid-pool-a1-07.brunel.ac.uk:1095
130819 19:44:55 001 Xrd: GoToAnotherServer: Going to: dc2-grid-pool-00.brunel.ac.uk:1095
130819 19:44:55 001 Xrd: GoToAnotherServer: Going to: dc2-grid-pool-00.brunel.ac.uk:1095
130819 19:44:58 001 Xrd: GoToAnotherServer: Going to: dc2-grid-02.brunel.ac.uk:1095
130819 19:45:00 001 Xrd: GoToAnotherServer: Going to: dc2-grid-pool-a1-07.brunel.ac.uk:1095
130819 19:45:10 001 Xrd: GoToAnotherServer: Going to: dc2-grid-pool-a4-05.brunel.ac.uk:1095
130819 19:45:11 001 Xrd: GoToAnotherServer: Going to: dc2-grid-pool-a4-01.brunel.ac.uk:1095
130819 19:45:17 001 Xrd: GoToAnotherServer: Going to: dc2-grid-02.brunel.ac.uk:1095
130819 19:45:22 001 Xrd: GoToAnotherServer: Going to: dc2-grid-04.brunel.ac.uk:1095
130819 19:45:27 001 Xrd: GoToAnotherServer: Going to: dc2-grid-pool-a1-06.brunel.ac.uk:1095
130819 19:45:29 001 Xrd: GoToAnotherServer: Going to: dc2-grid-pool-a1-07.brunel.ac.uk:1095
130819 19:45:31 001 Xrd: GoToAnotherServer: Going to: dc2-grid-pool-a4-03.brunel.ac.uk:1095
130819 19:45:32 001 Xrd: GoToAnotherServer: Going to: dc2-grid-04.brunel.ac.uk:1095
130819 19:45:34 001 Xrd: GoToAnotherServer: Going to: dc2-grid-pool-a1-07.brunel.ac.uk:1095
130819 19:45:37 001 Xrd: GoToAnotherServer: Going to: dc2-grid-02.brunel.ac.uk:1095
130819 19:45:38 001 Xrd: GoToAnotherServer: Going to: dc2-grid-04.brunel.ac.uk:1095
130819 19:45:39 001 Xrd: GoToAnotherServer: Going to: dc2-grid-pool-a4-06.brunel.ac.uk:1095
130819 19:45:40 001 Xrd: GoToAnotherServer: Going to: dc2-grid-pool-00.brunel.ac.uk:1095
130819 19:45:41 001 Xrd: GoToAnotherServer: Going to: dc2-grid-04.brunel.ac.uk:1095
130819 19:45:44 001 Xrd: GoToAnotherServer: Going to: dc2-grid-04.brunel.ac.uk:1095
130819 19:45:45 001 Xrd: GoToAnotherServer: Going to: dc2-grid-pool-a1-07.brunel.ac.uk:1095
130819 19:45:45 001 Xrd: GoToAnotherServer: Going to: dc2-grid-05.brunel.ac.uk:1095
130819 19:45:46 001 Xrd: GoToAnotherServer: Going to: dc2-grid-pool-a4-07.brunel.ac.uk:1095
130819 19:45:47 001 Xrd: GoToAnotherServer: Going to: dc2-grid-pool-00.brunel.ac.uk:1095
130819 19:45:48 001 Xrd: GoToAnotherServer: Going to: dc2-grid-04.brunel.ac.uk:1095
130819 19:45:50 001 Xrd: GoToAnotherServer: Going to: dc2-grid-04.brunel.ac.uk:1095
130819 19:45:52 001 Xrd: GoToAnotherServer: Going to: dc2-grid-pool-00.brunel.ac.uk:1095
130819 19:45:53 001 Xrd: GoToAnotherServer: Going to: dc2-grid-pool-00.brunel.ac.uk:1095
130819 19:45:54 001 Xrd: GoToAnotherServer: Going to: dc2-grid-pool-a4-03.brunel.ac.uk:1095
130819 19:45:57 001 Xrd: GoToAnotherServer: Going to: dc2-grid-pool-a4-02.brunel.ac.uk:1095
130819 19:45:57 001 Xrd: GoToAnotherServer: Going to: dc2-grid-04.brunel.ac.uk:1095
130819 19:45:58 001 Xrd: GoToAnotherServer: Going to: dc2-grid-pool-00.brunel.ac.uk:1095
130819 19:45:59 001 Xrd: GoToAnotherServer: Going to: dc2-grid-05.brunel.ac.uk:1095
130819 19:46:01 001 Xrd: GoToAnotherServer: Going to: dc2-grid-pool-a4-03.brunel.ac.uk:1095
130819 19:46:02 001 Xrd: GoToAnotherServer: Going to: dc2-grid-04.brunel.ac.uk:1095
130819 19:46:05 001 Xrd: GoToAnotherServer: Going to: dc2-grid-04.brunel.ac.uk:1095
130819 19:46:05 001 Xrd: GoToAnotherServer: Going to: dc2-grid-pool-a4-02.brunel.ac.uk:1095
130819 19:46:06 001 Xrd: GoToAnotherServer: Going to: dc2-grid-04.brunel.ac.uk:1095
130819 19:46:09 001 Xrd: GoToAnotherServer: Going to: dc2-grid-05.brunel.ac.uk:1095
130819 19:46:09 001 Xrd: GoToAnotherServer: Going to: dc2-grid-pool-a4-04.brunel.ac.uk:1095
130819 19:46:10 001 Xrd: GoToAnotherServer: Going to: dc2-grid-pool-00.brunel.ac.uk:1095
130819 19:46:11 001 Xrd: GoToAnotherServer: Going to: dc2-grid-pool-a4-05.brunel.ac.uk:1095
130819 19:46:11 001 Xrd: GoToAnotherServer: Going to: dc2-grid-pool-a4-01.brunel.ac.uk:1095
130819 19:46:14 001 Xrd: GoToAnotherServer: Going to: dc2-grid-pool-a4-07.brunel.ac.uk:1095
130819 19:46:14 001 Xrd: GoToAnotherServer: Going to: dc2-grid-pool-00.brunel.ac.uk:1095
130819 19:46:15 001 Xrd: GoToAnotherServer: Going to: dc2-grid-04.brunel.ac.uk:1095
130819 19:46:16 001 Xrd: GoToAnotherServer: Going to: dc2-grid-04.brunel.ac.uk:1095
130819 19:46:18 001 Xrd: GoToAnotherServer: Going to: dc2-grid-03.brunel.ac.uk:1095
130819 19:46:19 001 Xrd: GoToAnotherServer: Going to: dc2-grid-pool-a4-06.brunel.ac.uk:1095
130819 19:46:21 001 Xrd: GoToAnotherServer: Going to: dc2-grid-pool-a1-07.brunel.ac.uk:1095
130819 19:46:22 001 Xrd: GoToAnotherServer: Going to: dc2-grid-pool-00.brunel.ac.uk:1095
130819 19:46:23 001 Xrd: GoToAnotherServer: Going to: dc2-grid-pool-a4-04.brunel.ac.uk:1095
130819 19:46:23 001 Xrd: GoToAnotherServer: Going to: dc2-grid-pool-00.brunel.ac.uk:1095
130819 19:46:26 001 Xrd: GoToAnotherServer: Going to: dc2-grid-pool-00.brunel.ac.uk:1095
130819 19:46:26 001 Xrd: GoToAnotherServer: Going to: dc2-grid-pool-00.brunel.ac.uk:1095
130819 19:46:31 001 Xrd: GoToAnotherServer: Going to: dc2-grid-pool-00.brunel.ac.uk:1095
130819 19:46:32 001 Xrd: GoToAnotherServer: Going to: dc2-grid-pool-a1-07.brunel.ac.uk:1095
130819 19:46:32 001 Xrd: GoToAnotherServer: Going to: dc2-grid-pool-a4-04.brunel.ac.uk:1095
130819 19:46:33 001 Xrd: GoToAnotherServer: Going to: dc2-grid-pool-00.brunel.ac.uk:1095
130819 19:46:35 001 Xrd: GoToAnotherServer: Going to: dc2-grid-02.brunel.ac.uk:1095
130819 19:46:37 001 Xrd: GoToAnotherServer: Going to: dc2-grid-pool-a4-02.brunel.ac.uk:1095
130819 19:46:39 001 Xrd: GoToAnotherServer: Going to: dc2-grid-pool-a4-06.brunel.ac.uk:1095
130819 19:46:40 001 Xrd: GoToAnotherServer: Going to: dc2-grid-pool-00.brunel.ac.uk:1095
130819 19:46:41 001 Xrd: GoToAnotherServer: Going to: dc2-grid-04.brunel.ac.uk:1095
130819 19:46:41 001 Xrd: GoToAnotherServer: Going to: dc2-grid-pool-00.brunel.ac.uk:1095
130819 19:46:44 001 Xrd: GoToAnotherServer: Going to: dc2-grid-pool-a4-03.brunel.ac.uk:1095
130819 19:46:46 001 Xrd: GoToAnotherServer: Going to: dc2-grid-pool-00.brunel.ac.uk:1095
130819 19:46:47 001 Xrd: GoToAnotherServer: Going to: dc2-grid-pool-a1-06.brunel.ac.uk:1095
130819 19:46:50 001 Xrd: GoToAnotherServer: Going to: dc2-grid-04.brunel.ac.uk:1095
130819 19:46:52 001 Xrd: GoToAnotherServer: Going to: dc2-grid-04.brunel.ac.uk:1095
130819 19:46:53 001 Xrd: GoToAnotherServer: Going to: dc2-grid-04.brunel.ac.uk:1095
130819 19:46:56 001 Xrd: GoToAnotherServer: Going to: dc2-grid-04.brunel.ac.uk:1095
130819 19:46:57 001 Xrd: GoToAnotherServer: Going to: dc2-grid-02.brunel.ac.uk:1095
130819 19:46:58 001 Xrd: GoToAnotherServer: Going to: dc2-grid-03.brunel.ac.uk:1095
130819 19:47:00 001 Xrd: GoToAnotherServer: Going to: dc2-grid-pool-00.brunel.ac.uk:1095
130819 19:47:01 001 Xrd: GoToAnotherServer: Going to: dc2-grid-pool-a4-01.brunel.ac.uk:1095
130819 19:47:04 001 Xrd: GoToAnotherServer: Going to: dc2-grid-pool-a4-01.brunel.ac.uk:1095
130819 19:47:05 001 Xrd: GoToAnotherServer: Going to: dc2-grid-pool-a4-01.brunel.ac.uk:1095
130819 19:47:05 001 Xrd: GoToAnotherServer: Going to: dc2-grid-pool-a4-05.brunel.ac.uk:1095
130819 19:47:06 001 Xrd: GoToAnotherServer: Going to: dc2-grid-05.brunel.ac.uk:1095
130819 19:47:07 001 Xrd: GoToAnotherServer: Going to: dc2-grid-05.brunel.ac.uk:1095
130819 19:47:08 001 Xrd: GoToAnotherServer: Going to: dc2-grid-02.brunel.ac.uk:1095
130819 19:47:11 001 Xrd: GoToAnotherServer: Going to: dc2-grid-04.brunel.ac.uk:1095
130819 19:47:15 001 Xrd: GoToAnotherServer: Going to: dc2-grid-pool-a4-07.brunel.ac.uk:1095
130819 19:47:18 001 Xrd: GoToAnotherServer: Going to: dc2-grid-pool-a4-07.brunel.ac.uk:1095
130819 19:47:28 001 Xrd: GoToAnotherServer: Going to: dc2-grid-pool-00.brunel.ac.uk:1095
130819 19:47:30 001 Xrd: GoToAnotherServer: Going to: dc2-grid-pool-00.brunel.ac.uk:1095
130819 19:47:31 001 Xrd: GoToAnotherServer: Going to: dc2-grid-04.brunel.ac.uk:1095
130819 19:47:31 001 Xrd: GoToAnotherServer: Going to: dc2-grid-pool-a4-01.brunel.ac.uk:1095
130819 19:47:32 001 Xrd: GoToAnotherServer: Going to: dc2-grid-04.brunel.ac.uk:1095
130819 19:47:43 001 Xrd: GoToAnotherServer: Going to: dc2-grid-04.brunel.ac.uk:1095
130819 19:47:48 001 Xrd: GoToAnotherServer: Going to: dc2-grid-05.brunel.ac.uk:1095
130819 19:47:53 001 Xrd: GoToAnotherServer: Going to: dc2-grid-pool-a1-06.brunel.ac.uk:1095
130819 19:47:55 001 Xrd: GoToAnotherServer: Going to: dc2-grid-pool-a4-03.brunel.ac.uk:1095
130819 19:47:58 001 Xrd: GoToAnotherServer: Going to: dc2-grid-05.brunel.ac.uk:1095
130819 19:47:58 001 Xrd: GoToAnotherServer: Going to: dc2-grid-04.brunel.ac.uk:1095
130819 19:48:01 001 Xrd: GoToAnotherServer: Going to: dc2-grid-pool-a4-03.brunel.ac.uk:1095
130819 19:48:02 001 Xrd: GoToAnotherServer: Going to: dc2-grid-pool-00.brunel.ac.uk:1095
130819 19:48:03 001 Xrd: GoToAnotherServer: Going to: dc2-grid-pool-a4-03.brunel.ac.uk:1095
130819 19:48:05 001 Xrd: GoToAnotherServer: Going to: dc2-grid-pool-a4-01.brunel.ac.uk:1095
130819 19:48:06 001 Xrd: GoToAnotherServer: Going to: dc2-grid-pool-a4-06.brunel.ac.uk:1095
130819 19:48:07 001 Xrd: GoToAnotherServer: Going to: dc2-grid-pool-00.brunel.ac.uk:1095
130819 19:48:09 001 Xrd: GoToAnotherServer: Going to: dc2-grid-04.brunel.ac.uk:1095
130819 19:48:10 001 Xrd: GoToAnotherServer: Going to: dc2-grid-pool-00.brunel.ac.uk:1095
130819 19:48:12 001 Xrd: GoToAnotherServer: Going to: dc2-grid-04.brunel.ac.uk:1095
130819 19:48:13 001 Xrd: GoToAnotherServer: Going to: dc2-grid-pool-a1-07.brunel.ac.uk:1095
130819 19:48:14 001 Xrd: GoToAnotherServer: Going to: dc2-grid-04.brunel.ac.uk:1095
130819 19:48:14 001 Xrd: GoToAnotherServer: Going to: dc2-grid-pool-00.brunel.ac.uk:1095
130819 19:48:15 001 Xrd: GoToAnotherServer: Going to: dc2-grid-05.brunel.ac.uk:1095
130819 19:48:18 001 Xrd: GoToAnotherServer: Going to: dc2-grid-pool-00.brunel.ac.uk:1095
130819 19:48:18 001 Xrd: GoToAnotherServer: Going to: dc2-grid-pool-00.brunel.ac.uk:1095
130819 19:48:20 001 Xrd: GoToAnotherServer: Going to: dc2-grid-pool-a4-05.brunel.ac.uk:1095
130819 19:48:20 001 Xrd: GoToAnotherServer: Going to: dc2-grid-pool-00.brunel.ac.uk:1095
130819 19:48:22 001 Xrd: GoToAnotherServer: Going to: dc2-grid-pool-00.brunel.ac.uk:1095
130819 19:48:26 001 Xrd: GoToAnotherServer: Going to: dc2-grid-pool-a4-07.brunel.ac.uk:1095
130819 19:48:26 001 Xrd: GoToAnotherServer: Going to: dc2-grid-05.brunel.ac.uk:1095
130819 19:48:27 001 Xrd: GoToAnotherServer: Going to: dc2-grid-05.brunel.ac.uk:1095
130819 19:48:29 001 Xrd: GoToAnotherServer: Going to: dc2-grid-02.brunel.ac.uk:1095
130819 19:48:32 001 Xrd: GoToAnotherServer: Going to: dc2-grid-04.brunel.ac.uk:1095
130819 19:48:32 001 Xrd: GoToAnotherServer: Going to: dc2-grid-pool-00.brunel.ac.uk:1095
130819 19:48:34 001 Xrd: GoToAnotherServer: Going to: dc2-grid-pool-00.brunel.ac.uk:1095
130819 19:48:35 001 Xrd: GoToAnotherServer: Going to: dc2-grid-pool-a4-01.brunel.ac.uk:1095
130819 19:48:36 001 Xrd: GoToAnotherServer: Going to: dc2-grid-pool-a4-03.brunel.ac.uk:1095
130819 19:48:37 001 Xrd: GoToAnotherServer: Going to: dc2-grid-pool-00.brunel.ac.uk:1095
130819 19:48:38 001 Xrd: GoToAnotherServer: Going to: dc2-grid-pool-a4-05.brunel.ac.uk:1095
130819 19:48:43 001 Xrd: GoToAnotherServer: Going to: dc2-grid-pool-a4-04.brunel.ac.uk:1095
130819 19:48:45 001 Xrd: GoToAnotherServer: Going to: dc2-grid-pool-a4-07.brunel.ac.uk:1095
130819 19:48:50 001 Xrd: GoToAnotherServer: Going to: dc2-grid-pool-a4-07.brunel.ac.uk:1095
130819 19:48:51 001 Xrd: GoToAnotherServer: Going to: dc2-grid-04.brunel.ac.uk:1095
130819 19:48:56 001 Xrd: GoToAnotherServer: Going to: dc2-grid-04.brunel.ac.uk:1095
130819 19:49:01 001 Xrd: GoToAnotherServer: Going to: dc2-grid-pool-a4-07.brunel.ac.uk:1095
130819 19:49:06 001 Xrd: GoToAnotherServer: Going to: dc2-grid-pool-a4-04.brunel.ac.uk:1095
130819 19:49:06 001 Xrd: GoToAnotherServer: Going to: dc2-grid-04.brunel.ac.uk:1095
130819 19:49:09 001 Xrd: GoToAnotherServer: Going to: dc2-grid-02.brunel.ac.uk:1095
130819 19:49:10 001 Xrd: GoToAnotherServer: Going to: dc2-grid-pool-a4-06.brunel.ac.uk:1095
130819 19:49:11 001 Xrd: GoToAnotherServer: Going to: dc2-grid-pool-00.brunel.ac.uk:1095
130819 19:49:14 001 Xrd: GoToAnotherServer: Going to: dc2-grid-pool-a4-06.brunel.ac.uk:1095
130819 19:49:19 001 Xrd: GoToAnotherServer: Going to: dc2-grid-pool-00.brunel.ac.uk:1095
130819 19:49:23 001 Xrd: GoToAnotherServer: Going to: dc2-grid-pool-00.brunel.ac.uk:1095
130819 19:49:32 001 Xrd: GoToAnotherServer: Going to: dc2-grid-04.brunel.ac.uk:1095
130819 19:49:38 001 Xrd: GoToAnotherServer: Going to: dc2-grid-pool-a4-07.brunel.ac.uk:1095
130819 19:49:40 001 Xrd: GoToAnotherServer: Going to: dc2-grid-04.brunel.ac.uk:1095
130819 19:49:45 001 Xrd: GoToAnotherServer: Going to: dc2-grid-04.brunel.ac.uk:1095
130819 19:49:49 001 Xrd: GoToAnotherServer: Going to: dc2-grid-pool-a4-06.brunel.ac.uk:1095
130819 19:49:51 001 Xrd: GoToAnotherServer: Going to: dc2-grid-pool-a4-03.brunel.ac.uk:1095
130819 19:49:52 001 Xrd: GoToAnotherServer: Going to: dc2-grid-pool-a1-07.brunel.ac.uk:1095
130819 19:49:53 001 Xrd: GoToAnotherServer: Going to: dc2-grid-pool-a1-07.brunel.ac.uk:1095
130819 19:49:55 001 Xrd: GoToAnotherServer: Going to: dc2-grid-pool-a4-01.brunel.ac.uk:1095
130819 19:49:56 001 Xrd: GoToAnotherServer: Going to: dc2-grid-04.brunel.ac.uk:1095
130819 19:49:57 001 Xrd: GoToAnotherServer: Going to: dc2-grid-pool-a4-07.brunel.ac.uk:1095
130819 19:49:57 001 Xrd: GoToAnotherServer: Going to: dc2-grid-04.brunel.ac.uk:1095
130819 19:49:58 001 Xrd: GoToAnotherServer: Going to: dc2-grid-04.brunel.ac.uk:1095
130819 19:49:59 001 Xrd: GoToAnotherServer: Going to: dc2-grid-pool-a4-04.brunel.ac.uk:1095
130819 19:50:03 001 Xrd: GoToAnotherServer: Going to: dc2-grid-pool-a4-01.brunel.ac.uk:1095
130819 19:50:04 001 Xrd: GoToAnotherServer: Going to: dc2-grid-pool-a1-06.brunel.ac.uk:1095
130819 19:50:04 001 Xrd: GoToAnotherServer: Going to: dc2-grid-pool-00.brunel.ac.uk:1095
130819 19:50:05 001 Xrd: GoToAnotherServer: Going to: dc2-grid-pool-a1-06.brunel.ac.uk:1095
130819 19:50:14 001 Xrd: GoToAnotherServer: Going to: dc2-grid-pool-00.brunel.ac.uk:1095
130819 19:50:18 001 Xrd: GoToAnotherServer: Going to: dc2-grid-pool-a1-07.brunel.ac.uk:1095
130819 19:50:22 001 Xrd: GoToAnotherServer: Going to: dc2-grid-05.brunel.ac.uk:1095
130819 19:50:22 001 Xrd: GoToAnotherServer: Going to: dc2-grid-04.brunel.ac.uk:1095
130819 19:50:24 001 Xrd: GoToAnotherServer: Going to: dc2-grid-pool-a4-06.brunel.ac.uk:1095
130819 19:50:32 001 Xrd: GoToAnotherServer: Going to: dc2-grid-04.brunel.ac.uk:1095
130819 19:50:34 001 Xrd: GoToAnotherServer: Going to: dc2-grid-pool-a4-05.brunel.ac.uk:1095
130819 19:50:35 001 Xrd: GoToAnotherServer: Going to: dc2-grid-pool-a4-05.brunel.ac.uk:1095
130819 19:50:36 001 Xrd: GoToAnotherServer: Going to: dc2-grid-pool-a4-04.brunel.ac.uk:1095
130819 19:50:38 001 Xrd: GoToAnotherServer: Going to: dc2-grid-pool-a4-06.brunel.ac.uk:1095
130819 19:50:39 001 Xrd: GoToAnotherServer: Going to: dc2-grid-pool-a4-05.brunel.ac.uk:1095
130819 19:50:39 001 Xrd: GoToAnotherServer: Going to: dc2-grid-02.brunel.ac.uk:1095
130819 19:50:40 001 Xrd: GoToAnotherServer: Going to: dc2-grid-04.brunel.ac.uk:1095
130819 19:50:42 001 Xrd: GoToAnotherServer: Going to: dc2-grid-pool-a4-04.brunel.ac.uk:1095
130819 19:50:44 001 Xrd: GoToAnotherServer: Going to: dc2-grid-04.brunel.ac.uk:1095
130819 19:50:46 001 Xrd: GoToAnotherServer: Going to: dc2-grid-04.brunel.ac.uk:1095
130819 19:50:46 001 Xrd: GoToAnotherServer: Going to: dc2-grid-pool-a4-03.brunel.ac.uk:1095
130819 19:50:47 001 Xrd: GoToAnotherServer: Going to: dc2-grid-pool-a4-04.brunel.ac.uk:1095
130819 19:50:48 001 Xrd: GoToAnotherServer: Going to: dc2-grid-04.brunel.ac.uk:1095
130819 19:50:50 001 Xrd: GoToAnotherServer: Going to: dc2-grid-05.brunel.ac.uk:1095
130819 19:50:51 001 Xrd: GoToAnotherServer: Going to: dc2-grid-pool-a4-02.brunel.ac.uk:1095
130819 19:50:52 001 Xrd: GoToAnotherServer: Going to: dc2-grid-04.brunel.ac.uk:1095
130819 19:50:52 001 Xrd: GoToAnotherServer: Going to: dc2-grid-02.brunel.ac.uk:1095
130819 19:50:53 001 Xrd: GoToAnotherServer: Going to: dc2-grid-pool-a4-05.brunel.ac.uk:1095
130819 19:50:55 001 Xrd: GoToAnotherServer: Going to: dc2-grid-pool-a4-03.brunel.ac.uk:1095
130819 19:50:57 001 Xrd: GoToAnotherServer: Going to: dc2-grid-04.brunel.ac.uk:1095
130819 19:50:58 001 Xrd: GoToAnotherServer: Going to: dc2-grid-02.brunel.ac.uk:1095
130819 19:51:00 001 Xrd: GoToAnotherServer: Going to: dc2-grid-03.brunel.ac.uk:1095
130819 19:51:02 001 Xrd: GoToAnotherServer: Going to: dc2-grid-pool-a1-07.brunel.ac.uk:1095
130819 19:51:05 001 Xrd: GoToAnotherServer: Going to: dc2-grid-pool-00.brunel.ac.uk:1095
130819 19:51:05 001 Xrd: GoToAnotherServer: Going to: dc2-grid-04.brunel.ac.uk:1095
130819 19:51:06 001 Xrd: GoToAnotherServer: Going to: dc2-grid-pool-a4-06.brunel.ac.uk:1095
130819 19:51:08 001 Xrd: GoToAnotherServer: Going to: dc2-grid-pool-a4-01.brunel.ac.uk:1095
130819 19:51:10 001 Xrd: GoToAnotherServer: Going to: dc2-grid-pool-a4-07.brunel.ac.uk:1095
130819 19:51:11 001 Xrd: GoToAnotherServer: Going to: dc2-grid-pool-00.brunel.ac.uk:1095
130819 19:51:11 001 Xrd: GoToAnotherServer: Going to: dc2-grid-pool-a4-03.brunel.ac.uk:1095
130819 19:51:12 001 Xrd: GoToAnotherServer: Going to: dc2-grid-pool-a1-07.brunel.ac.uk:1095
130819 19:51:14 001 Xrd: GoToAnotherServer: Going to: dc2-grid-pool-a1-07.brunel.ac.uk:1095
130819 19:51:15 001 Xrd: GoToAnotherServer: Going to: dc2-grid-pool-a1-07.brunel.ac.uk:1095
130819 19:51:17 001 Xrd: GoToAnotherServer: Going to: dc2-grid-pool-a1-07.brunel.ac.uk:1095
130819 19:51:18 001 Xrd: GoToAnotherServer: Going to: dc2-grid-pool-a1-07.brunel.ac.uk:1095
130819 19:51:21 001 Xrd: GoToAnotherServer: Going to: dc2-grid-pool-a1-07.brunel.ac.uk:1095
130819 19:51:23 001 Xrd: GoToAnotherServer: Going to: dc2-grid-pool-a4-07.brunel.ac.uk:1095
130819 19:51:24 001 Xrd: GoToAnotherServer: Going to: dc2-grid-05.brunel.ac.uk:1095
130819 19:51:24 001 Xrd: GoToAnotherServer: Going to: dc2-grid-pool-a4-07.brunel.ac.uk:1095
130819 19:51:25 001 Xrd: GoToAnotherServer: Going to: dc2-grid-pool-a1-07.brunel.ac.uk:1095
130819 19:51:26 001 Xrd: GoToAnotherServer: Going to: dc2-grid-pool-00.brunel.ac.uk:1095
130819 19:51:27 001 Xrd: GoToAnotherServer: Going to: dc2-grid-pool-a4-02.brunel.ac.uk:1095
130819 19:51:30 001 Xrd: GoToAnotherServer: Going to: dc2-grid-pool-00.brunel.ac.uk:1095
130819 19:51:31 001 Xrd: GoToAnotherServer: Going to: dc2-grid-pool-a4-03.brunel.ac.uk:1095
130819 19:51:32 001 Xrd: GoToAnotherServer: Going to: dc2-grid-pool-a4-02.brunel.ac.uk:1095
130819 19:51:33 001 Xrd: GoToAnotherServer: Going to: dc2-grid-pool-a1-06.brunel.ac.uk:1095
130819 19:51:39 001 Xrd: GoToAnotherServer: Going to: dc2-grid-pool-a1-06.brunel.ac.uk:1095
130819 19:51:44 001 Xrd: GoToAnotherServer: Going to: dc2-grid-04.brunel.ac.uk:1095
130819 19:51:50 001 Xrd: GoToAnotherServer: Going to: dc2-grid-pool-00.brunel.ac.uk:1095
130819 19:51:55 001 Xrd: GoToAnotherServer: Going to: dc2-grid-pool-00.brunel.ac.uk:1095
130819 19:52:04 001 Xrd: GoToAnotherServer: Going to: dc2-grid-02.brunel.ac.uk:1095
130819 19:52:04 001 Xrd: GoToAnotherServer: Going to: dc2-grid-pool-00.brunel.ac.uk:1095
130819 19:52:07 001 Xrd: GoToAnotherServer: Going to: dc2-grid-04.brunel.ac.uk:1095
130819 19:52:08 001 Xrd: GoToAnotherServer: Going to: dc2-grid-pool-a4-05.brunel.ac.uk:1095
130819 19:52:10 001 Xrd: GoToAnotherServer: Going to: dc2-grid-pool-a4-01.brunel.ac.uk:1095
130819 19:52:10 001 Xrd: GoToAnotherServer: Going to: dc2-grid-pool-a1-07.brunel.ac.uk:1095
130819 19:52:12 001 Xrd: GoToAnotherServer: Going to: dc2-grid-pool-a1-07.brunel.ac.uk:1095
130819 19:52:15 001 Xrd: GoToAnotherServer: Going to: dc2-grid-03.brunel.ac.uk:1095
130819 19:52:15 001 Xrd: GoToAnotherServer: Going to: dc2-grid-pool-00.brunel.ac.uk:1095
130819 19:52:17 001 Xrd: GoToAnotherServer: Going to: dc2-grid-04.brunel.ac.uk:1095
130819 19:52:19 001 Xrd: GoToAnotherServer: Going to: dc2-grid-04.brunel.ac.uk:1095
130819 19:52:21 001 Xrd: GoToAnotherServer: Going to: dc2-grid-04.brunel.ac.uk:1095
130819 19:52:23 001 Xrd: GoToAnotherServer: Going to: dc2-grid-04.brunel.ac.uk:1095
130819 19:52:24 001 Xrd: GoToAnotherServer: Going to: dc2-grid-pool-00.brunel.ac.uk:1095
130819 19:52:25 001 Xrd: GoToAnotherServer: Going to: dc2-grid-pool-00.brunel.ac.uk:1095
130819 19:52:25 001 Xrd: GoToAnotherServer: Going to: dc2-grid-pool-00.brunel.ac.uk:1095
Time to prepare analysis: 3.22s
starting analysis
Number of histograms added by eventcountAnalyser: 12
Number of histograms added by ttbardileptonAnalyser: 2118
Number of histograms added by ttbarphotonAnalyser: 2118
Total number of histograms: 4248
detected samples:
WW
130819 19:52:30 001 Xrd: GoToAnotherServer: Going to: dc2-grid-pool-a4-04.brunel.ac.uk:1095
Analysing event no 1, sample: WW
File: root://dc2-grid-64.brunel.ac.uk//dpm/brunel.ac.uk/home/cms/store/user/phy6phs/WW_TuneZ2star_8TeV_pythia6_tauola_Summer12_DR53X-PU_S10_START53_V7A-v1_AODSIM_nTuple_v10_diLeptonPlus2Jets_final/WW_nTuple_53X_mc_100_1_hkt.root
130819 19:52:33 001 Xrd: GoToAnotherServer: Going to: dc2-grid-pool-a4-02.brunel.ac.uk:1095
130819 19:52:35 001 Xrd: GoToAnotherServer: Going to: dc2-grid-04.brunel.ac.uk:1095
130819 19:52:38 001 Xrd: GoToAnotherServer: Going to: dc2-grid-pool-a1-06.brunel.ac.uk:1095
130819 19:52:40 001 Xrd: GoToAnotherServer: Going to: dc2-grid-pool-a1-07.brunel.ac.uk:1095
130819 19:52:41 001 Xrd: GoToAnotherServer: Going to: dc2-grid-pool-a4-06.brunel.ac.uk:1095
130819 19:52:44 001 Xrd: GoToAnotherServer: Going to: dc2-grid-pool-a4-05.brunel.ac.uk:1095
130819 19:52:47 001 Xrd: GoToAnotherServer: Going to: dc2-grid-pool-a4-05.brunel.ac.uk:1095
130819 19:52:48 001 Xrd: GoToAnotherServer: Going to: dc2-grid-pool-a4-05.brunel.ac.uk:1095
130819 19:52:51 001 Xrd: GoToAnotherServer: Going to: dc2-grid-04.brunel.ac.uk:1095
130819 19:52:56 001 Xrd: GoToAnotherServer: Going to: dc2-grid-04.brunel.ac.uk:1095
130819 19:52:57 001 Xrd: GoToAnotherServer: Going to: dc2-grid-pool-a1-06.brunel.ac.uk:1095
130819 19:52:59 001 Xrd: GoToAnotherServer: Going to: dc2-grid-04.brunel.ac.uk:1095
130819 19:53:00 001 Xrd: GoToAnotherServer: Going to: dc2-grid-pool-00.brunel.ac.uk:1095
130819 19:53:02 001 Xrd: GoToAnotherServer: Going to: dc2-grid-pool-a4-07.brunel.ac.uk:1095
130819 19:53:03 001 Xrd: GoToAnotherServer: Going to: dc2-grid-04.brunel.ac.uk:1095
130819 19:53:06 001 Xrd: GoToAnotherServer: Going to: dc2-grid-04.brunel.ac.uk:1095
130819 19:53:10 001 Xrd: GoToAnotherServer: Going to: dc2-grid-04.brunel.ac.uk:1095
130819 19:53:11 001 Xrd: GoToAnotherServer: Going to: dc2-grid-pool-a4-04.brunel.ac.uk:1095
130819 19:53:12 001 Xrd: GoToAnotherServer: Going to: dc2-grid-03.brunel.ac.uk:1095
130819 19:53:14 001 Xrd: GoToAnotherServer: Going to: dc2-grid-pool-a1-06.brunel.ac.uk:1095
130819 19:53:16 001 Xrd: GoToAnotherServer: Going to: dc2-grid-pool-a4-04.brunel.ac.uk:1095
130819 19:53:18 001 Xrd: GoToAnotherServer: Going to: dc2-grid-pool-a4-01.brunel.ac.uk:1095
130819 19:53:19 001 Xrd: GoToAnotherServer: Going to: dc2-grid-pool-00.brunel.ac.uk:1095
130819 19:53:20 001 Xrd: GoToAnotherServer: Going to: dc2-grid-pool-a4-04.brunel.ac.uk:1095
130819 19:53:23 001 Xrd: GoToAnotherServer: Going to: dc2-grid-04.brunel.ac.uk:1095
130819 19:53:24 001 Xrd: GoToAnotherServer: Going to: dc2-grid-pool-a4-06.brunel.ac.uk:1095
130819 19:53:33 001 Xrd: GoToAnotherServer: Going to: dc2-grid-05.brunel.ac.uk:1095
130819 19:53:36 001 Xrd: GoToAnotherServer: Going to: dc2-grid-04.brunel.ac.uk:1095
130819 19:53:41 001 Xrd: GoToAnotherServer: Going to: dc2-grid-04.brunel.ac.uk:1095
130819 19:53:44 001 Xrd: GoToAnotherServer: Going to: dc2-grid-pool-a4-07.brunel.ac.uk:1095
130819 19:53:46 001 Xrd: GoToAnotherServer: Going to: dc2-grid-pool-a1-07.brunel.ac.uk:1095
130819 19:53:48 001 Xrd: GoToAnotherServer: Going to: dc2-grid-03.brunel.ac.uk:1095
130819 19:53:49 001 Xrd: GoToAnotherServer: Going to: dc2-grid-pool-a1-06.brunel.ac.uk:1095
130819 19:53:50 001 Xrd: GoToAnotherServer: Going to: dc2-grid-pool-00.brunel.ac.uk:1095
130819 19:53:52 001 Xrd: GoToAnotherServer: Going to: dc2-grid-pool-a4-06.brunel.ac.uk:1095
130819 19:53:54 001 Xrd: GoToAnotherServer: Going to: dc2-grid-pool-00.brunel.ac.uk:1095
130819 19:53:55 001 Xrd: GoToAnotherServer: Going to: dc2-grid-pool-00.brunel.ac.uk:1095
130819 19:53:57 001 Xrd: GoToAnotherServer: Going to: dc2-grid-pool-00.brunel.ac.uk:1095
130819 19:53:58 001 Xrd: GoToAnotherServer: Going to: dc2-grid-pool-a1-07.brunel.ac.uk:1095
130819 19:54:01 001 Xrd: GoToAnotherServer: Going to: dc2-grid-pool-00.brunel.ac.uk:1095
130819 19:54:04 001 Xrd: GoToAnotherServer: Going to: dc2-grid-05.brunel.ac.uk:1095
130819 19:54:05 001 Xrd: GoToAnotherServer: Going to: dc2-grid-04.brunel.ac.uk:1095
130819 19:54:06 001 Xrd: GoToAnotherServer: Going to: dc2-grid-pool-a4-04.brunel.ac.uk:1095
130819 19:54:07 001 Xrd: GoToAnotherServer: Going to: dc2-grid-05.brunel.ac.uk:1095
130819 19:54:09 001 Xrd: GoToAnotherServer: Going to: dc2-grid-pool-a4-03.brunel.ac.uk:1095
130819 19:54:10 001 Xrd: GoToAnotherServer: Going to: dc2-grid-03.brunel.ac.uk:1095
130819 19:54:12 001 Xrd: GoToAnotherServer: Going to: dc2-grid-pool-00.brunel.ac.uk:1095
130819 19:54:13 001 Xrd: GoToAnotherServer: Going to: dc2-grid-pool-00.brunel.ac.uk:1095
130819 19:54:15 001 Xrd: GoToAnotherServer: Going to: dc2-grid-04.brunel.ac.uk:1095
130819 19:54:16 001 Xrd: GoToAnotherServer: Going to: dc2-grid-04.brunel.ac.uk:1095
130819 19:54:17 001 Xrd: GoToAnotherServer: Going to: dc2-grid-04.brunel.ac.uk:1095
130819 19:54:19 001 Xrd: GoToAnotherServer: Going to: dc2-grid-04.brunel.ac.uk:1095
130819 19:54:21 001 Xrd: GoToAnotherServer: Going to: dc2-grid-pool-a4-02.brunel.ac.uk:1095
130819 19:54:22 001 Xrd: GoToAnotherServer: Going to: dc2-grid-04.brunel.ac.uk:1095
130819 19:54:23 001 Xrd: GoToAnotherServer: Going to: dc2-grid-04.brunel.ac.uk:1095
130819 19:54:26 001 Xrd: GoToAnotherServer: Going to: dc2-grid-04.brunel.ac.uk:1095
130819 19:54:28 001 Xrd: GoToAnotherServer: Going to: dc2-grid-pool-a1-07.brunel.ac.uk:1095
130819 19:54:31 001 Xrd: GoToAnotherServer: Going to: dc2-grid-pool-a4-03.brunel.ac.uk:1095
130819 19:54:33 001 Xrd: GoToAnotherServer: Going to: dc2-grid-04.brunel.ac.uk:1095
130819 19:54:38 001 Xrd: GoToAnotherServer: Going to: dc2-grid-04.brunel.ac.uk:1095
130819 19:54:42 001 Xrd: GoToAnotherServer: Going to: dc2-grid-04.brunel.ac.uk:1095
130819 19:54:45 001 Xrd: GoToAnotherServer: Going to: dc2-grid-pool-00.brunel.ac.uk:1095
130819 19:54:46 001 Xrd: GoToAnotherServer: Going to: dc2-grid-pool-00.brunel.ac.uk:1095
130819 19:54:49 001 Xrd: GoToAnotherServer: Going to: dc2-grid-pool-a4-03.brunel.ac.uk:1095
130819 19:54:52 001 Xrd: GoToAnotherServer: Going to: dc2-grid-04.brunel.ac.uk:1095
130819 19:54:54 001 Xrd: GoToAnotherServer: Going to: dc2-grid-pool-a1-07.brunel.ac.uk:1095
130819 19:54:55 001 Xrd: GoToAnotherServer: Going to: dc2-grid-pool-a4-02.brunel.ac.uk:1095
130819 19:54:58 001 Xrd: GoToAnotherServer: Going to: dc2-grid-pool-a1-07.brunel.ac.uk:1095
130819 19:55:00 001 Xrd: GoToAnotherServer: Going to: dc2-grid-pool-a1-06.brunel.ac.uk:1095
130819 19:55:01 001 Xrd: GoToAnotherServer: Going to: dc2-grid-pool-a4-03.brunel.ac.uk:1095
130819 19:55:04 001 Xrd: GoToAnotherServer: Going to: dc2-grid-pool-00.brunel.ac.uk:1095
130819 19:55:07 001 Xrd: GoToAnotherServer: Going to: dc2-grid-04.brunel.ac.uk:1095
130819 19:55:08 001 Xrd: GoToAnotherServer: Going to: dc2-grid-pool-a1-07.brunel.ac.uk:1095
130819 19:55:10 001 Xrd: GoToAnotherServer: Going to: dc2-grid-pool-00.brunel.ac.uk:1095
130819 19:55:13 001 Xrd: GoToAnotherServer: Going to: dc2-grid-pool-00.brunel.ac.uk:1095
130819 19:55:14 001 Xrd: GoToAnotherServer: Going to: dc2-grid-02.brunel.ac.uk:1095
130819 19:55:16 001 Xrd: GoToAnotherServer: Going to: dc2-grid-pool-a1-07.brunel.ac.uk:1095
130819 19:55:17 001 Xrd: GoToAnotherServer: Going to: dc2-grid-pool-a4-05.brunel.ac.uk:1095
130819 19:55:20 001 Xrd: GoToAnotherServer: Going to: dc2-grid-pool-a4-01.brunel.ac.uk:1095
130819 19:55:21 001 Xrd: GoToAnotherServer: Going to: dc2-grid-02.brunel.ac.uk:1095
130819 19:55:22 001 Xrd: GoToAnotherServer: Going to: dc2-grid-04.brunel.ac.uk:1095
130819 19:55:24 001 Xrd: GoToAnotherServer: Going to: dc2-grid-pool-a1-06.brunel.ac.uk:1095
130819 19:55:27 001 Xrd: GoToAnotherServer: Going to: dc2-grid-pool-a1-07.brunel.ac.uk:1095
130819 19:55:28 001 Xrd: GoToAnotherServer: Going to: dc2-grid-pool-a4-03.brunel.ac.uk:1095
130819 19:55:30 001 Xrd: GoToAnotherServer: Going to: dc2-grid-04.brunel.ac.uk:1095
130819 19:55:31 001 Xrd: GoToAnotherServer: Going to: dc2-grid-pool-a1-07.brunel.ac.uk:1095
130819 19:55:34 001 Xrd: GoToAnotherServer: Going to: dc2-grid-02.brunel.ac.uk:1095
130819 19:55:35 001 Xrd: GoToAnotherServer: Going to: dc2-grid-04.brunel.ac.uk:1095
130819 19:55:37 001 Xrd: GoToAnotherServer: Going to: dc2-grid-pool-a4-06.brunel.ac.uk:1095
130819 19:55:39 001 Xrd: GoToAnotherServer: Going to: dc2-grid-pool-00.brunel.ac.uk:1095
130819 19:55:41 001 Xrd: GoToAnotherServer: Going to: dc2-grid-04.brunel.ac.uk:1095
130819 19:55:43 001 Xrd: GoToAnotherServer: Going to: dc2-grid-04.brunel.ac.uk:1095
130819 19:55:47 001 Xrd: GoToAnotherServer: Going to: dc2-grid-pool-a1-07.brunel.ac.uk:1095
130819 19:55:48 001 Xrd: GoToAnotherServer: Going to: dc2-grid-05.brunel.ac.uk:1095
130819 19:55:50 001 Xrd: GoToAnotherServer: Going to: dc2-grid-pool-a4-07.brunel.ac.uk:1095
130819 19:55:52 001 Xrd: GoToAnotherServer: Going to: dc2-grid-pool-00.brunel.ac.uk:1095
130819 19:55:55 001 Xrd: GoToAnotherServer: Going to: dc2-grid-04.brunel.ac.uk:1095
130819 19:55:56 001 Xrd: GoToAnotherServer: Going to: dc2-grid-04.brunel.ac.uk:1095
130819 19:56:00 001 Xrd: GoToAnotherServer: Going to: dc2-grid-pool-00.brunel.ac.uk:1095
130819 19:56:06 001 Xrd: GoToAnotherServer: Going to: dc2-grid-pool-00.brunel.ac.uk:1095
130819 19:56:08 001 Xrd: GoToAnotherServer: Going to: dc2-grid-pool-a4-03.brunel.ac.uk:1095
130819 19:56:09 001 Xrd: GoToAnotherServer: Going to: dc2-grid-pool-a4-02.brunel.ac.uk:1095
130819 19:56:10 001 Xrd: GoToAnotherServer: Going to: dc2-grid-04.brunel.ac.uk:1095
130819 19:56:14 001 Xrd: GoToAnotherServer: Going to: dc2-grid-pool-00.brunel.ac.uk:1095
130819 19:56:17 001 Xrd: GoToAnotherServer: Going to: dc2-grid-05.brunel.ac.uk:1095
130819 19:56:18 001 Xrd: GoToAnotherServer: Going to: dc2-grid-pool-a4-03.brunel.ac.uk:1095
130819 19:56:19 001 Xrd: GoToAnotherServer: Going to: dc2-grid-04.brunel.ac.uk:1095
130819 19:56:20 001 Xrd: GoToAnotherServer: Going to: dc2-grid-04.brunel.ac.uk:1095
130819 19:56:26 001 Xrd: GoToAnotherServer: Going to: dc2-grid-pool-a4-02.brunel.ac.uk:1095
130819 19:56:27 001 Xrd: GoToAnotherServer: Going to: dc2-grid-04.brunel.ac.uk:1095
130819 19:56:28 001 Xrd: GoToAnotherServer: Going to: dc2-grid-05.brunel.ac.uk:1095
130819 19:56:31 001 Xrd: GoToAnotherServer: Going to: dc2-grid-pool-a4-04.brunel.ac.uk:1095
130819 19:56:33 001 Xrd: GoToAnotherServer: Going to: dc2-grid-pool-00.brunel.ac.uk:1095
130819 19:56:36 001 Xrd: GoToAnotherServer: Going to: dc2-grid-pool-a4-05.brunel.ac.uk:1095
130819 19:56:39 001 Xrd: GoToAnotherServer: Going to: dc2-grid-pool-a4-01.brunel.ac.uk:1095
130819 19:56:41 001 Xrd: GoToAnotherServer: Going to: dc2-grid-pool-a4-07.brunel.ac.uk:1095
130819 19:56:43 001 Xrd: GoToAnotherServer: Going to: dc2-grid-pool-00.brunel.ac.uk:1095
130819 19:56:46 001 Xrd: GoToAnotherServer: Going to: dc2-grid-04.brunel.ac.uk:1095
130819 19:56:52 001 Xrd: GoToAnotherServer: Going to: dc2-grid-04.brunel.ac.uk:1095
130819 19:56:54 001 Xrd: GoToAnotherServer: Going to: dc2-grid-03.brunel.ac.uk:1095
130819 19:56:55 001 Xrd: GoToAnotherServer: Going to: dc2-grid-pool-a4-06.brunel.ac.uk:1095
130819 19:56:57 001 Xrd: GoToAnotherServer: Going to: dc2-grid-pool-a1-07.brunel.ac.uk:1095
130819 19:56:59 001 Xrd: GoToAnotherServer: Going to: dc2-grid-pool-00.brunel.ac.uk:1095
130819 19:57:01 001 Xrd: GoToAnotherServer: Going to: dc2-grid-pool-a4-04.brunel.ac.uk:1095
130819 19:57:04 001 Xrd: GoToAnotherServer: Going to: dc2-grid-pool-00.brunel.ac.uk:1095
130819 19:57:10 001 Xrd: GoToAnotherServer: Going to: dc2-grid-pool-00.brunel.ac.uk:1095
130819 19:57:13 001 Xrd: GoToAnotherServer: Going to: dc2-grid-pool-00.brunel.ac.uk:1095
130819 19:57:16 001 Xrd: GoToAnotherServer: Going to: dc2-grid-pool-00.brunel.ac.uk:1095
130819 19:57:20 001 Xrd: GoToAnotherServer: Going to: dc2-grid-pool-a1-07.brunel.ac.uk:1095
130819 19:57:23 001 Xrd: GoToAnotherServer: Going to: dc2-grid-pool-a4-04.brunel.ac.uk:1095
130819 19:57:24 001 Xrd: GoToAnotherServer: Going to: dc2-grid-pool-00.brunel.ac.uk:1095
130819 19:57:26 001 Xrd: GoToAnotherServer: Going to: dc2-grid-02.brunel.ac.uk:1095
130819 19:57:27 001 Xrd: GoToAnotherServer: Going to: dc2-grid-pool-a4-02.brunel.ac.uk:1095
130819 19:57:29 001 Xrd: GoToAnotherServer: Going to: dc2-grid-pool-a4-06.brunel.ac.uk:1095
130819 19:57:30 001 Xrd: GoToAnotherServer: Going to: dc2-grid-pool-00.brunel.ac.uk:1095
130819 19:57:32 001 Xrd: GoToAnotherServer: Going to: dc2-grid-04.brunel.ac.uk:1095
130819 19:57:35 001 Xrd: GoToAnotherServer: Going to: dc2-grid-pool-00.brunel.ac.uk:1095
130819 19:57:36 001 Xrd: GoToAnotherServer: Going to: dc2-grid-pool-a4-03.brunel.ac.uk:1095
130819 19:57:38 001 Xrd: GoToAnotherServer: Going to: dc2-grid-pool-00.brunel.ac.uk:1095
130819 19:57:39 001 Xrd: GoToAnotherServer: Going to: dc2-grid-pool-a1-06.brunel.ac.uk:1095
130819 19:57:41 001 Xrd: GoToAnotherServer: Going to: dc2-grid-04.brunel.ac.uk:1095
130819 19:57:44 001 Xrd: GoToAnotherServer: Going to: dc2-grid-04.brunel.ac.uk:1095
130819 19:57:45 001 Xrd: GoToAnotherServer: Going to: dc2-grid-04.brunel.ac.uk:1095
130819 19:57:47 001 Xrd: GoToAnotherServer: Going to: dc2-grid-04.brunel.ac.uk:1095
130819 19:57:49 001 Xrd: GoToAnotherServer: Going to: dc2-grid-02.brunel.ac.uk:1095
130819 19:57:52 001 Xrd: GoToAnotherServer: Going to: dc2-grid-03.brunel.ac.uk:1095
130819 19:57:55 001 Xrd: GoToAnotherServer: Going to: dc2-grid-pool-00.brunel.ac.uk:1095
130819 19:57:58 001 Xrd: GoToAnotherServer: Going to: dc2-grid-pool-a4-01.brunel.ac.uk:1095
130819 19:58:02 001 Xrd: GoToAnotherServer: Going to: dc2-grid-pool-a4-01.brunel.ac.uk:1095
130819 19:58:03 001 Xrd: GoToAnotherServer: Going to: dc2-grid-pool-a4-01.brunel.ac.uk:1095
130819 19:58:04 001 Xrd: GoToAnotherServer: Going to: dc2-grid-pool-a4-05.brunel.ac.uk:1095
130819 19:58:06 001 Xrd: GoToAnotherServer: Going to: dc2-grid-05.brunel.ac.uk:1095
130819 19:58:07 001 Xrd: GoToAnotherServer: Going to: dc2-grid-05.brunel.ac.uk:1095
130819 19:58:10 001 Xrd: GoToAnotherServer: Going to: dc2-grid-02.brunel.ac.uk:1095
130819 19:58:13 001 Xrd: GoToAnotherServer: Going to: dc2-grid-04.brunel.ac.uk:1095
130819 19:58:16 001 Xrd: GoToAnotherServer: Going to: dc2-grid-pool-a4-07.brunel.ac.uk:1095
130819 19:58:17 001 Xrd: GoToAnotherServer: Going to: dc2-grid-pool-a4-07.brunel.ac.uk:1095
130819 19:58:19 001 Xrd: GoToAnotherServer: Going to: dc2-grid-pool-00.brunel.ac.uk:1095
130819 19:58:22 001 Xrd: GoToAnotherServer: Going to: dc2-grid-pool-00.brunel.ac.uk:1095
130819 19:58:23 001 Xrd: GoToAnotherServer: Going to: dc2-grid-04.brunel.ac.uk:1095
130819 19:58:25 001 Xrd: GoToAnotherServer: Going to: dc2-grid-pool-a4-01.brunel.ac.uk:1095
130819 19:58:27 001 Xrd: GoToAnotherServer: Going to: dc2-grid-04.brunel.ac.uk:1095
130819 19:58:29 001 Xrd: GoToAnotherServer: Going to: dc2-grid-04.brunel.ac.uk:1095
130819 19:58:30 001 Xrd: GoToAnotherServer: Going to: dc2-grid-05.brunel.ac.uk:1095
130819 19:58:33 001 Xrd: GoToAnotherServer: Going to: dc2-grid-pool-a1-06.brunel.ac.uk:1095
130819 19:58:35 001 Xrd: GoToAnotherServer: Going to: dc2-grid-pool-a4-03.brunel.ac.uk:1095
130819 19:58:38 001 Xrd: GoToAnotherServer: Going to: dc2-grid-05.brunel.ac.uk:1095
130819 19:58:39 001 Xrd: GoToAnotherServer: Going to: dc2-grid-04.brunel.ac.uk:1095
130819 19:58:41 001 Xrd: GoToAnotherServer: Going to: dc2-grid-pool-a4-03.brunel.ac.uk:1095
130819 19:58:44 001 Xrd: GoToAnotherServer: Going to: dc2-grid-pool-00.brunel.ac.uk:1095
130819 19:58:45 001 Xrd: GoToAnotherServer: Going to: dc2-grid-pool-a4-03.brunel.ac.uk:1095
130819 19:58:48 001 Xrd: GoToAnotherServer: Going to: dc2-grid-pool-a4-01.brunel.ac.uk:1095
130819 19:58:51 001 Xrd: GoToAnotherServer: Going to: dc2-grid-pool-a4-06.brunel.ac.uk:1095
130819 19:58:52 001 Xrd: GoToAnotherServer: Going to: dc2-grid-pool-00.brunel.ac.uk:1095
130819 19:58:54 001 Xrd: GoToAnotherServer: Going to: dc2-grid-04.brunel.ac.uk:1095
130819 19:58:56 001 Xrd: GoToAnotherServer: Going to: dc2-grid-pool-00.brunel.ac.uk:1095
130819 19:58:59 001 Xrd: GoToAnotherServer: Going to: dc2-grid-04.brunel.ac.uk:1095
130819 19:59:01 001 Xrd: GoToAnotherServer: Going to: dc2-grid-pool-a1-07.brunel.ac.uk:1095
130819 19:59:03 001 Xrd: GoToAnotherServer: Going to: dc2-grid-04.brunel.ac.uk:1095
130819 19:59:04 001 Xrd: GoToAnotherServer: Going to: dc2-grid-pool-00.brunel.ac.uk:1095
130819 19:59:07 001 Xrd: GoToAnotherServer: Going to: dc2-grid-05.brunel.ac.uk:1095
130819 19:59:09 001 Xrd: GoToAnotherServer: Going to: dc2-grid-pool-00.brunel.ac.uk:1095
130819 19:59:10 001 Xrd: GoToAnotherServer: Going to: dc2-grid-pool-00.brunel.ac.uk:1095
130819 19:59:13 001 Xrd: GoToAnotherServer: Going to: dc2-grid-pool-a4-05.brunel.ac.uk:1095
130819 19:59:15 001 Xrd: GoToAnotherServer: Going to: dc2-grid-pool-00.brunel.ac.uk:1095
130819 19:59:17 001 Xrd: GoToAnotherServer: Going to: dc2-grid-pool-00.brunel.ac.uk:1095
130819 19:59:18 001 Xrd: GoToAnotherServer: Going to: dc2-grid-pool-a4-07.brunel.ac.uk:1095
130819 19:59:21 001 Xrd: GoToAnotherServer: Going to: dc2-grid-05.brunel.ac.uk:1095
130819 19:59:24 001 Xrd: GoToAnotherServer: Going to: dc2-grid-05.brunel.ac.uk:1095
130819 19:59:26 001 Xrd: GoToAnotherServer: Going to: dc2-grid-02.brunel.ac.uk:1095
130819 19:59:27 001 Xrd: GoToAnotherServer: Going to: dc2-grid-04.brunel.ac.uk:1095
130819 19:59:30 001 Xrd: GoToAnotherServer: Going to: dc2-grid-pool-00.brunel.ac.uk:1095
130819 19:59:32 001 Xrd: GoToAnotherServer: Going to: dc2-grid-pool-00.brunel.ac.uk:1095
130819 19:59:35 001 Xrd: GoToAnotherServer: Going to: dc2-grid-pool-a4-01.brunel.ac.uk:1095
130819 19:59:40 001 Xrd: GoToAnotherServer: Going to: dc2-grid-pool-a4-03.brunel.ac.uk:1095
130819 19:59:41 001 Xrd: GoToAnotherServer: Going to: dc2-grid-pool-00.brunel.ac.uk:1095
130819 19:59:47 001 Xrd: GoToAnotherServer: Going to: dc2-grid-pool-a4-05.brunel.ac.uk:1095
130819 19:59:48 001 Xrd: GoToAnotherServer: Going to: dc2-grid-pool-a4-04.brunel.ac.uk:1095
130819 19:59:52 001 Xrd: GoToAnotherServer: Going to: dc2-grid-pool-a4-07.brunel.ac.uk:1095
130819 19:59:54 001 Xrd: GoToAnotherServer: Going to: dc2-grid-pool-a4-07.brunel.ac.uk:1095
130819 19:59:56 001 Xrd: GoToAnotherServer: Going to: dc2-grid-04.brunel.ac.uk:1095
130819 19:59:58 001 Xrd: GoToAnotherServer: Going to: dc2-grid-04.brunel.ac.uk:1095
130819 20:00:03 001 Xrd: GoToAnotherServer: Going to: dc2-grid-pool-a4-07.brunel.ac.uk:1095
130819 20:00:06 001 Xrd: GoToAnotherServer: Going to: dc2-grid-pool-a4-04.brunel.ac.uk:1095
130819 20:00:07 001 Xrd: GoToAnotherServer: Going to: dc2-grid-04.brunel.ac.uk:1095
130819 20:00:10 001 Xrd: GoToAnotherServer: Going to: dc2-grid-02.brunel.ac.uk:1095
130819 20:00:13 001 Xrd: GoToAnotherServer: Going to: dc2-grid-pool-a4-06.brunel.ac.uk:1095
130819 20:00:16 001 Xrd: GoToAnotherServer: Going to: dc2-grid-pool-00.brunel.ac.uk:1095
130819 20:00:19 001 Xrd: GoToAnotherServer: Going to: dc2-grid-pool-a4-06.brunel.ac.uk:1095
130819 20:00:23 001 Xrd: GoToAnotherServer: Going to: dc2-grid-pool-00.brunel.ac.uk:1095
130819 20:00:28 001 Xrd: GoToAnotherServer: Going to: dc2-grid-pool-00.brunel.ac.uk:1095
130819 20:00:29 001 Xrd: GoToAnotherServer: Going to: dc2-grid-04.brunel.ac.uk:1095
130819 20:00:31 001 Xrd: GoToAnotherServer: Going to: dc2-grid-pool-a4-07.brunel.ac.uk:1095
130819 20:00:33 001 Xrd: GoToAnotherServer: Going to: dc2-grid-04.brunel.ac.uk:1095
130819 20:00:37 001 Xrd: GoToAnotherServer: Going to: dc2-grid-04.brunel.ac.uk:1095
130819 20:00:39 001 Xrd: GoToAnotherServer: Going to: dc2-grid-pool-a4-06.brunel.ac.uk:1095
130819 20:00:41 001 Xrd: GoToAnotherServer: Going to: dc2-grid-pool-a4-03.brunel.ac.uk:1095
130819 20:00:43 001 Xrd: GoToAnotherServer: Going to: dc2-grid-pool-a1-07.brunel.ac.uk:1095
130819 20:00:45 001 Xrd: GoToAnotherServer: Going to: dc2-grid-pool-a1-07.brunel.ac.uk:1095
130819 20:00:48 001 Xrd: GoToAnotherServer: Going to: dc2-grid-pool-a4-01.brunel.ac.uk:1095
130819 20:00:51 001 Xrd: GoToAnotherServer: Going to: dc2-grid-04.brunel.ac.uk:1095
130819 20:00:54 001 Xrd: GoToAnotherServer: Going to: dc2-grid-pool-a4-07.brunel.ac.uk:1095
130819 20:00:56 001 Xrd: GoToAnotherServer: Going to: dc2-grid-04.brunel.ac.uk:1095
130819 20:01:01 001 Xrd: GoToAnotherServer: Going to: dc2-grid-04.brunel.ac.uk:1095
130819 20:01:09 001 Xrd: GoToAnotherServer: Going to: dc2-grid-pool-a4-04.brunel.ac.uk:1095
130819 20:01:11 001 Xrd: GoToAnotherServer: Going to: dc2-grid-pool-a4-01.brunel.ac.uk:1095
130819 20:01:16 001 Xrd: GoToAnotherServer: Going to: dc2-grid-pool-a1-06.brunel.ac.uk:1095
130819 20:01:17 001 Xrd: GoToAnotherServer: Going to: dc2-grid-pool-00.brunel.ac.uk:1095
130819 20:01:18 001 Xrd: GoToAnotherServer: Going to: dc2-grid-pool-a1-06.brunel.ac.uk:1095
130819 20:01:20 001 Xrd: GoToAnotherServer: Going to: dc2-grid-pool-00.brunel.ac.uk:1095
130819 20:01:22 001 Xrd: GoToAnotherServer: Going to: dc2-grid-pool-a1-07.brunel.ac.uk:1095
130819 20:01:23 001 Xrd: GoToAnotherServer: Going to: dc2-grid-05.brunel.ac.uk:1095
130819 20:01:26 001 Xrd: GoToAnotherServer: Going to: dc2-grid-04.brunel.ac.uk:1095
130819 20:01:27 001 Xrd: GoToAnotherServer: Going to: dc2-grid-pool-a4-06.brunel.ac.uk:1095
130819 20:01:32 001 Xrd: GoToAnotherServer: Going to: dc2-grid-04.brunel.ac.uk:1095
130819 20:01:38 001 Xrd: GoToAnotherServer: Going to: dc2-grid-pool-a4-05.brunel.ac.uk:1095
130819 20:01:41 001 Xrd: GoToAnotherServer: Going to: dc2-grid-pool-a4-05.brunel.ac.uk:1095
130819 20:01:42 001 Xrd: GoToAnotherServer: Going to: dc2-grid-pool-a4-04.brunel.ac.uk:1095
130819 20:01:44 001 Xrd: GoToAnotherServer: Going to: dc2-grid-pool-a4-06.brunel.ac.uk:1095
130819 20:01:47 001 Xrd: GoToAnotherServer: Going to: dc2-grid-pool-a4-05.brunel.ac.uk:1095
130819 20:01:53 001 Xrd: GoToAnotherServer: Going to: dc2-grid-02.brunel.ac.uk:1095
130819 20:01:54 001 Xrd: GoToAnotherServer: Going to: dc2-grid-04.brunel.ac.uk:1095
130819 20:01:57 001 Xrd: GoToAnotherServer: Going to: dc2-grid-pool-a4-04.brunel.ac.uk:1095
130819 20:01:59 001 Xrd: GoToAnotherServer: Going to: dc2-grid-04.brunel.ac.uk:1095
130819 20:02:00 001 Xrd: GoToAnotherServer: Going to: dc2-grid-04.brunel.ac.uk:1095
130819 20:02:02 001 Xrd: GoToAnotherServer: Going to: dc2-grid-pool-a4-03.brunel.ac.uk:1095
130819 20:02:03 001 Xrd: GoToAnotherServer: Going to: dc2-grid-pool-a4-04.brunel.ac.uk:1095
130819 20:02:04 001 Xrd: GoToAnotherServer: Going to: dc2-grid-04.brunel.ac.uk:1095
130819 20:02:06 001 Xrd: GoToAnotherServer: Going to: dc2-grid-05.brunel.ac.uk:1095
130819 20:02:11 001 Xrd: GoToAnotherServer: Going to: dc2-grid-pool-a4-02.brunel.ac.uk:1095
130819 20:02:12 001 Xrd: GoToAnotherServer: Going to: dc2-grid-04.brunel.ac.uk:1095
130819 20:02:14 001 Xrd: GoToAnotherServer: Going to: dc2-grid-02.brunel.ac.uk:1095
130819 20:02:15 001 Xrd: GoToAnotherServer: Going to: dc2-grid-pool-a4-05.brunel.ac.uk:1095
130819 20:02:18 001 Xrd: GoToAnotherServer: Going to: dc2-grid-pool-a4-03.brunel.ac.uk:1095
130819 20:02:19 001 Xrd: GoToAnotherServer: Going to: dc2-grid-04.brunel.ac.uk:1095
130819 20:02:25 001 Xrd: GoToAnotherServer: Going to: dc2-grid-02.brunel.ac.uk:1095
130819 20:02:26 001 Xrd: GoToAnotherServer: Going to: dc2-grid-03.brunel.ac.uk:1095
130819 20:02:28 001 Xrd: GoToAnotherServer: Going to: dc2-grid-pool-a1-07.brunel.ac.uk:1095
130819 20:02:30 001 Xrd: GoToAnotherServer: Going to: dc2-grid-pool-00.brunel.ac.uk:1095
130819 20:02:32 001 Xrd: GoToAnotherServer: Going to: dc2-grid-04.brunel.ac.uk:1095
130819 20:02:34 001 Xrd: GoToAnotherServer: Going to: dc2-grid-pool-a4-06.brunel.ac.uk:1095
130819 20:02:35 001 Xrd: GoToAnotherServer: Going to: dc2-grid-pool-a4-01.brunel.ac.uk:1095
130819 20:02:36 001 Xrd: GoToAnotherServer: Going to: dc2-grid-pool-a4-07.brunel.ac.uk:1095
130819 20:02:38 001 Xrd: GoToAnotherServer: Going to: dc2-grid-pool-00.brunel.ac.uk:1095
130819 20:02:39 001 Xrd: GoToAnotherServer: Going to: dc2-grid-pool-a4-03.brunel.ac.uk:1095
130819 20:02:42 001 Xrd: GoToAnotherServer: Going to: dc2-grid-pool-a1-07.brunel.ac.uk:1095
130819 20:02:43 001 Xrd: GoToAnotherServer: Going to: dc2-grid-pool-a1-07.brunel.ac.uk:1095
130819 20:02:46 001 Xrd: GoToAnotherServer: Going to: dc2-grid-pool-a1-07.brunel.ac.uk:1095
130819 20:02:48 001 Xrd: GoToAnotherServer: Going to: dc2-grid-pool-a1-07.brunel.ac.uk:1095
130819 20:02:49 001 Xrd: GoToAnotherServer: Going to: dc2-grid-pool-a1-07.brunel.ac.uk:1095
130819 20:02:50 001 Xrd: GoToAnotherServer: Going to: dc2-grid-pool-a1-07.brunel.ac.uk:1095
130819 20:02:51 001 Xrd: GoToAnotherServer: Going to: dc2-grid-pool-a4-07.brunel.ac.uk:1095
130819 20:02:56 001 Xrd: GoToAnotherServer: Going to: dc2-grid-05.brunel.ac.uk:1095
130819 20:02:58 001 Xrd: GoToAnotherServer: Going to: dc2-grid-pool-a4-07.brunel.ac.uk:1095
130819 20:03:01 001 Xrd: GoToAnotherServer: Going to: dc2-grid-pool-a1-07.brunel.ac.uk:1095
130819 20:03:02 001 Xrd: GoToAnotherServer: Going to: dc2-grid-pool-00.brunel.ac.uk:1095
130819 20:03:04 001 Xrd: GoToAnotherServer: Going to: dc2-grid-pool-a4-02.brunel.ac.uk:1095
130819 20:03:06 001 Xrd: GoToAnotherServer: Going to: dc2-grid-pool-00.brunel.ac.uk:1095
130819 20:03:08 001 Xrd: GoToAnotherServer: Going to: dc2-grid-pool-a4-03.brunel.ac.uk:1095
130819 20:03:10 001 Xrd: GoToAnotherServer: Going to: dc2-grid-pool-a4-02.brunel.ac.uk:1095
130819 20:03:13 001 Xrd: GoToAnotherServer: Going to: dc2-grid-pool-a1-06.brunel.ac.uk:1095
130819 20:03:14 001 Xrd: GoToAnotherServer: Going to: dc2-grid-pool-a1-06.brunel.ac.uk:1095
130819 20:03:15 001 Xrd: GoToAnotherServer: Going to: dc2-grid-04.brunel.ac.uk:1095
130819 20:03:18 001 Xrd: GoToAnotherServer: Going to: dc2-grid-pool-00.brunel.ac.uk:1095
130819 20:03:20 001 Xrd: GoToAnotherServer: Going to: dc2-grid-pool-00.brunel.ac.uk:1095
130819 20:03:22 001 Xrd: GoToAnotherServer: Going to: dc2-grid-02.brunel.ac.uk:1095
130819 20:03:26 001 Xrd: GoToAnotherServer: Going to: dc2-grid-pool-00.brunel.ac.uk:1095
130819 20:03:27 001 Xrd: GoToAnotherServer: Going to: dc2-grid-04.brunel.ac.uk:1095
130819 20:03:30 001 Xrd: GoToAnotherServer: Going to: dc2-grid-pool-a4-05.brunel.ac.uk:1095
130819 20:03:31 001 Xrd: GoToAnotherServer: Going to: dc2-grid-pool-a4-01.brunel.ac.uk:1095
130819 20:03:36 001 Xrd: GoToAnotherServer: Going to: dc2-grid-pool-a1-07.brunel.ac.uk:1095
130819 20:03:37 001 Xrd: GoToAnotherServer: Going to: dc2-grid-pool-a1-07.brunel.ac.uk:1095
130819 20:03:42 001 Xrd: GoToAnotherServer: Going to: dc2-grid-03.brunel.ac.uk:1095
130819 20:03:44 001 Xrd: GoToAnotherServer: Going to: dc2-grid-pool-00.brunel.ac.uk:1095
130819 20:03:49 001 Xrd: GoToAnotherServer: Going to: dc2-grid-04.brunel.ac.uk:1095
130819 20:03:51 001 Xrd: GoToAnotherServer: Going to: dc2-grid-04.brunel.ac.uk:1095
130819 20:03:56 001 Xrd: GoToAnotherServer: Going to: dc2-grid-04.brunel.ac.uk:1095
130819 20:03:58 001 Xrd: GoToAnotherServer: Going to: dc2-grid-04.brunel.ac.uk:1095
130819 20:04:02 001 Xrd: GoToAnotherServer: Going to: dc2-grid-pool-00.brunel.ac.uk:1095
130819 20:04:07 001 Xrd: GoToAnotherServer: Going to: dc2-grid-pool-00.brunel.ac.uk:1095
130819 20:04:13 001 Xrd: GoToAnotherServer: Going to: dc2-grid-pool-00.brunel.ac.uk:1095
Number of events processed per minute: 55497.9
Real time 0:11:47, CP time 49.190
Finishing up analysis and writing histograms do disk (wait for "Analysis finished")
total number of processed events: 45499
number of events without electrons: 0
number of events with too high pileup: 0
Real time 0:00:01, CP time 1.280
==========================================================
	 	 Analysis finished
==========================================================
